#
# A fatal error has been detected by the Java Runtime Environment:
#
#  SIGSEGV (0xb) at pc=0x000000011fe08ad8, pid=38945, tid=66571
#
# JRE version: Java(TM) SE Runtime Environment (7.0_79-b15) (build 1.7.0_79-b15)
# Java VM: Java HotSpot(TM) 64-Bit Server VM (24.79-b02 mixed mode bsd-amd64 compressed oops)
# Problematic frame:
# C  [libgdx-box2d64.dylib+0xaad8]  b2BlockAllocator::Allocate(int)+0x58
#
# Failed to write core dump. Core dumps have been disabled. To enable core dumping, try "ulimit -c unlimited" before starting Java again
#
# If you would like to submit a bug report, please visit:
#   http://bugreport.java.com/bugreport/crash.jsp
# The crash happened outside the Java Virtual Machine in native code.
# See problematic frame for where to report the bug.
#

---------------  T H R E A D  ---------------

Current thread (0x00007fdb68912800):  JavaThread "LWJGL Application" [_thread_in_native, id=66571, stack(0x000000011f530000,0x000000011f630000)]

siginfo:si_signo=SIGSEGV: si_errno=0, si_code=1 (SEGV_MAPERR), si_addr=0x00007fda69a57280

Registers:
RAX=0x00007fda69a57280, RBX=0x000000077b5ee748, RCX=0x000000011fe31f70, RDX=0x00007fdb69ad4e00
RSP=0x000000011f62f3a0, RBP=0x000000011f62f3c0, RSI=0x00000000000000b8, RDI=0x00007fdb69ad4e00
R8 =0x0000000000000001, R9 =0x0000000000000001, R10=0x000000010f07e72c, R11=0x000000010ea77353
R12=0x00007fdb69ad4e00, R13=0x000000077b5ee748, R14=0x00007fdb69ad4e00, R15=0x0000000000000006
RIP=0x000000011fe08ad8, EFLAGS=0x0000000000010202, ERR=0x0000000000000004
  TRAPNO=0x000000000000000e

Top of Stack: (sp=0x000000011f62f3a0)
0x000000011f62f3a0:   000000077b5ee748 0000000000000000
0x000000011f62f3b0:   00007fdb69ad4e00 000000011f62f400
0x000000011f62f3c0:   000000011f62f3f0 000000011fe1d0d7
0x000000011f62f3d0:   0000000000000001 000000077b5ee748
0x000000011f62f3e0:   000000011f62f5d0 00007fdb68912800
0x000000011f62f3f0:   000000011f62f440 000000011fe22bbe
0x000000011f62f400:   4465c0bf00000001 0000000044058dd1
0x000000011f62f410:   0000000000000000 0000000000000000
0x000000011f62f420:   0000010100000000 0000000000000001
0x000000011f62f430:   0000000000000000 000000003f800000
0x000000011f62f440:   000000011f62f528 000000010f07e758
0x000000011f62f450:   0000000000000000 0000000000000000
0x000000011f62f460:   0000000000000001 000000003f800000
0x000000011f62f470:   000000011f62f4d0 000000077af0f488
0x000000011f62f480:   0000000000000000 000000077af0e370
0x000000011f62f490:   0000000000000000 000000011f62f4b0
0x000000011f62f4a0:   000000011f62f518 000000010f072058
0x000000011f62f4b0:   000000000000000c 00000007d5bfe250
0x000000011f62f4c0:   00000007d5be9b58 0000000000019e7c
0x000000011f62f4d0:   00000007d5b68260 000000011f62f4d8
0x000000011f62f4e0:   000000077af0d301 000000011f62f4e8
0x000000011f62f4f0:   000000077b5ee748 000000011f62f5d0
0x000000011f62f500:   000000077b606e30 0000000000000000
0x000000011f62f510:   000000077b5ee748 0000000000000000
0x000000011f62f520:   000000011f62f548 000000011f62f618
0x000000011f62f530:   000000010f072175 0000000000000000
0x000000011f62f540:   000000010f07acd7 000000013f800000
0x000000011f62f550:   0000000000000001 0000000000000000
0x000000011f62f560:   0000000000000000 0000000000000001
0x000000011f62f570:   0000000000000001 0000000100000000
0x000000011f62f580:   0000000700000000 0000000000000000
0x000000011f62f590:   0000000700000000 0000000000000000 

Instructions: (pc=0x000000011fe08ad8)
0x000000011fe08ab8:   48 8d 0d b1 94 02 00 44 0f b6 3c 08 49 83 ff 0e
0x000000011fe08ac8:   0f 83 9c 01 00 00 4b 8b 44 fc 10 48 85 c0 74 0d
0x000000011fe08ad8:   48 8b 08 4b 89 4c fc 10 e9 5d 01 00 00 41 8b 7c
0x000000011fe08ae8:   24 08 41 3b 7c 24 0c 75 52 4d 8b 34 24 83 ef 80 

Register to memory mapping:

RAX=0x00007fda69a57280 is an unknown value
RBX=0x000000077b5ee748 is an oop
{method} 
 - klass: {other class}
RCX=0x000000011fe31f70: _ZN16b2BlockAllocator17s_blockSizeLookupE+0 in /private/var/folders/88/17bh8lj57g7clr2df1qr8vvw0000gp/T/libgdxEnglishWords/829212b4/libgdx-box2d64.dylib at 0x000000011fdfe000
RDX=0x00007fdb69ad4e00 is an unknown value
RSP=0x000000011f62f3a0 is pointing into the stack for thread: 0x00007fdb68912800
RBP=0x000000011f62f3c0 is pointing into the stack for thread: 0x00007fdb68912800
RSI=0x00000000000000b8 is an unknown value
RDI=0x00007fdb69ad4e00 is an unknown value
R8 =0x0000000000000001 is an unknown value
R9 =0x0000000000000001 is an unknown value
R10=0x000000010f07e72c is at code_begin+620 in an Interpreter codelet
method entry point (kind = native)  [0x000000010f07e4c0, 0x000000010f07ed00]  2112 bytes
R11=0x000000010ea77353: throw_unsatisfied_link_error+0 in /Library/Java/JavaVirtualMachines/jdk1.7.0_79.jdk/Contents/Home/jre/lib/server/libjvm.dylib at 0x000000010e600000
R12=0x00007fdb69ad4e00 is an unknown value
R13=0x000000077b5ee748 is an oop
{method} 
 - klass: {other class}
R14=0x00007fdb69ad4e00 is an unknown value
R15=0x0000000000000006 is an unknown value


Stack: [0x000000011f530000,0x000000011f630000],  sp=0x000000011f62f3a0,  free space=1020k
Native frames: (J=compiled Java code, j=interpreted, Vv=VM code, C=native code)
C  [libgdx-box2d64.dylib+0xaad8]  b2BlockAllocator::Allocate(int)+0x58
C  [libgdx-box2d64.dylib+0x1f0d7]  b2World::CreateBody(b2BodyDef const*)+0x27
C  [libgdx-box2d64.dylib+0x24bbe]  Java_com_badlogic_gdx_physics_box2d_World_jniCreateBody+0x9e
j  com.badlogic.gdx.physics.box2d.World.jniCreateBody(JIFFFFFFFFZZZZZF)J+0
j  com.badlogic.gdx.physics.box2d.World.createBody(Lcom/badlogic/gdx/physics/box2d/BodyDef;)Lcom/badlogic/gdx/physics/box2d/Body;+80
j  com.pomavau.crimson.Model.Bullet.createBodyBullet(Lcom/badlogic/gdx/physics/box2d/World;)V+72
j  com.pomavau.crimson.Model.Bullet.<init>(Lcom/badlogic/gdx/graphics/Texture;FFFFLcom/badlogic/gdx/physics/box2d/World;Lcom/pomavau/crimson/Controller/BulletType;)V+59
j  com.pomavau.crimson.Screens.GameScreen.shot()V+92
J 252 C2 com.pomavau.crimson.Screens.GameScreen.render(F)V (1042 bytes) @ 0x000000010f1b6dc8 [0x000000010f1b5a20+0x13a8]
j  com.badlogic.gdx.Game.render()V+19
j  com.pomavau.crimson.crimsonTD.render()V+1
j  com.badlogic.gdx.backends.lwjgl.LwjglApplication.mainLoop()V+684
j  com.badlogic.gdx.backends.lwjgl.LwjglApplication$1.run()V+27
v  ~StubRoutines::call_stub
V  [libjvm.dylib+0x2dbef8]  JavaCalls::call_helper(JavaValue*, methodHandle*, JavaCallArguments*, Thread*)+0x22a
V  [libjvm.dylib+0x2dc40f]  JavaCalls::call_virtual(JavaValue*, KlassHandle, Symbol*, Symbol*, JavaCallArguments*, Thread*)+0x11b
V  [libjvm.dylib+0x2dc54c]  JavaCalls::call_virtual(JavaValue*, Handle, KlassHandle, Symbol*, Symbol*, Thread*)+0x4a
V  [libjvm.dylib+0x32b43a]  thread_entry(JavaThread*, Thread*)+0xad
V  [libjvm.dylib+0x4f759d]  JavaThread::thread_main_inner()+0x9b
V  [libjvm.dylib+0x4f8ca5]  JavaThread::run()+0x1a3
V  [libjvm.dylib+0x421c4e]  java_start(Thread*)+0x126
C  [libsystem_pthread.dylib+0x405a]  _pthread_body+0x83
C  [libsystem_pthread.dylib+0x3fd7]  _pthread_body+0x0
C  [libsystem_pthread.dylib+0x13ed]  thread_start+0xd

Java frames: (J=compiled Java code, j=interpreted, Vv=VM code)
j  com.badlogic.gdx.physics.box2d.World.jniCreateBody(JIFFFFFFFFZZZZZF)J+0
j  com.badlogic.gdx.physics.box2d.World.createBody(Lcom/badlogic/gdx/physics/box2d/BodyDef;)Lcom/badlogic/gdx/physics/box2d/Body;+80
j  com.pomavau.crimson.Model.Bullet.createBodyBullet(Lcom/badlogic/gdx/physics/box2d/World;)V+72
j  com.pomavau.crimson.Model.Bullet.<init>(Lcom/badlogic/gdx/graphics/Texture;FFFFLcom/badlogic/gdx/physics/box2d/World;Lcom/pomavau/crimson/Controller/BulletType;)V+59
j  com.pomavau.crimson.Screens.GameScreen.shot()V+92
J 252 C2 com.pomavau.crimson.Screens.GameScreen.render(F)V (1042 bytes) @ 0x000000010f1b6dc8 [0x000000010f1b5a20+0x13a8]
j  com.badlogic.gdx.Game.render()V+19
j  com.pomavau.crimson.crimsonTD.render()V+1
j  com.badlogic.gdx.backends.lwjgl.LwjglApplication.mainLoop()V+684
j  com.badlogic.gdx.backends.lwjgl.LwjglApplication$1.run()V+27
v  ~StubRoutines::call_stub

---------------  P R O C E S S  ---------------

Java Threads: ( => current thread )
  0x00007fdb698e6000 JavaThread "AWT-Shutdown" [_thread_blocked, id=28187, stack(0x000000011c6ef000,0x000000011c7ef000)]
  0x00007fdb68913000 JavaThread "DestroyJavaVM" [_thread_blocked, id=4867, stack(0x000000010dcb5000,0x000000010ddb5000)]
=>0x00007fdb68912800 JavaThread "LWJGL Application" [_thread_in_native, id=66571, stack(0x000000011f530000,0x000000011f630000)]
  0x00007fdb698d7000 JavaThread "AppKit Thread" daemon [_thread_in_native, id=1811, stack(0x00007fff51fe6000,0x00007fff52066000)]
  0x00007fdb6a09d000 JavaThread "Monitor Ctrl-Break" daemon [_thread_in_native, id=18435, stack(0x000000011a876000,0x000000011a976000)]
  0x00007fdb6a010800 JavaThread "Service Thread" daemon [_thread_blocked, id=17411, stack(0x000000011a480000,0x000000011a580000)]
  0x00007fdb6a00f800 JavaThread "C2 CompilerThread1" daemon [_thread_blocked, id=16899, stack(0x000000011a37d000,0x000000011a47d000)]
  0x00007fdb6a00c000 JavaThread "C2 CompilerThread0" daemon [_thread_blocked, id=16387, stack(0x000000011a27a000,0x000000011a37a000)]
  0x00007fdb6a00b000 JavaThread "Signal Dispatcher" daemon [_thread_blocked, id=14091, stack(0x000000011a177000,0x000000011a277000)]
  0x00007fdb69012800 JavaThread "Finalizer" daemon [_thread_blocked, id=11523, stack(0x00000001187da000,0x00000001188da000)]
  0x00007fdb6880d800 JavaThread "Reference Handler" daemon [_thread_blocked, id=11011, stack(0x00000001186d7000,0x00000001187d7000)]

Other Threads:
  0x00007fdb6880b000 VMThread [stack: 0x00000001185d4000,0x00000001186d4000] [id=10499]
  0x00007fdb68828800 WatcherThread [stack: 0x000000011a583000,0x000000011a683000] [id=17923]

VM state:not at safepoint (normal execution)

VM Mutex/Monitor currently owned by a thread: None

Heap
 PSYoungGen      total 38912K, used 10505K [0x00000007d5500000, 0x00000007d8000000, 0x0000000800000000)
  eden space 33792K, 21% used [0x00000007d5500000,0x00000007d5c38ed8,0x00000007d7600000)
  from space 5120K, 60% used [0x00000007d7b00000,0x00000007d7e09670,0x00000007d8000000)
  to   space 5120K, 0% used [0x00000007d7600000,0x00000007d7600000,0x00000007d7b00000)
 ParOldGen       total 87040K, used 147K [0x0000000780000000, 0x0000000785500000, 0x00000007d5500000)
  object space 87040K, 0% used [0x0000000780000000,0x0000000780024ed0,0x0000000785500000)
 PSPermGen       total 21504K, used 9273K [0x000000077ae00000, 0x000000077c300000, 0x0000000780000000)
  object space 21504K, 43% used [0x000000077ae00000,0x000000077b70e710,0x000000077c300000)

Card table byte_map: [0x000000011212c000,0x0000000112556000] byte_map_base: 0x000000010e555000

Polling page: 0x000000010ddf4000

Code Cache  [0x000000010f06c000, 0x000000010f2dc000, 0x000000011206c000)
 total_blobs=681 nmethods=253 adapters=382 free_code_cache=47833Kb largest_free_block=48932608

Compilation events (10 events):
Event: 13.834 Thread 0x00007fdb6a00f800  250             com.badlogic.gdx.physics.box2d.Body::setTransform (18 bytes)
Event: 13.835 Thread 0x00007fdb6a00f800 nmethod 250 0x000000010f1a49d0 code [0x000000010f1a4b20, 0x000000010f1a4bc8]
Event: 13.867 Thread 0x00007fdb6a00c000  252   !         com.pomavau.crimson.Screens.GameScreen::render (1042 bytes)
Event: 14.120 Thread 0x00007fdb6a00c000 nmethod 252 0x000000010f1b4e50 code [0x000000010f1b5a20, 0x000000010f1ba5f8]
Event: 14.185 Thread 0x00007fdb6a00f800  254             com.pomavau.crimson.Model.Bullet::act (152 bytes)
Event: 14.185 Thread 0x00007fdb6a00c000  255             com.badlogic.gdx.physics.box2d.Body::setLinearVelocity (17 bytes)
Event: 14.185 Thread 0x00007fdb6a00c000 nmethod 255 0x000000010f1b4b90 code [0x000000010f1b4ce0, 0x000000010f1b4d88]
Event: 14.188 Thread 0x00007fdb6a00f800 nmethod 254 0x000000010f1a41d0 code [0x000000010f1a43c0, 0x000000010f1a4738]
Event: 14.586 Thread 0x00007fdb6a00c000  256             com.badlogic.gdx.math.Matrix4::mul (13 bytes)
Event: 14.587 Thread 0x00007fdb6a00c000 nmethod 256 0x000000010f1a3f10 code [0x000000010f1a4060, 0x000000010f1a4108]

GC Heap History (4 events):
Event: 2.486 GC heap before
{Heap before GC invocations=1 (full 0):
 PSYoungGen      total 38912K, used 33792K [0x00000007d5500000, 0x00000007d8000000, 0x0000000800000000)
  eden space 33792K, 100% used [0x00000007d5500000,0x00000007d7600000,0x00000007d7600000)
  from space 5120K, 0% used [0x00000007d7b00000,0x00000007d7b00000,0x00000007d8000000)
  to   space 5120K, 0% used [0x00000007d7600000,0x00000007d7600000,0x00000007d7b00000)
 ParOldGen       total 87040K, used 0K [0x0000000780000000, 0x0000000785500000, 0x00000007d5500000)
  object space 87040K, 0% used [0x0000000780000000,0x0000000780000000,0x0000000785500000)
 PSPermGen       total 21504K, used 9017K [0x000000077ae00000, 0x000000077c300000, 0x0000000780000000)
  object space 21504K, 41% used [0x000000077ae00000,0x000000077b6ce6d0,0x000000077c300000)
Event: 2.493 GC heap after
Heap after GC invocations=1 (full 0):
 PSYoungGen      total 38912K, used 5118K [0x00000007d5500000, 0x00000007d8000000, 0x0000000800000000)
  eden space 33792K, 0% used [0x00000007d5500000,0x00000007d5500000,0x00000007d7600000)
  from space 5120K, 99% used [0x00000007d7600000,0x00000007d7aff980,0x00000007d7b00000)
  to   space 5120K, 0% used [0x00000007d7b00000,0x00000007d7b00000,0x00000007d8000000)
 ParOldGen       total 87040K, used 75K [0x0000000780000000, 0x0000000785500000, 0x00000007d5500000)
  object space 87040K, 0% used [0x0000000780000000,0x0000000780012ec0,0x0000000785500000)
 PSPermGen       total 21504K, used 9017K [0x000000077ae00000, 0x000000077c300000, 0x0000000780000000)
  object space 21504K, 41% used [0x000000077ae00000,0x000000077b6ce6d0,0x000000077c300000)
}
Event: 13.818 GC heap before
{Heap before GC invocations=2 (full 0):
 PSYoungGen      total 38912K, used 38910K [0x00000007d5500000, 0x00000007d8000000, 0x0000000800000000)
  eden space 33792K, 100% used [0x00000007d5500000,0x00000007d7600000,0x00000007d7600000)
  from space 5120K, 99% used [0x00000007d7600000,0x00000007d7aff980,0x00000007d7b00000)
  to   space 5120K, 0% used [0x00000007d7b00000,0x00000007d7b00000,0x00000007d8000000)
 ParOldGen       total 87040K, used 75K [0x0000000780000000, 0x0000000785500000, 0x00000007d5500000)
  object space 87040K, 0% used [0x0000000780000000,0x0000000780012ec0,0x0000000785500000)
 PSPermGen       total 21504K, used 9266K [0x000000077ae00000, 0x000000077c300000, 0x0000000780000000)
  object space 21504K, 43% used [0x000000077ae00000,0x000000077b70c880,0x000000077c300000)
Event: 13.821 GC heap after
Heap after GC invocations=2 (full 0):
 PSYoungGen      total 38912K, used 3109K [0x00000007d5500000, 0x00000007d8000000, 0x0000000800000000)
  eden space 33792K, 0% used [0x00000007d5500000,0x00000007d5500000,0x00000007d7600000)
  from space 5120K, 60% used [0x00000007d7b00000,0x00000007d7e09670,0x00000007d8000000)
  to   space 5120K, 0% used [0x00000007d7600000,0x00000007d7600000,0x00000007d7b00000)
 ParOldGen       total 87040K, used 147K [0x0000000780000000, 0x0000000785500000, 0x00000007d5500000)
  object space 87040K, 0% used [0x0000000780000000,0x0000000780024ed0,0x0000000785500000)
 PSPermGen       total 21504K, used 9266K [0x000000077ae00000, 0x000000077c300000, 0x0000000780000000)
  object space 21504K, 43% used [0x000000077ae00000,0x000000077b70c880,0x000000077c300000)
}

Deoptimization events (6 events):
Event: 1.571 Thread 0x00007fdb68912800 Uncommon trap: reason=intrinsic action=make_not_entrant pc=0x000000010f121c78 method=com.badlogic.gdx.graphics.g2d.freetype.FreeType$Bitmap.getPixmap(Lcom/badlogic/gdx/graphics/Pixmap$Format;Lcom/badlogic/gdx/graphics/Color;F)Lcom/badlogic/gdx/graphics/Pi
Event: 1.682 Thread 0x00007fdb68912800 Uncommon trap: reason=unreached action=reinterpret pc=0x000000010f134734 method=com.badlogic.gdx.graphics.g2d.freetype.FreeTypeFontGenerator.generateData(Lcom/badlogic/gdx/graphics/g2d/freetype/FreeTypeFontGenerator$FreeTypeFontParameter;Lcom/badlogic/gdx
Event: 5.726 Thread 0x00007fdb68912800 Uncommon trap: reason=array_check action=maybe_recompile pc=0x000000010f1653b4 method=com.badlogic.gdx.utils.Array.add(Ljava/lang/Object;)V @ 46
Event: 6.395 Thread 0x00007fdb68912800 Uncommon trap: reason=array_check action=maybe_recompile pc=0x000000010f1653b4 method=com.badlogic.gdx.utils.Array.add(Ljava/lang/Object;)V @ 46
Event: 6.897 Thread 0x00007fdb68912800 Uncommon trap: reason=array_check action=maybe_recompile pc=0x000000010f1653b4 method=com.badlogic.gdx.utils.Array.add(Ljava/lang/Object;)V @ 46
Event: 7.106 Thread 0x00007fdb68912800 Uncommon trap: reason=array_check action=maybe_recompile pc=0x000000010f1653b4 method=com.badlogic.gdx.utils.Array.add(Ljava/lang/Object;)V @ 46

Internal exceptions (10 events):
Event: 2.551 Thread 0x00007fdb68912800 Threw 0x00000007d555e518 at /HUDSON/workspace/7u-2-build-macosx-x86_64/jdk7u79/2331/hotspot/src/share/vm/prims/jvm.cpp:1304
Event: 2.560 Thread 0x00007fdb68912800 Threw 0x00000007d5565ac0 at /HUDSON/workspace/7u-2-build-macosx-x86_64/jdk7u79/2331/hotspot/src/share/vm/prims/jvm.cpp:1304
Event: 2.561 Thread 0x00007fdb68912800 Threw 0x00000007d556c228 at /HUDSON/workspace/7u-2-build-macosx-x86_64/jdk7u79/2331/hotspot/src/share/vm/prims/jvm.cpp:1304
Event: 3.235 Thread 0x00007fdb68912800 Threw 0x00000007d5572cd0 at /HUDSON/workspace/7u-2-build-macosx-x86_64/jdk7u79/2331/hotspot/src/share/vm/prims/jvm.cpp:1304
Event: 3.973 Thread 0x00007fdb68912800 Threw 0x00000007d557f928 at /HUDSON/workspace/7u-2-build-macosx-x86_64/jdk7u79/2331/hotspot/src/share/vm/prims/jvm.cpp:1304
Event: 3.975 Thread 0x00007fdb68912800 Threw 0x00000007d5585380 at /HUDSON/workspace/7u-2-build-macosx-x86_64/jdk7u79/2331/hotspot/src/share/vm/prims/jvm.cpp:1304
Event: 3.976 Thread 0x00007fdb68912800 Threw 0x00000007d558a680 at /HUDSON/workspace/7u-2-build-macosx-x86_64/jdk7u79/2331/hotspot/src/share/vm/prims/jvm.cpp:1304
Event: 4.205 Thread 0x00007fdb68912800 Threw 0x00000007d55ff748 at /HUDSON/workspace/7u-2-build-macosx-x86_64/jdk7u79/2331/hotspot/src/share/vm/prims/jvm.cpp:1304
Event: 4.274 Thread 0x00007fdb68912800 Threw 0x00000007d560eb20 at /HUDSON/workspace/7u-2-build-macosx-x86_64/jdk7u79/2331/hotspot/src/share/vm/prims/jvm.cpp:1304
Event: 4.274 Thread 0x00007fdb68912800 Threw 0x00000007d5613e58 at /HUDSON/workspace/7u-2-build-macosx-x86_64/jdk7u79/2331/hotspot/src/share/vm/prims/jvm.cpp:1304

Events (10 events):
Event: 13.824 Executing VM operation: RevokeBias done
Event: 13.824 Executing VM operation: RevokeBias
Event: 13.824 Executing VM operation: RevokeBias done
Event: 13.824 Executing VM operation: RevokeBias
Event: 13.824 Executing VM operation: RevokeBias done
Event: 13.824 Executing VM operation: BulkRevokeBias
Event: 13.824 Executing VM operation: BulkRevokeBias done
Event: 13.824 Executing VM operation: BulkRevokeBias
Event: 13.824 Executing VM operation: BulkRevokeBias done
Event: 13.835 Thread 0x00007fdb6a00f800 flushing nmethod 0x000000010f165110


Dynamic libraries:
0x0000000005095000 	/System/Library/Frameworks/Cocoa.framework/Versions/A/Cocoa
0x0000000005095000 	/System/Library/Frameworks/Security.framework/Versions/A/Security
0x0000000005095000 	/System/Library/Frameworks/ApplicationServices.framework/Versions/A/ApplicationServices
0x0000000005095000 	/usr/lib/libz.1.dylib
0x0000000005095000 	/usr/lib/libSystem.B.dylib
0x0000000005095000 	/usr/lib/libobjc.A.dylib
0x0000000005095000 	/System/Library/Frameworks/CoreFoundation.framework/Versions/A/CoreFoundation
0x0000000005095000 	/System/Library/Frameworks/Foundation.framework/Versions/C/Foundation
0x0000000005095000 	/System/Library/Frameworks/AppKit.framework/Versions/C/AppKit
0x0000000005095000 	/System/Library/Frameworks/CoreData.framework/Versions/A/CoreData
0x0000000005095000 	/System/Library/PrivateFrameworks/RemoteViewServices.framework/Versions/A/RemoteViewServices
0x0000000005095000 	/System/Library/PrivateFrameworks/UIFoundation.framework/Versions/A/UIFoundation
0x0000000005095000 	/System/Library/Frameworks/IOSurface.framework/Versions/A/IOSurface
0x0000000005095000 	/System/Library/Frameworks/AudioToolbox.framework/Versions/A/AudioToolbox
0x0000000005095000 	/System/Library/Frameworks/AudioUnit.framework/Versions/A/AudioUnit
0x0000000005095000 	/System/Library/PrivateFrameworks/DataDetectorsCore.framework/Versions/A/DataDetectorsCore
0x0000000005095000 	/System/Library/PrivateFrameworks/DesktopServicesPriv.framework/Versions/A/DesktopServicesPriv
0x0000000005095000 	/System/Library/Frameworks/Carbon.framework/Versions/A/Frameworks/HIToolbox.framework/Versions/A/HIToolbox
0x0000000005095000 	/System/Library/Frameworks/QuartzCore.framework/Versions/A/QuartzCore
0x0000000005095000 	/System/Library/Frameworks/Carbon.framework/Versions/A/Frameworks/SpeechRecognition.framework/Versions/A/SpeechRecognition
0x0000000005095000 	/usr/lib/libauto.dylib
0x0000000005095000 	/usr/lib/libicucore.A.dylib
0x0000000005095000 	/usr/lib/libxml2.2.dylib
0x0000000005095000 	/System/Library/PrivateFrameworks/CoreUI.framework/Versions/A/CoreUI
0x0000000005095000 	/System/Library/Frameworks/CoreAudio.framework/Versions/A/CoreAudio
0x0000000005095000 	/System/Library/Frameworks/DiskArbitration.framework/Versions/A/DiskArbitration
0x0000000005095000 	/usr/lib/liblangid.dylib
0x0000000005095000 	/System/Library/PrivateFrameworks/MultitouchSupport.framework/Versions/A/MultitouchSupport
0x0000000005095000 	/System/Library/Frameworks/IOKit.framework/Versions/A/IOKit
0x0000000005095000 	/usr/lib/libDiagnosticMessagesClient.dylib
0x0000000005095000 	/System/Library/Frameworks/CoreServices.framework/Versions/A/CoreServices
0x0000000005095000 	/System/Library/PrivateFrameworks/PerformanceAnalysis.framework/Versions/A/PerformanceAnalysis
0x0000000005095000 	/System/Library/PrivateFrameworks/GenerationalStorage.framework/Versions/A/GenerationalStorage
0x0000000005095000 	/System/Library/Frameworks/OpenGL.framework/Versions/A/OpenGL
0x0000000005095000 	/System/Library/PrivateFrameworks/Sharing.framework/Versions/A/Sharing
0x0000000005095000 	/System/Library/Frameworks/CoreGraphics.framework/Versions/A/CoreGraphics
0x0000000005095000 	/System/Library/Frameworks/CoreText.framework/Versions/A/CoreText
0x0000000005095000 	/System/Library/Frameworks/ImageIO.framework/Versions/A/ImageIO
0x0000000005095000 	/usr/lib/libextension.dylib
0x0000000005095000 	/System/Library/PrivateFrameworks/Backup.framework/Versions/A/Backup
0x0000000005095000 	/usr/lib/libarchive.2.dylib
0x0000000005095000 	/System/Library/Frameworks/CFNetwork.framework/Versions/A/CFNetwork
0x0000000005095000 	/System/Library/Frameworks/SystemConfiguration.framework/Versions/A/SystemConfiguration
0x0000000005095000 	/usr/lib/libCRFSuite.dylib
0x0000000005095000 	/usr/lib/libc++.1.dylib
0x0000000005095000 	/usr/lib/libc++abi.dylib
0x0000000005095000 	/usr/lib/system/libcache.dylib
0x0000000005095000 	/usr/lib/system/libcommonCrypto.dylib
0x0000000005095000 	/usr/lib/system/libcompiler_rt.dylib
0x0000000005095000 	/usr/lib/system/libcopyfile.dylib
0x0000000005095000 	/usr/lib/system/libcorecrypto.dylib
0x0000000005095000 	/usr/lib/system/libdispatch.dylib
0x0000000005095000 	/usr/lib/system/libdyld.dylib
0x0000000005095000 	/usr/lib/system/libkeymgr.dylib
0x0000000005095000 	/usr/lib/system/liblaunch.dylib
0x0000000005095000 	/usr/lib/system/libmacho.dylib
0x0000000005095000 	/usr/lib/system/libquarantine.dylib
0x0000000005095000 	/usr/lib/system/libremovefile.dylib
0x0000000005095000 	/usr/lib/system/libsystem_asl.dylib
0x0000000005095000 	/usr/lib/system/libsystem_blocks.dylib
0x0000000005095000 	/usr/lib/system/libsystem_c.dylib
0x0000000005095000 	/usr/lib/system/libsystem_configuration.dylib
0x0000000005095000 	/usr/lib/system/libsystem_coreservices.dylib
0x0000000005095000 	/usr/lib/system/libsystem_coretls.dylib
0x0000000005095000 	/usr/lib/system/libsystem_dnssd.dylib
0x0000000005095000 	/usr/lib/system/libsystem_info.dylib
0x0000000005095000 	/usr/lib/system/libsystem_kernel.dylib
0x0000000005095000 	/usr/lib/system/libsystem_m.dylib
0x0000000005095000 	/usr/lib/system/libsystem_malloc.dylib
0x0000000005095000 	/usr/lib/system/libsystem_network.dylib
0x0000000005095000 	/usr/lib/system/libsystem_networkextension.dylib
0x0000000005095000 	/usr/lib/system/libsystem_notify.dylib
0x0000000005095000 	/usr/lib/system/libsystem_platform.dylib
0x0000000005095000 	/usr/lib/system/libsystem_pthread.dylib
0x0000000005095000 	/usr/lib/system/libsystem_sandbox.dylib
0x0000000005095000 	/usr/lib/system/libsystem_secinit.dylib
0x0000000005095000 	/usr/lib/system/libsystem_stats.dylib
0x0000000005095000 	/usr/lib/system/libsystem_trace.dylib
0x0000000005095000 	/usr/lib/system/libunc.dylib
0x0000000005095000 	/usr/lib/system/libunwind.dylib
0x0000000005095000 	/usr/lib/system/libxpc.dylib
0x0000000005095000 	/usr/lib/libbz2.1.0.dylib
0x0000000005095000 	/usr/lib/liblzma.5.dylib
0x0000000005095000 	/usr/lib/libbsm.0.dylib
0x0000000005095000 	/usr/lib/libsqlite3.dylib
0x0000000005095000 	/usr/lib/system/libkxld.dylib
0x0000000005095000 	/usr/lib/libxar.1.dylib
0x0000000005095000 	/usr/lib/libpam.2.dylib
0x0000000005095000 	/usr/lib/libOpenScriptingUtil.dylib
0x0000000005095000 	/System/Library/Frameworks/CoreServices.framework/Versions/A/Frameworks/FSEvents.framework/Versions/A/FSEvents
0x0000000005095000 	/System/Library/Frameworks/CoreServices.framework/Versions/A/Frameworks/CarbonCore.framework/Versions/A/CarbonCore
0x0000000005095000 	/System/Library/Frameworks/CoreServices.framework/Versions/A/Frameworks/Metadata.framework/Versions/A/Metadata
0x0000000005095000 	/System/Library/Frameworks/CoreServices.framework/Versions/A/Frameworks/OSServices.framework/Versions/A/OSServices
0x0000000005095000 	/System/Library/Frameworks/CoreServices.framework/Versions/A/Frameworks/SearchKit.framework/Versions/A/SearchKit
0x0000000005095000 	/System/Library/Frameworks/CoreServices.framework/Versions/A/Frameworks/AE.framework/Versions/A/AE
0x0000000005095000 	/System/Library/Frameworks/CoreServices.framework/Versions/A/Frameworks/LaunchServices.framework/Versions/A/LaunchServices
0x0000000005095000 	/System/Library/Frameworks/CoreServices.framework/Versions/A/Frameworks/DictionaryServices.framework/Versions/A/DictionaryServices
0x0000000005095000 	/System/Library/Frameworks/NetFS.framework/Versions/A/NetFS
0x0000000005095000 	/System/Library/PrivateFrameworks/NetAuth.framework/Versions/A/NetAuth
0x0000000005095000 	/System/Library/PrivateFrameworks/login.framework/Versions/A/Frameworks/loginsupport.framework/Versions/A/loginsupport
0x0000000005095000 	/System/Library/PrivateFrameworks/TCC.framework/Versions/A/TCC
0x0000000005095000 	/usr/lib/libmecabra.dylib
0x0000000005095000 	/System/Library/Frameworks/ApplicationServices.framework/Versions/A/Frameworks/ATS.framework/Versions/A/ATS
0x0000000005095000 	/System/Library/Frameworks/ApplicationServices.framework/Versions/A/Frameworks/ColorSync.framework/Versions/A/ColorSync
0x0000000005095000 	/System/Library/Frameworks/ApplicationServices.framework/Versions/A/Frameworks/HIServices.framework/Versions/A/HIServices
0x0000000005095000 	/System/Library/Frameworks/ApplicationServices.framework/Versions/A/Frameworks/LangAnalysis.framework/Versions/A/LangAnalysis
0x0000000005095000 	/System/Library/Frameworks/ApplicationServices.framework/Versions/A/Frameworks/PrintCore.framework/Versions/A/PrintCore
0x0000000005095000 	/System/Library/Frameworks/ApplicationServices.framework/Versions/A/Frameworks/QD.framework/Versions/A/QD
0x0000000005095000 	/System/Library/Frameworks/ApplicationServices.framework/Versions/A/Frameworks/SpeechSynthesis.framework/Versions/A/SpeechSynthesis
0x0000000005095000 	/System/Library/Frameworks/Accelerate.framework/Versions/A/Accelerate
0x0000000005095000 	/System/Library/Frameworks/Accelerate.framework/Versions/A/Frameworks/vImage.framework/Versions/A/vImage
0x0000000005095000 	/System/Library/Frameworks/Accelerate.framework/Versions/A/Frameworks/vecLib.framework/Versions/A/vecLib
0x0000000005095000 	/System/Library/Frameworks/Accelerate.framework/Versions/A/Frameworks/vecLib.framework/Versions/A/libvDSP.dylib
0x0000000005095000 	/System/Library/Frameworks/Accelerate.framework/Versions/A/Frameworks/vecLib.framework/Versions/A/libvMisc.dylib
0x0000000005095000 	/System/Library/Frameworks/Accelerate.framework/Versions/A/Frameworks/vecLib.framework/Versions/A/libLAPACK.dylib
0x0000000005095000 	/System/Library/Frameworks/Accelerate.framework/Versions/A/Frameworks/vecLib.framework/Versions/A/libBLAS.dylib
0x0000000005095000 	/System/Library/Frameworks/Accelerate.framework/Versions/A/Frameworks/vecLib.framework/Versions/A/libLinearAlgebra.dylib
0x0000000005095000 	/System/Library/Frameworks/ApplicationServices.framework/Versions/A/Frameworks/ATS.framework/Versions/A/Resources/libFontParser.dylib
0x0000000005095000 	/System/Library/Frameworks/ApplicationServices.framework/Versions/A/Frameworks/ATS.framework/Versions/A/Resources/libFontRegistry.dylib
0x0000000005095000 	/System/Library/PrivateFrameworks/AppleVPA.framework/Versions/A/AppleVPA
0x0000000005095000 	/System/Library/PrivateFrameworks/AppleJPEG.framework/Versions/A/AppleJPEG
0x0000000005095000 	/System/Library/Frameworks/ImageIO.framework/Versions/A/Resources/libJPEG.dylib
0x0000000005095000 	/System/Library/Frameworks/ImageIO.framework/Versions/A/Resources/libTIFF.dylib
0x0000000005095000 	/System/Library/Frameworks/ImageIO.framework/Versions/A/Resources/libPng.dylib
0x0000000005095000 	/System/Library/Frameworks/ImageIO.framework/Versions/A/Resources/libGIF.dylib
0x0000000005095000 	/System/Library/Frameworks/ImageIO.framework/Versions/A/Resources/libJP2.dylib
0x0000000005095000 	/System/Library/Frameworks/ImageIO.framework/Versions/A/Resources/libRadiance.dylib
0x0000000005095000 	/System/Library/Frameworks/CoreVideo.framework/Versions/A/CoreVideo
0x0000000005095000 	/System/Library/Frameworks/OpenGL.framework/Versions/A/Libraries/libGLU.dylib
0x0000000005095000 	/System/Library/Frameworks/OpenGL.framework/Versions/A/Libraries/libGFXShared.dylib
0x0000000005095000 	/System/Library/Frameworks/OpenGL.framework/Versions/A/Libraries/libGL.dylib
0x0000000005095000 	/System/Library/Frameworks/OpenGL.framework/Versions/A/Libraries/libGLImage.dylib
0x0000000005095000 	/System/Library/Frameworks/OpenGL.framework/Versions/A/Libraries/libCVMSPluginSupport.dylib
0x0000000005095000 	/System/Library/Frameworks/OpenGL.framework/Versions/A/Libraries/libCoreVMClient.dylib
0x0000000005095000 	/usr/lib/libcups.2.dylib
0x0000000005095000 	/System/Library/Frameworks/Kerberos.framework/Versions/A/Kerberos
0x0000000005095000 	/System/Library/Frameworks/GSS.framework/Versions/A/GSS
0x0000000005095000 	/usr/lib/libresolv.9.dylib
0x0000000005095000 	/usr/lib/libiconv.2.dylib
0x0000000005095000 	/System/Library/PrivateFrameworks/Heimdal.framework/Versions/A/Heimdal
0x0000000005095000 	/usr/lib/libheimdal-asn1.dylib
0x0000000005095000 	/System/Library/Frameworks/OpenDirectory.framework/Versions/A/OpenDirectory
0x0000000005095000 	/System/Library/PrivateFrameworks/CommonAuth.framework/Versions/A/CommonAuth
0x0000000005095000 	/System/Library/Frameworks/OpenDirectory.framework/Versions/A/Frameworks/CFOpenDirectory.framework/Versions/A/CFOpenDirectory
0x0000000005095000 	/System/Library/Frameworks/SecurityFoundation.framework/Versions/A/SecurityFoundation
0x0000000005095000 	/System/Library/PrivateFrameworks/LanguageModeling.framework/Versions/A/LanguageModeling
0x0000000005095000 	/usr/lib/libcmph.dylib
0x0000000005095000 	/System/Library/Frameworks/ServiceManagement.framework/Versions/A/ServiceManagement
0x0000000005095000 	/usr/lib/libxslt.1.dylib
0x0000000005095000 	/System/Library/Frameworks/Carbon.framework/Versions/A/Frameworks/Ink.framework/Versions/A/Ink
0x0000000005095000 	/System/Library/Frameworks/QuartzCore.framework/Versions/A/Frameworks/CoreImage.framework/Versions/A/CoreImage
0x0000000005095000 	/System/Library/PrivateFrameworks/CrashReporterSupport.framework/Versions/A/CrashReporterSupport
0x0000000005095000 	/System/Library/Frameworks/OpenCL.framework/Versions/A/OpenCL
0x0000000005095000 	/System/Library/PrivateFrameworks/FaceCore.framework/Versions/A/FaceCore
0x0000000005095000 	/System/Library/PrivateFrameworks/Ubiquity.framework/Versions/A/Ubiquity
0x0000000005095000 	/System/Library/PrivateFrameworks/IconServices.framework/Versions/A/IconServices
0x0000000005095000 	/System/Library/PrivateFrameworks/ChunkingLibrary.framework/Versions/A/ChunkingLibrary
0x0000000005095000 	/System/Library/PrivateFrameworks/Apple80211.framework/Versions/A/Apple80211
0x0000000005095000 	/System/Library/Frameworks/CoreWLAN.framework/Versions/A/CoreWLAN
0x0000000005095000 	/System/Library/Frameworks/IOBluetooth.framework/Versions/A/IOBluetooth
0x0000000005095000 	/System/Library/PrivateFrameworks/CoreWiFi.framework/Versions/A/CoreWiFi
0x0000000005095000 	/System/Library/Frameworks/CoreBluetooth.framework/Versions/A/CoreBluetooth
0x0000000005095000 	/System/Library/PrivateFrameworks/DebugSymbols.framework/Versions/A/DebugSymbols
0x0000000005095000 	/System/Library/PrivateFrameworks/CoreSymbolication.framework/Versions/A/CoreSymbolication
0x0000000005095000 	/System/Library/PrivateFrameworks/Symbolication.framework/Versions/A/Symbolication
0x0000000005095000 	/System/Library/PrivateFrameworks/SpeechRecognitionCore.framework/Versions/A/SpeechRecognitionCore
0x00000000538e5000 	/System/Library/CoreServices/Encodings/libCyrillicConverter.dylib
0x000000010e600000 	/Library/Java/JavaVirtualMachines/jdk1.7.0_79.jdk/Contents/Home/jre/lib/server/libjvm.dylib
0x0000000005095000 	/usr/lib/libstdc++.6.dylib
0x000000010ddb7000 	/Library/Java/JavaVirtualMachines/jdk1.7.0_79.jdk/Contents/Home/jre/lib/libverify.dylib
0x000000010ddc4000 	/Library/Java/JavaVirtualMachines/jdk1.7.0_79.jdk/Contents/Home/jre/lib/libjava.dylib
0x000000010f063000 	/Library/Java/JavaVirtualMachines/jdk1.7.0_79.jdk/Contents/Home/jre/lib/libzip.dylib
0x00000001188dc000 	/System/Library/Frameworks/JavaVM.framework/Frameworks/JavaRuntimeSupport.framework/JavaRuntimeSupport
0x00000001188f2000 	/System/Library/Frameworks/JavaVM.framework/Versions/A/Frameworks/JavaNativeFoundation.framework/Versions/A/JavaNativeFoundation
0x0000000118906000 	/System/Library/Frameworks/JavaVM.framework/Versions/A/JavaVM
0x0000000005095000 	/System/Library/Frameworks/Carbon.framework/Versions/A/Carbon
0x0000000118912000 	/System/Library/PrivateFrameworks/JavaLaunching.framework/Versions/A/JavaLaunching
0x0000000005095000 	/System/Library/Frameworks/Carbon.framework/Versions/A/Frameworks/CommonPanels.framework/Versions/A/CommonPanels
0x0000000005095000 	/System/Library/Frameworks/Carbon.framework/Versions/A/Frameworks/Help.framework/Versions/A/Help
0x0000000005095000 	/System/Library/Frameworks/Carbon.framework/Versions/A/Frameworks/ImageCapture.framework/Versions/A/ImageCapture
0x0000000005095000 	/System/Library/Frameworks/Carbon.framework/Versions/A/Frameworks/OpenScripting.framework/Versions/A/OpenScripting
0x0000000005095000 	/System/Library/Frameworks/Carbon.framework/Versions/A/Frameworks/Print.framework/Versions/A/Print
0x0000000005095000 	/System/Library/Frameworks/Carbon.framework/Versions/A/Frameworks/SecurityHI.framework/Versions/A/SecurityHI
0x000000011a872000 	/Applications/Android Studio.app/Contents/bin/libbreakgen64.jnilib
0x000000011a978000 	/Library/Java/JavaVirtualMachines/jdk1.7.0_79.jdk/Contents/Home/jre/lib/libnet.dylib
0x000000011aa3f000 	/private/var/folders/88/17bh8lj57g7clr2df1qr8vvw0000gp/T/libgdxEnglishWords/ad4da71/libgdx64.dylib
0x000000011aa96000 	/Library/Java/JavaVirtualMachines/jdk1.7.0_79.jdk/Contents/Home/jre/lib/libawt.dylib
0x000000011ab45000 	/Library/Java/JavaVirtualMachines/jdk1.7.0_79.jdk/Contents/Home/jre/lib/./libmlib_image.dylib
0x000000011ac11000 	/Library/Java/JavaVirtualMachines/jdk1.7.0_79.jdk/Contents/Home/jre/lib/lwawt/liblwawt.dylib
0x000000011acc7000 	/Library/Java/JavaVirtualMachines/jdk1.7.0_79.jdk/Contents/Home/jre/lib/libosxapp.dylib
0x0000000005095000 	/System/Library/Frameworks/ExceptionHandling.framework/Versions/A/ExceptionHandling
0x0000000005095000 	/System/Library/PrivateFrameworks/CoreServicesInternal.framework/Versions/A/CoreServicesInternal
0x0000000005095000 	/System/Library/PrivateFrameworks/CloudDocs.framework/Versions/A/CloudDocs
0x0000000005095000 	/System/Library/PrivateFrameworks/CoreDuet.framework/Versions/A/CoreDuet
0x0000000005095000 	/System/Library/Frameworks/CloudKit.framework/Versions/A/CloudKit
0x0000000005095000 	/System/Library/PrivateFrameworks/ProtocolBuffer.framework/Versions/A/ProtocolBuffer
0x0000000005095000 	/System/Library/PrivateFrameworks/CoreDuetDaemonProtocol.framework/Versions/A/CoreDuetDaemonProtocol
0x0000000005095000 	/System/Library/PrivateFrameworks/CoreDuetDebugLogging.framework/Versions/A/CoreDuetDebugLogging
0x0000000005095000 	/System/Library/PrivateFrameworks/MMCS.framework/Versions/A/MMCS
0x0000000005095000 	/System/Library/Frameworks/CoreLocation.framework/Versions/A/CoreLocation
0x0000000005095000 	/System/Library/PrivateFrameworks/ProtectedCloudStorage.framework/Versions/A/ProtectedCloudStorage
0x0000000005095000 	/System/Library/PrivateFrameworks/GeoServices.framework/Versions/A/GeoServices
0x0000000005095000 	/System/Library/Frameworks/CoreGraphics.framework/Versions/A/Resources/libCGCMS.A.dylib
0x0000000005095000 	/System/Library/Frameworks/CoreGraphics.framework/Versions/A/Resources/libRIP.A.dylib
0x0000000005095000 	/System/Library/Frameworks/CoreGraphics.framework/Versions/A/Resources/libCGXType.A.dylib
0x0000000005095000 	/System/Library/Frameworks/OpenCL.framework/Versions/A/Libraries/libcldcpuengine.dylib
0x0000000005095000 	/System/Library/PrivateFrameworks/DiskImages.framework/Versions/A/DiskImages
0x0000000005095000 	/System/Library/Frameworks/DiscRecording.framework/Versions/A/DiscRecording
0x0000000005095000 	/usr/lib/libcsfde.dylib
0x0000000005095000 	/usr/lib/libcurl.4.dylib
0x0000000005095000 	/System/Library/PrivateFrameworks/MediaKit.framework/Versions/A/MediaKit
0x0000000005095000 	/usr/lib/libCoreStorage.dylib
0x0000000005095000 	/System/Library/PrivateFrameworks/EFILogin.framework/Versions/A/EFILogin
0x0000000005095000 	/usr/lib/libutil.dylib
0x0000000005095000 	/System/Library/PrivateFrameworks/FindMyDevice.framework/Versions/A/FindMyDevice
0x0000000005095000 	/System/Library/Frameworks/LDAP.framework/Versions/A/LDAP
0x0000000005095000 	/usr/lib/libsasl2.2.dylib
0x0000000005095000 	/System/Library/PrivateFrameworks/CoreDaemon.framework/Versions/B/CoreDaemon
0x0000000005095000 	/usr/lib/libcrypto.0.9.8.dylib
0x0000000005095000 	/System/Library/PrivateFrameworks/AppleSRP.framework/Versions/A/AppleSRP
0x0000000005095000 	/System/Library/PrivateFrameworks/TrustEvaluationAgent.framework/Versions/A/TrustEvaluationAgent
0x000000011de72000 	cl_kernels
0x000000011de74000 	/System/Library/Frameworks/OpenCL.framework/Versions/A/Libraries/ImageFormats/unorm8_bgra.dylib
0x000000011de63000 	cl_kernels
0x0000000005095000 	/System/Library/PrivateFrameworks/FamilyControls.framework/Versions/A/FamilyControls
0x0000000005095000 	/System/Library/PrivateFrameworks/CommerceKit.framework/Versions/A/Frameworks/CommerceCore.framework/Versions/A/CommerceCore
0x0000000005095000 	/System/Library/PrivateFrameworks/SystemAdministration.framework/Versions/A/SystemAdministration
0x0000000005095000 	/System/Library/PrivateFrameworks/AppContainer.framework/Versions/A/AppContainer
0x0000000005095000 	/System/Library/PrivateFrameworks/SecCodeWrapper.framework/Versions/A/SecCodeWrapper
0x0000000005095000 	/System/Library/Frameworks/DirectoryService.framework/Versions/A/DirectoryService
0x0000000005095000 	/System/Library/PrivateFrameworks/LoginUIKit.framework/Versions/A/Frameworks/LoginUICore.framework/Versions/A/LoginUICore
0x0000000005095000 	/usr/lib/libodfde.dylib
0x000000011f06f000 	/Library/Java/JavaVirtualMachines/jdk1.7.0_79.jdk/Contents/Home/jre/lib/libfontmanager.dylib
0x000000011f0d6000 	/private/var/folders/88/17bh8lj57g7clr2df1qr8vvw0000gp/T/libgdxEnglishWords/f7649394/liblwjgl.dylib
0x000000011d39b000 	/Library/Java/JavaVirtualMachines/jdk1.7.0_79.jdk/Contents/Home/jre/lib/libjawt.dylib
0x000000011f158000 	/var/folders/88/17bh8lj57g7clr2df1qr8vvw0000gp/T/libgdxEnglishWords/f7649394/openal.dylib
0x000000011f1c7000 	/System/Library/Components/CoreAudio.component/Contents/MacOS/CoreAudio
0x000000011d3b3000 	/System/Library/Extensions/AppleHDA.kext/Contents/PlugIns/AppleHDAHALPlugIn.bundle/Contents/MacOS/AppleHDAHALPlugIn
0x0000000005095000 	/System/Library/Frameworks/OpenGL.framework/Versions/A/Resources/GLEngine.bundle/GLEngine
0x0000000005095000 	/System/Library/Frameworks/OpenGL.framework/Versions/A/Libraries/libGLProgrammability.dylib
0x000000011f632000 	/System/Library/Extensions/AMDRadeonX3000GLDriver.bundle/Contents/MacOS/AMDRadeonX3000GLDriver
0x0000000005095000 	/System/Library/PrivateFrameworks/IOAccelerator.framework/Versions/A/IOAccelerator
0x0000000005095000 	/System/Library/PrivateFrameworks/GPUSupport.framework/Versions/A/Libraries/libGPUSupportMercury.dylib
0x0000000005095000 	/System/Library/Frameworks/OpenGL.framework/Versions/A/Resources/GLRendererFloat.bundle/GLRendererFloat
0x000000012049e000 	/private/var/folders/88/17bh8lj57g7clr2df1qr8vvw0000gp/T/libgdxEnglishWords/918f1e71/libgdx-freetype64.dylib
0x000000011fdfe000 	/private/var/folders/88/17bh8lj57g7clr2df1qr8vvw0000gp/T/libgdxEnglishWords/829212b4/libgdx-box2d64.dylib

VM Arguments:
jvm_args: -Didea.launcher.port=7534 -Didea.launcher.bin.path=/Applications/Android Studio.app/Contents/bin -Dfile.encoding=UTF-8 
java_command: com.intellij.rt.execution.application.AppMain com.pomavau.crimson.desktop.DesktopLauncher
Launcher Type: SUN_STANDARD

Environment Variables:
PATH=/usr/local/bin:/usr/bin:/bin:/usr/sbin:/sbin
SHELL=/bin/bash

Signal Handlers:
SIGSEGV: [libjvm.dylib+0x52daf1], sa_mask[0]=0xfffefeff, sa_flags=0x00000043
SIGBUS: [libjvm.dylib+0x52daf1], sa_mask[0]=0xfffefeff, sa_flags=0x00000042
SIGFPE: [libjvm.dylib+0x41f34e], sa_mask[0]=0xfffefeff, sa_flags=0x00000042
SIGPIPE: [libjvm.dylib+0x41f34e], sa_mask[0]=0xfffefeff, sa_flags=0x00000042
SIGXFSZ: [libjvm.dylib+0x41f34e], sa_mask[0]=0xfffefeff, sa_flags=0x00000042
SIGILL: [libjvm.dylib+0x41f34e], sa_mask[0]=0xfffefeff, sa_flags=0x00000042
SIGUSR1: SIG_DFL, sa_mask[0]=0x00000000, sa_flags=0x00000000
SIGUSR2: [libjvm.dylib+0x41ee40], sa_mask[0]=0x00000004, sa_flags=0x00000042
SIGHUP: [libjvm.dylib+0x41d0d1], sa_mask[0]=0xfffefeff, sa_flags=0x00000042
SIGINT: [libjvm.dylib+0x41d0d1], sa_mask[0]=0xfffefeff, sa_flags=0x00000042
SIGTERM: [libjvm.dylib+0x41d0d1], sa_mask[0]=0xfffefeff, sa_flags=0x00000042
SIGQUIT: [libjvm.dylib+0x41d0d1], sa_mask[0]=0xfffefeff, sa_flags=0x00000042


---------------  S Y S T E M  ---------------

OS:Bsduname:Darwin 14.5.0 Darwin Kernel Version 14.5.0: Wed Jul 29 02:26:53 PDT 2015; root:xnu-2782.40.9~1/RELEASE_X86_64 x86_64
rlimit: STACK 8192k, CORE 0k, NPROC 709, NOFILE 10240, AS infinity
load average:1.69 1.44 1.46

CPU:total 4 (4 cores per cpu, 1 threads per core) family 6 model 42 stepping 7, cmov, cx8, fxsr, mmx, sse, sse2, sse3, ssse3, sse4.1, sse4.2, popcnt, avx, aes, tsc, tscinvbit

Memory: 4k page, physical 8388608k(2097152k free)

/proc/meminfo:


vm_info: Java HotSpot(TM) 64-Bit Server VM (24.79-b02) for bsd-amd64 JRE (1.7.0_79-b15), built on Apr 10 2015 11:35:04 by "java_re" with gcc 4.2.1 (Based on Apple Inc. build 5658) (LLVM build 2336.11.00)

time: Tue May 17 18:54:43 2016
elapsed time: 15 seconds

