#
# A fatal error has been detected by the Java Runtime Environment:
#
#  SIGSEGV (0xb) at pc=0x000000011df6ead8, pid=688, tid=67075
#
# JRE version: Java(TM) SE Runtime Environment (7.0_79-b15) (build 1.7.0_79-b15)
# Java VM: Java HotSpot(TM) 64-Bit Server VM (24.79-b02 mixed mode bsd-amd64 compressed oops)
# Problematic frame:
# C  [libgdx-box2d64.dylib+0xaad8]  _ZN16b2BlockAllocator8AllocateEi+0x58
#
# Failed to write core dump. Core dumps have been disabled. To enable core dumping, try "ulimit -c unlimited" before starting Java again
#
# If you would like to submit a bug report, please visit:
#   http://bugreport.java.com/bugreport/crash.jsp
# The crash happened outside the Java Virtual Machine in native code.
# See problematic frame for where to report the bug.
#

---------------  T H R E A D  ---------------

Current thread (0x00007ff46c0cb800):  JavaThread "LWJGL Application" [_thread_in_native, id=67075, stack(0x000000011d093000,0x000000011d193000)]

siginfo:si_signo=SIGSEGV: si_errno=0, si_code=1 (SEGV_MAPERR), si_addr=0x00007ff66b2b8dc0

Registers:
RAX=0x00007ff66b2b8dc0, RBX=0x000000077b5b5398, RCX=0x000000011df97f70, RDX=0x00007ff46c40e000
RSP=0x000000011d1923e0, RBP=0x000000011d192400, RSI=0x00000000000000b8, RDI=0x00007ff46c40e000
R8 =0x0000000000000001, R9 =0x0000000000000001, R10=0x000000010cc1272c, R11=0x000000010bc79353
R12=0x00007ff46c40e000, R13=0x000000077b5b5398, R14=0x00007ff46c40e000, R15=0x0000000000000006
RIP=0x000000011df6ead8, EFLAGS=0x0000000000010206, ERR=0x0000000000000004
  TRAPNO=0x000000000000000e

Top of Stack: (sp=0x000000011d1923e0)
0x000000011d1923e0:   000000077b5b5398 0000000000000000
0x000000011d1923f0:   00007ff46c40e000 000000011d192440
0x000000011d192400:   000000011d192430 000000011df830d7
0x000000011d192410:   0000000000000002 000000077b5b5398
0x000000011d192420:   000000011d192608 00007ff46c0cb800
0x000000011d192430:   000000011d192480 000000011df88bbe
0x000000011d192440:   42a6180600000002 00000000430587a1
0x000000011d192450:   0000000000000000 0000000000000000
0x000000011d192460:   0000010100000000 0000000000000001
0x000000011d192470:   0000000000000000 000000003f800000
0x000000011d192480:   000000011d192560 000000010cc12758
0x000000011d192490:   0000000000000000 0000000000000000
0x000000011d1924a0:   0000000000000001 000000003f800000
0x000000011d1924b0:   000000077af0f488 0000000000000000
0x000000011d1924c0:   000000077af0e370 0000000000000000
0x000000011d1924d0:   000000011d1924e8 000000011d192550
0x000000011d1924e0:   000000010cc06058 000000000000000e
0x000000011d1924f0:   00000007d73fa0f0 00000007d73ee868
0x000000011d192500:   00000000a652507e 00000007d73ac720
0x000000011d192510:   000000011d192510 000000077af0d301
0x000000011d192520:   000000011d192520 000000077b5b5398
0x000000011d192530:   000000011d192608 000000077b5cda98
0x000000011d192540:   0000000000000000 000000077b5b5398
0x000000011d192550:   0000000000000000 000000011d192580
0x000000011d192560:   000000011d192650 000000010cc06175
0x000000011d192570:   0000000000000000 000000010cc0ecd7
0x000000011d192580:   000000013f800000 0000000000000001
0x000000011d192590:   0000000000000000 0000000000000000
0x000000011d1925a0:   0000000000000001 0000000000000001
0x000000011d1925b0:   0000000100000000 0000000700000000
0x000000011d1925c0:   0000000000000000 0000000700000000
0x000000011d1925d0:   0000000000000000 0000000100000000 

Instructions: (pc=0x000000011df6ead8)
0x000000011df6eab8:   48 8d 0d b1 94 02 00 44 0f b6 3c 08 49 83 ff 0e
0x000000011df6eac8:   0f 83 9c 01 00 00 4b 8b 44 fc 10 48 85 c0 74 0d
0x000000011df6ead8:   48 8b 08 4b 89 4c fc 10 e9 5d 01 00 00 41 8b 7c
0x000000011df6eae8:   24 08 41 3b 7c 24 0c 75 52 4d 8b 34 24 83 ef 80 

Register to memory mapping:

RAX=0x00007ff66b2b8dc0 is an unknown value
RBX=0x000000077b5b5398 is an oop
{method} 
 - klass: {other class}
RCX=0x000000011df97f70: _ZN16b2BlockAllocator17s_blockSizeLookupE+0 in /private/var/folders/88/17bh8lj57g7clr2df1qr8vvw0000gp/T/libgdxEnglishWords/829212b4/libgdx-box2d64.dylib at 0x000000011df64000
RDX=0x00007ff46c40e000 is an unknown value
RSP=0x000000011d1923e0 is pointing into the stack for thread: 0x00007ff46c0cb800
RBP=0x000000011d192400 is pointing into the stack for thread: 0x00007ff46c0cb800
RSI=0x00000000000000b8 is an unknown value
RDI=0x00007ff46c40e000 is an unknown value
R8 =0x0000000000000001 is an unknown value
R9 =0x0000000000000001 is an unknown value
R10=0x000000010cc1272c is at code_begin+620 in an Interpreter codelet
method entry point (kind = native)  [0x000000010cc124c0, 0x000000010cc12d00]  2112 bytes
R11=0x000000010bc79353: throw_unsatisfied_link_error+0 in /Library/Java/JavaVirtualMachines/jdk1.7.0_79.jdk/Contents/Home/jre/lib/server/libjvm.dylib at 0x000000010b802000
R12=0x00007ff46c40e000 is an unknown value
R13=0x000000077b5b5398 is an oop
{method} 
 - klass: {other class}
R14=0x00007ff46c40e000 is an unknown value
R15=0x0000000000000006 is an unknown value


Stack: [0x000000011d093000,0x000000011d193000],  sp=0x000000011d1923e0,  free space=1020k
Native frames: (J=compiled Java code, j=interpreted, Vv=VM code, C=native code)
C  [libgdx-box2d64.dylib+0xaad8]  _ZN16b2BlockAllocator8AllocateEi+0x58
C  [libgdx-box2d64.dylib+0x1f0d7]  _ZN7b2World10CreateBodyEPK9b2BodyDef+0x27
C  [libgdx-box2d64.dylib+0x24bbe]  Java_com_badlogic_gdx_physics_box2d_World_jniCreateBody+0x9e
j  com.badlogic.gdx.physics.box2d.World.jniCreateBody(JIFFFFFFFFZZZZZF)J+0
j  com.badlogic.gdx.physics.box2d.World.createBody(Lcom/badlogic/gdx/physics/box2d/BodyDef;)Lcom/badlogic/gdx/physics/box2d/Body;+80
j  com.pomavau.crimson.Model.Bullet.createBody(Lcom/badlogic/gdx/physics/box2d/World;)V+72
j  com.pomavau.crimson.Model.Bullet.<init>(Lcom/badlogic/gdx/graphics/Texture;FFFFLcom/badlogic/gdx/physics/box2d/World;)V+15
j  com.pomavau.crimson.Screens.GameScreen.shot()V+45
j  com.pomavau.crimson.Screens.GameScreen.render(F)V+417
j  com.badlogic.gdx.Game.render()V+19
j  com.pomavau.crimson.crimsonTD.render()V+1
j  com.badlogic.gdx.backends.lwjgl.LwjglApplication.mainLoop()V+684
j  com.badlogic.gdx.backends.lwjgl.LwjglApplication$1.run()V+27
v  ~StubRoutines::call_stub
V  [libjvm.dylib+0x2dbef8]
V  [libjvm.dylib+0x2dc40f]
V  [libjvm.dylib+0x2dc54c]
V  [libjvm.dylib+0x32b43a]
V  [libjvm.dylib+0x4f759d]
V  [libjvm.dylib+0x4f8ca5]
V  [libjvm.dylib+0x421c4e]
C  [libsystem_pthread.dylib+0x405a]  _pthread_body+0x83
C  [libsystem_pthread.dylib+0x3fd7]  _pthread_body+0x0
C  [libsystem_pthread.dylib+0x13ed]  thread_start+0xd

Java frames: (J=compiled Java code, j=interpreted, Vv=VM code)
j  com.badlogic.gdx.physics.box2d.World.jniCreateBody(JIFFFFFFFFZZZZZF)J+0
j  com.badlogic.gdx.physics.box2d.World.createBody(Lcom/badlogic/gdx/physics/box2d/BodyDef;)Lcom/badlogic/gdx/physics/box2d/Body;+80
j  com.pomavau.crimson.Model.Bullet.createBody(Lcom/badlogic/gdx/physics/box2d/World;)V+72
j  com.pomavau.crimson.Model.Bullet.<init>(Lcom/badlogic/gdx/graphics/Texture;FFFFLcom/badlogic/gdx/physics/box2d/World;)V+15
j  com.pomavau.crimson.Screens.GameScreen.shot()V+45
j  com.pomavau.crimson.Screens.GameScreen.render(F)V+417
j  com.badlogic.gdx.Game.render()V+19
j  com.pomavau.crimson.crimsonTD.render()V+1
j  com.badlogic.gdx.backends.lwjgl.LwjglApplication.mainLoop()V+684
j  com.badlogic.gdx.backends.lwjgl.LwjglApplication$1.run()V+27
v  ~StubRoutines::call_stub

---------------  P R O C E S S  ---------------

Java Threads: ( => current thread )
  0x00007ff46c002800 JavaThread "DestroyJavaVM" [_thread_blocked, id=3331, stack(0x000000010c266000,0x000000010c366000)]
=>0x00007ff46c0cb800 JavaThread "LWJGL Application" [_thread_in_native, id=67075, stack(0x000000011d093000,0x000000011d193000)]
  0x00007ff46a906800 JavaThread "AWT-Shutdown" [_thread_blocked, id=28691, stack(0x000000011a252000,0x000000011a352000)]
  0x00007ff46a8f0000 JavaThread "AppKit Thread" daemon [_thread_in_native, id=1811, stack(0x00007fff54481000,0x00007fff54501000)]
  0x00007ff46b865800 JavaThread "Monitor Ctrl-Break" daemon [_thread_in_native, id=18691, stack(0x000000011845c000,0x000000011855c000)]
  0x00007ff46b818000 JavaThread "Service Thread" daemon [_thread_blocked, id=17667, stack(0x000000011806a000,0x000000011816a000)]
  0x00007ff46b817800 JavaThread "C2 CompilerThread1" daemon [_thread_blocked, id=17155, stack(0x0000000117f67000,0x0000000118067000)]
  0x00007ff46b00b800 JavaThread "C2 CompilerThread0" daemon [_thread_blocked, id=16643, stack(0x0000000117e64000,0x0000000117f64000)]
  0x00007ff46b022800 JavaThread "Signal Dispatcher" daemon [_thread_blocked, id=13579, stack(0x0000000117d61000,0x0000000117e61000)]
  0x00007ff46a84e800 JavaThread "Finalizer" daemon [_thread_blocked, id=11011, stack(0x0000000116345000,0x0000000116445000)]
  0x00007ff46b00a800 JavaThread "Reference Handler" daemon [_thread_blocked, id=10499, stack(0x0000000116242000,0x0000000116342000)]

Other Threads:
  0x00007ff46a84e000 VMThread [stack: 0x000000011613f000,0x000000011623f000] [id=9987]
  0x00007ff46a856000 WatcherThread [stack: 0x000000011816d000,0x000000011826d000] [id=18179]

VM state:not at safepoint (normal execution)

VM Mutex/Monitor currently owned by a thread: None

Heap
 PSYoungGen      total 38912K, used 31895K [0x00000007d5500000, 0x00000007d8000000, 0x0000000800000000)
  eden space 33792K, 94% used [0x00000007d5500000,0x00000007d7425d20,0x00000007d7600000)
  from space 5120K, 0% used [0x00000007d7b00000,0x00000007d7b00000,0x00000007d8000000)
  to   space 5120K, 0% used [0x00000007d7600000,0x00000007d7600000,0x00000007d7b00000)
 ParOldGen       total 87040K, used 0K [0x0000000780000000, 0x0000000785500000, 0x00000007d5500000)
  object space 87040K, 0% used [0x0000000780000000,0x0000000780000000,0x0000000785500000)
 PSPermGen       total 21504K, used 8678K [0x000000077ae00000, 0x000000077c300000, 0x0000000780000000)
  object space 21504K, 40% used [0x000000077ae00000,0x000000077b6798d0,0x000000077c300000)

Card table byte_map: [0x000000010fcc0000,0x00000001100ea000] byte_map_base: 0x000000010c0e9000

Polling page: 0x000000010c3a5000

Code Cache  [0x000000010cc00000, 0x000000010ce70000, 0x000000010fc00000)
 total_blobs=605 nmethods=189 adapters=370 free_code_cache=48153Kb largest_free_block=49285760

Compilation events (10 events):
Event: 11.420 Thread 0x00007ff46b00b800  184             java.nio.HeapByteBuffer::_get (7 bytes)
Event: 11.420 Thread 0x00007ff46b00b800 nmethod 184 0x000000010ccf9e50 code [0x000000010ccf9fa0, 0x000000010ccfa038]
Event: 12.440 Thread 0x00007ff46b817800  185             com.badlogic.gdx.math.Matrix4::mul (13 bytes)
Event: 12.440 Thread 0x00007ff46b817800 nmethod 185 0x000000010ccf9b90 code [0x000000010ccf9ce0, 0x000000010ccf9d88]
Event: 12.628 Thread 0x00007ff46b00b800  187             java.lang.String::regionMatches (149 bytes)
Event: 12.637 Thread 0x00007ff46b00b800 nmethod 187 0x000000010ccfc210 code [0x000000010ccfc380, 0x000000010ccfcc38]
Event: 12.743 Thread 0x00007ff46b817800  188             java.lang.Double::doubleToLongBits (33 bytes)
Event: 12.743 Thread 0x00007ff46b817800 nmethod 188 0x000000010ccf9610 code [0x000000010ccf9740, 0x000000010ccf97b8]
Event: 12.859 Thread 0x00007ff46b00b800  189             com.badlogic.gdx.utils.Array::add (48 bytes)
Event: 12.860 Thread 0x00007ff46b00b800 nmethod 189 0x000000010ccfaa90 code [0x000000010ccfac20, 0x000000010ccfae08]

GC Heap History (0 events):
No events

Deoptimization events (4 events):
Event: 1.623 Thread 0x00007ff46c0cb800 Uncommon trap: reason=array_check action=maybe_recompile pc=0x000000010ccbd174 method=com.badlogic.gdx.utils.Array.add(Ljava/lang/Object;)V @ 46
Event: 1.631 Thread 0x00007ff46c0cb800 Uncommon trap: reason=array_check action=maybe_recompile pc=0x000000010ccbd174 method=com.badlogic.gdx.utils.Array.add(Ljava/lang/Object;)V @ 46
Event: 1.638 Thread 0x00007ff46c0cb800 Uncommon trap: reason=array_check action=maybe_recompile pc=0x000000010ccbd174 method=com.badlogic.gdx.utils.Array.add(Ljava/lang/Object;)V @ 46
Event: 1.638 Thread 0x00007ff46c0cb800 Uncommon trap: reason=array_check action=maybe_recompile pc=0x000000010ccbd174 method=com.badlogic.gdx.utils.Array.add(Ljava/lang/Object;)V @ 46

Internal exceptions (10 events):
Event: 1.674 Thread 0x00007ff46c0cb800 Threw 0x00000007d71a2340 at /HUDSON/workspace/7u-2-build-macosx-x86_64/jdk7u79/2331/hotspot/src/share/vm/prims/jvm.cpp:1304
Event: 1.675 Thread 0x00007ff46c0cb800 Threw 0x00000007d71aa300 at /HUDSON/workspace/7u-2-build-macosx-x86_64/jdk7u79/2331/hotspot/src/share/vm/prims/jvm.cpp:1304
Event: 1.676 Thread 0x00007ff46c0cb800 Threw 0x00000007d71b1e40 at /HUDSON/workspace/7u-2-build-macosx-x86_64/jdk7u79/2331/hotspot/src/share/vm/prims/jvm.cpp:1304
Event: 1.727 Thread 0x00007ff46c0cb800 Threw 0x00000007d71b8de0 at /HUDSON/workspace/7u-2-build-macosx-x86_64/jdk7u79/2331/hotspot/src/share/vm/prims/jvm.cpp:1304
Event: 1.734 Thread 0x00007ff46c0cb800 Threw 0x00000007d71c0388 at /HUDSON/workspace/7u-2-build-macosx-x86_64/jdk7u79/2331/hotspot/src/share/vm/prims/jvm.cpp:1304
Event: 1.735 Thread 0x00007ff46c0cb800 Threw 0x00000007d71c6930 at /HUDSON/workspace/7u-2-build-macosx-x86_64/jdk7u79/2331/hotspot/src/share/vm/prims/jvm.cpp:1304
Event: 1.992 Thread 0x00007ff46c0cb800 Threw 0x00000007d71cd198 at /HUDSON/workspace/7u-2-build-macosx-x86_64/jdk7u79/2331/hotspot/src/share/vm/prims/jvm.cpp:1304
Event: 2.078 Thread 0x00007ff46c0cb800 Threw 0x00000007d71ebc10 at /HUDSON/workspace/7u-2-build-macosx-x86_64/jdk7u79/2331/hotspot/src/share/vm/prims/jvm.cpp:1304
Event: 2.080 Thread 0x00007ff46c0cb800 Threw 0x00000007d71f0f38 at /HUDSON/workspace/7u-2-build-macosx-x86_64/jdk7u79/2331/hotspot/src/share/vm/prims/jvm.cpp:1304
Event: 12.623 Thread 0x00007ff46c0cb800 Threw 0x00000007d7228d90 at /HUDSON/workspace/7u-2-build-macosx-x86_64/jdk7u79/2331/hotspot/src/share/vm/prims/jvm.cpp:1304

Events (10 events):
Event: 2.078 loading class 0x00007ff46a670ff0
Event: 2.078 loading class 0x00007ff46a670ff0 done
Event: 2.080 loading class 0x00007ff46a4b6840
Event: 2.080 loading class 0x00007ff46a4b6840 done
Event: 4.110 Executing VM operation: EnableBiasedLocking
Event: 4.110 Executing VM operation: EnableBiasedLocking done
Event: 12.623 loading class 0x00007ff46a72d8a0
Event: 12.623 loading class 0x00007ff46a72d8a0 done
Event: 12.624 loading class 0x0000000114eac2a0
Event: 12.624 loading class 0x0000000114eac2a0 done


Dynamic libraries:
0x0000000006340000 	/System/Library/Frameworks/Cocoa.framework/Versions/A/Cocoa
0x0000000006340000 	/System/Library/Frameworks/Security.framework/Versions/A/Security
0x0000000006340000 	/System/Library/Frameworks/ApplicationServices.framework/Versions/A/ApplicationServices
0x0000000006340000 	/usr/lib/libz.1.dylib
0x0000000006340000 	/usr/lib/libSystem.B.dylib
0x0000000006340000 	/usr/lib/libobjc.A.dylib
0x0000000006340000 	/System/Library/Frameworks/CoreFoundation.framework/Versions/A/CoreFoundation
0x0000000006340000 	/System/Library/Frameworks/Foundation.framework/Versions/C/Foundation
0x0000000006340000 	/System/Library/Frameworks/AppKit.framework/Versions/C/AppKit
0x0000000006340000 	/System/Library/Frameworks/CoreData.framework/Versions/A/CoreData
0x0000000006340000 	/System/Library/PrivateFrameworks/RemoteViewServices.framework/Versions/A/RemoteViewServices
0x0000000006340000 	/System/Library/PrivateFrameworks/UIFoundation.framework/Versions/A/UIFoundation
0x0000000006340000 	/System/Library/Frameworks/IOSurface.framework/Versions/A/IOSurface
0x0000000006340000 	/System/Library/Frameworks/AudioToolbox.framework/Versions/A/AudioToolbox
0x0000000006340000 	/System/Library/Frameworks/AudioUnit.framework/Versions/A/AudioUnit
0x0000000006340000 	/System/Library/PrivateFrameworks/DataDetectorsCore.framework/Versions/A/DataDetectorsCore
0x0000000006340000 	/System/Library/PrivateFrameworks/DesktopServicesPriv.framework/Versions/A/DesktopServicesPriv
0x0000000006340000 	/System/Library/Frameworks/Carbon.framework/Versions/A/Frameworks/HIToolbox.framework/Versions/A/HIToolbox
0x0000000006340000 	/System/Library/Frameworks/QuartzCore.framework/Versions/A/QuartzCore
0x0000000006340000 	/System/Library/Frameworks/Carbon.framework/Versions/A/Frameworks/SpeechRecognition.framework/Versions/A/SpeechRecognition
0x0000000006340000 	/usr/lib/libauto.dylib
0x0000000006340000 	/usr/lib/libicucore.A.dylib
0x0000000006340000 	/usr/lib/libxml2.2.dylib
0x0000000006340000 	/System/Library/PrivateFrameworks/CoreUI.framework/Versions/A/CoreUI
0x0000000006340000 	/System/Library/Frameworks/CoreAudio.framework/Versions/A/CoreAudio
0x0000000006340000 	/System/Library/Frameworks/DiskArbitration.framework/Versions/A/DiskArbitration
0x0000000006340000 	/usr/lib/liblangid.dylib
0x0000000006340000 	/System/Library/PrivateFrameworks/MultitouchSupport.framework/Versions/A/MultitouchSupport
0x0000000006340000 	/System/Library/Frameworks/IOKit.framework/Versions/A/IOKit
0x0000000006340000 	/usr/lib/libDiagnosticMessagesClient.dylib
0x0000000006340000 	/System/Library/Frameworks/CoreServices.framework/Versions/A/CoreServices
0x0000000006340000 	/System/Library/PrivateFrameworks/PerformanceAnalysis.framework/Versions/A/PerformanceAnalysis
0x0000000006340000 	/System/Library/PrivateFrameworks/GenerationalStorage.framework/Versions/A/GenerationalStorage
0x0000000006340000 	/System/Library/Frameworks/OpenGL.framework/Versions/A/OpenGL
0x0000000006340000 	/System/Library/PrivateFrameworks/Sharing.framework/Versions/A/Sharing
0x0000000006340000 	/System/Library/Frameworks/CoreGraphics.framework/Versions/A/CoreGraphics
0x0000000006340000 	/System/Library/Frameworks/CoreText.framework/Versions/A/CoreText
0x0000000006340000 	/System/Library/Frameworks/ImageIO.framework/Versions/A/ImageIO
0x0000000006340000 	/usr/lib/libextension.dylib
0x0000000006340000 	/System/Library/PrivateFrameworks/Backup.framework/Versions/A/Backup
0x0000000006340000 	/usr/lib/libarchive.2.dylib
0x0000000006340000 	/System/Library/Frameworks/CFNetwork.framework/Versions/A/CFNetwork
0x0000000006340000 	/System/Library/Frameworks/SystemConfiguration.framework/Versions/A/SystemConfiguration
0x0000000006340000 	/usr/lib/libCRFSuite.dylib
0x0000000006340000 	/usr/lib/libc++.1.dylib
0x0000000006340000 	/usr/lib/libc++abi.dylib
0x0000000006340000 	/usr/lib/system/libcache.dylib
0x0000000006340000 	/usr/lib/system/libcommonCrypto.dylib
0x0000000006340000 	/usr/lib/system/libcompiler_rt.dylib
0x0000000006340000 	/usr/lib/system/libcopyfile.dylib
0x0000000006340000 	/usr/lib/system/libcorecrypto.dylib
0x0000000006340000 	/usr/lib/system/libdispatch.dylib
0x0000000006340000 	/usr/lib/system/libdyld.dylib
0x0000000006340000 	/usr/lib/system/libkeymgr.dylib
0x0000000006340000 	/usr/lib/system/liblaunch.dylib
0x0000000006340000 	/usr/lib/system/libmacho.dylib
0x0000000006340000 	/usr/lib/system/libquarantine.dylib
0x0000000006340000 	/usr/lib/system/libremovefile.dylib
0x0000000006340000 	/usr/lib/system/libsystem_asl.dylib
0x0000000006340000 	/usr/lib/system/libsystem_blocks.dylib
0x0000000006340000 	/usr/lib/system/libsystem_c.dylib
0x0000000006340000 	/usr/lib/system/libsystem_configuration.dylib
0x0000000006340000 	/usr/lib/system/libsystem_coreservices.dylib
0x0000000006340000 	/usr/lib/system/libsystem_coretls.dylib
0x0000000006340000 	/usr/lib/system/libsystem_dnssd.dylib
0x0000000006340000 	/usr/lib/system/libsystem_info.dylib
0x0000000006340000 	/usr/lib/system/libsystem_kernel.dylib
0x0000000006340000 	/usr/lib/system/libsystem_m.dylib
0x0000000006340000 	/usr/lib/system/libsystem_malloc.dylib
0x0000000006340000 	/usr/lib/system/libsystem_network.dylib
0x0000000006340000 	/usr/lib/system/libsystem_networkextension.dylib
0x0000000006340000 	/usr/lib/system/libsystem_notify.dylib
0x0000000006340000 	/usr/lib/system/libsystem_platform.dylib
0x0000000006340000 	/usr/lib/system/libsystem_pthread.dylib
0x0000000006340000 	/usr/lib/system/libsystem_sandbox.dylib
0x0000000006340000 	/usr/lib/system/libsystem_secinit.dylib
0x0000000006340000 	/usr/lib/system/libsystem_stats.dylib
0x0000000006340000 	/usr/lib/system/libsystem_trace.dylib
0x0000000006340000 	/usr/lib/system/libunc.dylib
0x0000000006340000 	/usr/lib/system/libunwind.dylib
0x0000000006340000 	/usr/lib/system/libxpc.dylib
0x0000000006340000 	/usr/lib/libbz2.1.0.dylib
0x0000000006340000 	/usr/lib/liblzma.5.dylib
0x0000000006340000 	/usr/lib/libbsm.0.dylib
0x0000000006340000 	/usr/lib/libsqlite3.dylib
0x0000000006340000 	/usr/lib/system/libkxld.dylib
0x0000000006340000 	/usr/lib/libxar.1.dylib
0x0000000006340000 	/usr/lib/libpam.2.dylib
0x0000000006340000 	/usr/lib/libOpenScriptingUtil.dylib
0x0000000006340000 	/System/Library/Frameworks/CoreServices.framework/Versions/A/Frameworks/FSEvents.framework/Versions/A/FSEvents
0x0000000006340000 	/System/Library/Frameworks/CoreServices.framework/Versions/A/Frameworks/CarbonCore.framework/Versions/A/CarbonCore
0x0000000006340000 	/System/Library/Frameworks/CoreServices.framework/Versions/A/Frameworks/Metadata.framework/Versions/A/Metadata
0x0000000006340000 	/System/Library/Frameworks/CoreServices.framework/Versions/A/Frameworks/OSServices.framework/Versions/A/OSServices
0x0000000006340000 	/System/Library/Frameworks/CoreServices.framework/Versions/A/Frameworks/SearchKit.framework/Versions/A/SearchKit
0x0000000006340000 	/System/Library/Frameworks/CoreServices.framework/Versions/A/Frameworks/AE.framework/Versions/A/AE
0x0000000006340000 	/System/Library/Frameworks/CoreServices.framework/Versions/A/Frameworks/LaunchServices.framework/Versions/A/LaunchServices
0x0000000006340000 	/System/Library/Frameworks/CoreServices.framework/Versions/A/Frameworks/DictionaryServices.framework/Versions/A/DictionaryServices
0x0000000006340000 	/System/Library/Frameworks/NetFS.framework/Versions/A/NetFS
0x0000000006340000 	/System/Library/PrivateFrameworks/NetAuth.framework/Versions/A/NetAuth
0x0000000006340000 	/System/Library/PrivateFrameworks/login.framework/Versions/A/Frameworks/loginsupport.framework/Versions/A/loginsupport
0x0000000006340000 	/System/Library/PrivateFrameworks/TCC.framework/Versions/A/TCC
0x0000000006340000 	/usr/lib/libmecabra.dylib
0x0000000006340000 	/System/Library/Frameworks/ApplicationServices.framework/Versions/A/Frameworks/ATS.framework/Versions/A/ATS
0x0000000006340000 	/System/Library/Frameworks/ApplicationServices.framework/Versions/A/Frameworks/ColorSync.framework/Versions/A/ColorSync
0x0000000006340000 	/System/Library/Frameworks/ApplicationServices.framework/Versions/A/Frameworks/HIServices.framework/Versions/A/HIServices
0x0000000006340000 	/System/Library/Frameworks/ApplicationServices.framework/Versions/A/Frameworks/LangAnalysis.framework/Versions/A/LangAnalysis
0x0000000006340000 	/System/Library/Frameworks/ApplicationServices.framework/Versions/A/Frameworks/PrintCore.framework/Versions/A/PrintCore
0x0000000006340000 	/System/Library/Frameworks/ApplicationServices.framework/Versions/A/Frameworks/QD.framework/Versions/A/QD
0x0000000006340000 	/System/Library/Frameworks/ApplicationServices.framework/Versions/A/Frameworks/SpeechSynthesis.framework/Versions/A/SpeechSynthesis
0x0000000006340000 	/System/Library/Frameworks/Accelerate.framework/Versions/A/Accelerate
0x0000000006340000 	/System/Library/Frameworks/Accelerate.framework/Versions/A/Frameworks/vImage.framework/Versions/A/vImage
0x0000000006340000 	/System/Library/Frameworks/Accelerate.framework/Versions/A/Frameworks/vecLib.framework/Versions/A/vecLib
0x0000000006340000 	/System/Library/Frameworks/Accelerate.framework/Versions/A/Frameworks/vecLib.framework/Versions/A/libvDSP.dylib
0x0000000006340000 	/System/Library/Frameworks/Accelerate.framework/Versions/A/Frameworks/vecLib.framework/Versions/A/libvMisc.dylib
0x0000000006340000 	/System/Library/Frameworks/Accelerate.framework/Versions/A/Frameworks/vecLib.framework/Versions/A/libLAPACK.dylib
0x0000000006340000 	/System/Library/Frameworks/Accelerate.framework/Versions/A/Frameworks/vecLib.framework/Versions/A/libBLAS.dylib
0x0000000006340000 	/System/Library/Frameworks/Accelerate.framework/Versions/A/Frameworks/vecLib.framework/Versions/A/libLinearAlgebra.dylib
0x0000000006340000 	/System/Library/Frameworks/ApplicationServices.framework/Versions/A/Frameworks/ATS.framework/Versions/A/Resources/libFontParser.dylib
0x0000000006340000 	/System/Library/Frameworks/ApplicationServices.framework/Versions/A/Frameworks/ATS.framework/Versions/A/Resources/libFontRegistry.dylib
0x0000000006340000 	/System/Library/PrivateFrameworks/AppleVPA.framework/Versions/A/AppleVPA
0x0000000006340000 	/System/Library/PrivateFrameworks/AppleJPEG.framework/Versions/A/AppleJPEG
0x0000000006340000 	/System/Library/Frameworks/ImageIO.framework/Versions/A/Resources/libJPEG.dylib
0x0000000006340000 	/System/Library/Frameworks/ImageIO.framework/Versions/A/Resources/libTIFF.dylib
0x0000000006340000 	/System/Library/Frameworks/ImageIO.framework/Versions/A/Resources/libPng.dylib
0x0000000006340000 	/System/Library/Frameworks/ImageIO.framework/Versions/A/Resources/libGIF.dylib
0x0000000006340000 	/System/Library/Frameworks/ImageIO.framework/Versions/A/Resources/libJP2.dylib
0x0000000006340000 	/System/Library/Frameworks/ImageIO.framework/Versions/A/Resources/libRadiance.dylib
0x0000000006340000 	/System/Library/Frameworks/CoreVideo.framework/Versions/A/CoreVideo
0x0000000006340000 	/System/Library/Frameworks/OpenGL.framework/Versions/A/Libraries/libGLU.dylib
0x0000000006340000 	/System/Library/Frameworks/OpenGL.framework/Versions/A/Libraries/libGFXShared.dylib
0x0000000006340000 	/System/Library/Frameworks/OpenGL.framework/Versions/A/Libraries/libGL.dylib
0x0000000006340000 	/System/Library/Frameworks/OpenGL.framework/Versions/A/Libraries/libGLImage.dylib
0x0000000006340000 	/System/Library/Frameworks/OpenGL.framework/Versions/A/Libraries/libCVMSPluginSupport.dylib
0x0000000006340000 	/System/Library/Frameworks/OpenGL.framework/Versions/A/Libraries/libCoreVMClient.dylib
0x0000000006340000 	/usr/lib/libcups.2.dylib
0x0000000006340000 	/System/Library/Frameworks/Kerberos.framework/Versions/A/Kerberos
0x0000000006340000 	/System/Library/Frameworks/GSS.framework/Versions/A/GSS
0x0000000006340000 	/usr/lib/libresolv.9.dylib
0x0000000006340000 	/usr/lib/libiconv.2.dylib
0x0000000006340000 	/System/Library/PrivateFrameworks/Heimdal.framework/Versions/A/Heimdal
0x0000000006340000 	/usr/lib/libheimdal-asn1.dylib
0x0000000006340000 	/System/Library/Frameworks/OpenDirectory.framework/Versions/A/OpenDirectory
0x0000000006340000 	/System/Library/PrivateFrameworks/CommonAuth.framework/Versions/A/CommonAuth
0x0000000006340000 	/System/Library/Frameworks/OpenDirectory.framework/Versions/A/Frameworks/CFOpenDirectory.framework/Versions/A/CFOpenDirectory
0x0000000006340000 	/System/Library/Frameworks/SecurityFoundation.framework/Versions/A/SecurityFoundation
0x0000000006340000 	/System/Library/PrivateFrameworks/LanguageModeling.framework/Versions/A/LanguageModeling
0x0000000006340000 	/usr/lib/libcmph.dylib
0x0000000006340000 	/System/Library/Frameworks/ServiceManagement.framework/Versions/A/ServiceManagement
0x0000000006340000 	/usr/lib/libxslt.1.dylib
0x0000000006340000 	/System/Library/Frameworks/Carbon.framework/Versions/A/Frameworks/Ink.framework/Versions/A/Ink
0x0000000006340000 	/System/Library/Frameworks/QuartzCore.framework/Versions/A/Frameworks/CoreImage.framework/Versions/A/CoreImage
0x0000000006340000 	/System/Library/PrivateFrameworks/CrashReporterSupport.framework/Versions/A/CrashReporterSupport
0x0000000006340000 	/System/Library/Frameworks/OpenCL.framework/Versions/A/OpenCL
0x0000000006340000 	/System/Library/PrivateFrameworks/FaceCore.framework/Versions/A/FaceCore
0x0000000006340000 	/System/Library/PrivateFrameworks/Ubiquity.framework/Versions/A/Ubiquity
0x0000000006340000 	/System/Library/PrivateFrameworks/IconServices.framework/Versions/A/IconServices
0x0000000006340000 	/System/Library/PrivateFrameworks/ChunkingLibrary.framework/Versions/A/ChunkingLibrary
0x0000000006340000 	/System/Library/PrivateFrameworks/Apple80211.framework/Versions/A/Apple80211
0x0000000006340000 	/System/Library/Frameworks/CoreWLAN.framework/Versions/A/CoreWLAN
0x0000000006340000 	/System/Library/Frameworks/IOBluetooth.framework/Versions/A/IOBluetooth
0x0000000006340000 	/System/Library/PrivateFrameworks/CoreWiFi.framework/Versions/A/CoreWiFi
0x0000000006340000 	/System/Library/Frameworks/CoreBluetooth.framework/Versions/A/CoreBluetooth
0x0000000006340000 	/System/Library/PrivateFrameworks/DebugSymbols.framework/Versions/A/DebugSymbols
0x0000000006340000 	/System/Library/PrivateFrameworks/CoreSymbolication.framework/Versions/A/CoreSymbolication
0x0000000006340000 	/System/Library/PrivateFrameworks/Symbolication.framework/Versions/A/Symbolication
0x0000000006340000 	/System/Library/PrivateFrameworks/SpeechRecognitionCore.framework/Versions/A/SpeechRecognitionCore
0x000000005144a000 	/System/Library/CoreServices/Encodings/libCyrillicConverter.dylib
0x000000010b802000 	/Library/Java/JavaVirtualMachines/jdk1.7.0_79.jdk/Contents/Home/jre/lib/server/libjvm.dylib
0x0000000006340000 	/usr/lib/libstdc++.6.dylib
0x000000010c368000 	/Library/Java/JavaVirtualMachines/jdk1.7.0_79.jdk/Contents/Home/jre/lib/libverify.dylib
0x000000010c375000 	/Library/Java/JavaVirtualMachines/jdk1.7.0_79.jdk/Contents/Home/jre/lib/libjava.dylib
0x000000010c3c6000 	/Library/Java/JavaVirtualMachines/jdk1.7.0_79.jdk/Contents/Home/jre/lib/libzip.dylib
0x0000000116447000 	/System/Library/Frameworks/JavaVM.framework/Frameworks/JavaRuntimeSupport.framework/JavaRuntimeSupport
0x000000011645d000 	/System/Library/Frameworks/JavaVM.framework/Versions/A/Frameworks/JavaNativeFoundation.framework/Versions/A/JavaNativeFoundation
0x0000000116471000 	/System/Library/Frameworks/JavaVM.framework/Versions/A/JavaVM
0x0000000006340000 	/System/Library/Frameworks/Carbon.framework/Versions/A/Carbon
0x000000011647d000 	/System/Library/PrivateFrameworks/JavaLaunching.framework/Versions/A/JavaLaunching
0x0000000006340000 	/System/Library/Frameworks/Carbon.framework/Versions/A/Frameworks/CommonPanels.framework/Versions/A/CommonPanels
0x0000000006340000 	/System/Library/Frameworks/Carbon.framework/Versions/A/Frameworks/Help.framework/Versions/A/Help
0x0000000006340000 	/System/Library/Frameworks/Carbon.framework/Versions/A/Frameworks/ImageCapture.framework/Versions/A/ImageCapture
0x0000000006340000 	/System/Library/Frameworks/Carbon.framework/Versions/A/Frameworks/OpenScripting.framework/Versions/A/OpenScripting
0x0000000006340000 	/System/Library/Frameworks/Carbon.framework/Versions/A/Frameworks/Print.framework/Versions/A/Print
0x0000000006340000 	/System/Library/Frameworks/Carbon.framework/Versions/A/Frameworks/SecurityHI.framework/Versions/A/SecurityHI
0x0000000118458000 	/Applications/Android Studio.app/Contents/bin/libbreakgen64.jnilib
0x000000011855e000 	/Library/Java/JavaVirtualMachines/jdk1.7.0_79.jdk/Contents/Home/jre/lib/libnet.dylib
0x0000000118625000 	/private/var/folders/88/17bh8lj57g7clr2df1qr8vvw0000gp/T/libgdxEnglishWords/ad4da71/libgdx64.dylib
0x000000011867c000 	/Library/Java/JavaVirtualMachines/jdk1.7.0_79.jdk/Contents/Home/jre/lib/libawt.dylib
0x000000011872b000 	/Library/Java/JavaVirtualMachines/jdk1.7.0_79.jdk/Contents/Home/jre/lib/./libmlib_image.dylib
0x00000001187f7000 	/Library/Java/JavaVirtualMachines/jdk1.7.0_79.jdk/Contents/Home/jre/lib/lwawt/liblwawt.dylib
0x00000001188ad000 	/Library/Java/JavaVirtualMachines/jdk1.7.0_79.jdk/Contents/Home/jre/lib/libosxapp.dylib
0x0000000006340000 	/System/Library/Frameworks/ExceptionHandling.framework/Versions/A/ExceptionHandling
0x0000000006340000 	/System/Library/PrivateFrameworks/CoreServicesInternal.framework/Versions/A/CoreServicesInternal
0x0000000006340000 	/System/Library/PrivateFrameworks/CloudDocs.framework/Versions/A/CloudDocs
0x0000000006340000 	/System/Library/PrivateFrameworks/CoreDuet.framework/Versions/A/CoreDuet
0x0000000006340000 	/System/Library/Frameworks/CloudKit.framework/Versions/A/CloudKit
0x0000000006340000 	/System/Library/PrivateFrameworks/ProtocolBuffer.framework/Versions/A/ProtocolBuffer
0x0000000006340000 	/System/Library/PrivateFrameworks/CoreDuetDaemonProtocol.framework/Versions/A/CoreDuetDaemonProtocol
0x0000000006340000 	/System/Library/PrivateFrameworks/CoreDuetDebugLogging.framework/Versions/A/CoreDuetDebugLogging
0x0000000006340000 	/System/Library/PrivateFrameworks/MMCS.framework/Versions/A/MMCS
0x0000000006340000 	/System/Library/Frameworks/CoreLocation.framework/Versions/A/CoreLocation
0x0000000006340000 	/System/Library/PrivateFrameworks/ProtectedCloudStorage.framework/Versions/A/ProtectedCloudStorage
0x0000000006340000 	/System/Library/PrivateFrameworks/GeoServices.framework/Versions/A/GeoServices
0x0000000006340000 	/System/Library/Frameworks/CoreGraphics.framework/Versions/A/Resources/libCGCMS.A.dylib
0x0000000006340000 	/System/Library/Frameworks/CoreGraphics.framework/Versions/A/Resources/libRIP.A.dylib
0x0000000006340000 	/System/Library/Frameworks/CoreGraphics.framework/Versions/A/Resources/libCGXType.A.dylib
0x0000000006340000 	/System/Library/Frameworks/OpenCL.framework/Versions/A/Libraries/libcldcpuengine.dylib
0x0000000006340000 	/System/Library/PrivateFrameworks/DiskImages.framework/Versions/A/DiskImages
0x0000000006340000 	/System/Library/Frameworks/DiscRecording.framework/Versions/A/DiscRecording
0x0000000006340000 	/usr/lib/libcsfde.dylib
0x0000000006340000 	/usr/lib/libcurl.4.dylib
0x0000000006340000 	/System/Library/PrivateFrameworks/MediaKit.framework/Versions/A/MediaKit
0x0000000006340000 	/usr/lib/libCoreStorage.dylib
0x0000000006340000 	/System/Library/PrivateFrameworks/EFILogin.framework/Versions/A/EFILogin
0x0000000006340000 	/usr/lib/libutil.dylib
0x0000000006340000 	/System/Library/PrivateFrameworks/FindMyDevice.framework/Versions/A/FindMyDevice
0x0000000006340000 	/System/Library/Frameworks/LDAP.framework/Versions/A/LDAP
0x0000000006340000 	/usr/lib/libsasl2.2.dylib
0x0000000006340000 	/System/Library/PrivateFrameworks/CoreDaemon.framework/Versions/B/CoreDaemon
0x0000000006340000 	/usr/lib/libcrypto.0.9.8.dylib
0x0000000006340000 	/System/Library/PrivateFrameworks/AppleSRP.framework/Versions/A/AppleSRP
0x0000000006340000 	/System/Library/PrivateFrameworks/TrustEvaluationAgent.framework/Versions/A/TrustEvaluationAgent
0x000000011b9d5000 	cl_kernels
0x000000011b9d7000 	/System/Library/Frameworks/OpenCL.framework/Versions/A/Libraries/ImageFormats/unorm8_bgra.dylib
0x000000011b9c6000 	cl_kernels
0x0000000006340000 	/System/Library/PrivateFrameworks/FamilyControls.framework/Versions/A/FamilyControls
0x0000000006340000 	/System/Library/PrivateFrameworks/CommerceKit.framework/Versions/A/Frameworks/CommerceCore.framework/Versions/A/CommerceCore
0x0000000006340000 	/System/Library/PrivateFrameworks/SystemAdministration.framework/Versions/A/SystemAdministration
0x0000000006340000 	/System/Library/PrivateFrameworks/AppContainer.framework/Versions/A/AppContainer
0x0000000006340000 	/System/Library/PrivateFrameworks/SecCodeWrapper.framework/Versions/A/SecCodeWrapper
0x0000000006340000 	/System/Library/Frameworks/DirectoryService.framework/Versions/A/DirectoryService
0x0000000006340000 	/System/Library/PrivateFrameworks/LoginUIKit.framework/Versions/A/Frameworks/LoginUICore.framework/Versions/A/LoginUICore
0x0000000006340000 	/usr/lib/libodfde.dylib
0x000000011cbd2000 	/Library/Java/JavaVirtualMachines/jdk1.7.0_79.jdk/Contents/Home/jre/lib/libfontmanager.dylib
0x000000011cc39000 	/private/var/folders/88/17bh8lj57g7clr2df1qr8vvw0000gp/T/libgdxEnglishWords/f7649394/liblwjgl.dylib
0x000000011aefe000 	/Library/Java/JavaVirtualMachines/jdk1.7.0_79.jdk/Contents/Home/jre/lib/libjawt.dylib
0x000000011ccbb000 	/var/folders/88/17bh8lj57g7clr2df1qr8vvw0000gp/T/libgdxEnglishWords/f7649394/openal.dylib
0x000000011cd2a000 	/System/Library/Components/CoreAudio.component/Contents/MacOS/CoreAudio
0x000000011af16000 	/System/Library/Extensions/AppleHDA.kext/Contents/PlugIns/AppleHDAHALPlugIn.bundle/Contents/MacOS/AppleHDAHALPlugIn
0x0000000006340000 	/System/Library/Frameworks/OpenGL.framework/Versions/A/Resources/GLEngine.bundle/GLEngine
0x0000000006340000 	/System/Library/Frameworks/OpenGL.framework/Versions/A/Libraries/libGLProgrammability.dylib
0x000000011d195000 	/System/Library/Extensions/AMDRadeonX3000GLDriver.bundle/Contents/MacOS/AMDRadeonX3000GLDriver
0x0000000006340000 	/System/Library/PrivateFrameworks/IOAccelerator.framework/Versions/A/IOAccelerator
0x0000000006340000 	/System/Library/PrivateFrameworks/GPUSupport.framework/Versions/A/Libraries/libGPUSupportMercury.dylib
0x0000000006340000 	/System/Library/Frameworks/OpenGL.framework/Versions/A/Resources/GLRendererFloat.bundle/GLRendererFloat
0x000000011df64000 	/private/var/folders/88/17bh8lj57g7clr2df1qr8vvw0000gp/T/libgdxEnglishWords/829212b4/libgdx-box2d64.dylib

VM Arguments:
jvm_args: -Didea.launcher.port=7533 -Didea.launcher.bin.path=/Applications/Android Studio.app/Contents/bin -Dfile.encoding=UTF-8 
java_command: com.intellij.rt.execution.application.AppMain com.pomavau.crimson.desktop.DesktopLauncher
Launcher Type: SUN_STANDARD

Environment Variables:
PATH=/usr/local/bin:/usr/bin:/bin:/usr/sbin:/sbin
SHELL=/bin/bash

Signal Handlers:
SIGSEGV: [libjvm.dylib+0x52daf1], sa_mask[0]=0xfffefeff, sa_flags=0x00000043
SIGBUS: [libjvm.dylib+0x52daf1], sa_mask[0]=0xfffefeff, sa_flags=0x00000042
SIGFPE: [libjvm.dylib+0x41f34e], sa_mask[0]=0xfffefeff, sa_flags=0x00000042
SIGPIPE: [libjvm.dylib+0x41f34e], sa_mask[0]=0xfffefeff, sa_flags=0x00000042
SIGXFSZ: [libjvm.dylib+0x41f34e], sa_mask[0]=0xfffefeff, sa_flags=0x00000042
SIGILL: [libjvm.dylib+0x41f34e], sa_mask[0]=0xfffefeff, sa_flags=0x00000042
SIGUSR1: SIG_DFL, sa_mask[0]=0x00000000, sa_flags=0x00000000
SIGUSR2: [libjvm.dylib+0x41ee40], sa_mask[0]=0x00000004, sa_flags=0x00000042
SIGHUP: [libjvm.dylib+0x41d0d1], sa_mask[0]=0xfffefeff, sa_flags=0x00000042
SIGINT: [libjvm.dylib+0x41d0d1], sa_mask[0]=0xfffefeff, sa_flags=0x00000042
SIGTERM: [libjvm.dylib+0x41d0d1], sa_mask[0]=0xfffefeff, sa_flags=0x00000042
SIGQUIT: [libjvm.dylib+0x41d0d1], sa_mask[0]=0xfffefeff, sa_flags=0x00000042


---------------  S Y S T E M  ---------------

OS:Bsduname:Darwin 14.5.0 Darwin Kernel Version 14.5.0: Wed Jul 29 02:26:53 PDT 2015; root:xnu-2782.40.9~1/RELEASE_X86_64 x86_64
rlimit: STACK 8192k, CORE 0k, NPROC 709, NOFILE 10240, AS infinity
load average:2.71 1.82 1.03

CPU:total 4 (4 cores per cpu, 1 threads per core) family 6 model 42 stepping 7, cmov, cx8, fxsr, mmx, sse, sse2, sse3, ssse3, sse4.1, sse4.2, popcnt, avx, aes, tsc, tscinvbit

Memory: 4k page, physical 8388608k(2097152k free)

/proc/meminfo:


vm_info: Java HotSpot(TM) 64-Bit Server VM (24.79-b02) for bsd-amd64 JRE (1.7.0_79-b15), built on Apr 10 2015 11:35:04 by "java_re" with gcc 4.2.1 (Based on Apple Inc. build 5658) (LLVM build 2336.11.00)

time: Tue May 10 21:52:13 2016
elapsed time: 13 seconds

