#
# A fatal error has been detected by the Java Runtime Environment:
#
#  SIGSEGV (0xb) at pc=0x00007fff8c7870dd, pid=88351, tid=1811
#
# JRE version: Java(TM) SE Runtime Environment (7.0_79-b15) (build 1.7.0_79-b15)
# Java VM: Java HotSpot(TM) 64-Bit Server VM (24.79-b02 mixed mode bsd-amd64 compressed oops)
# Problematic frame:
# C  [libobjc.A.dylib+0x10dd]  objc_msgSend+0x1d
#
# Failed to write core dump. Core dumps have been disabled. To enable core dumping, try "ulimit -c unlimited" before starting Java again
#
# If you would like to submit a bug report, please visit:
#   http://bugreport.java.com/bugreport/crash.jsp
# The crash happened outside the Java Virtual Machine in native code.
# See problematic frame for where to report the bug.
#

---------------  T H R E A D  ---------------

Current thread (0x00007faca28c7800):  JavaThread "AppKit Thread" daemon [_thread_in_native, id=1811, stack(0x00007fff5d73d000,0x00007fff5d7bd000)]

siginfo:si_signo=SIGSEGV: si_errno=0, si_code=1 (SEGV_MAPERR), si_addr=0x000007faca0e4ae8

Registers:
RAX=0x00007faca0e4b000, RBX=0x00007fff5d7b7608, RCX=0x0000000000000000, RDX=0x00007faca0f64450
RSP=0x00007fff5d7b7428, RBP=0x00007fff5d7b7430, RSI=0x00007fff926f541e, RDI=0x00007faca0e4b000
R8 =0x00007fff5d7b7410, R9 =0x0000000000000056, R10=0x00007fff926f541e, R11=0x000007faca0e4ad0
R12=0x00007faca0c2a8c0, R13=0x00000000000f42f4, R14=0x00007faca0d6d3c0, R15=0x00007fff5d7b7568
RIP=0x00007fff8c7870dd, EFLAGS=0x0000000000010202, ERR=0x0000000000000004
  TRAPNO=0x000000000000000e

Top of Stack: (sp=0x00007fff5d7b7428)
0x00007fff5d7b7428:   00007fff8774c45c 00007fff5d7b7790
0x00007fff5d7b7438:   00007fff8763c634 00007fff5d7b74bc
0x00007fff5d7b7448:   00007fff5d7b74c0 00007fff5d7b74c4
0x00007fff5d7b7458:   00007fff76d0de00 ffffffffffffffff
0x00007fff5d7b7468:   0000000000000810 00007fff76d0de18
0x00007fff5d7b7478:   00007faca0d6d3c0 0000000000000000
0x00007fff5d7b7488:   00007fff5d7b7560 0000000000000000
0x00007fff5d7b7498:   00007faca0e4e310 00007fff5d7b75e0
0x00007fff5d7b74a8:   0000000000000056 00000000000f42f6
0x00007fff5d7b74b8:   00007faca0f64450 00007faca0e4dd40
0x00007fff5d7b74c8:   00007faca0c2a8c0 0000000000000001
0x00007fff5d7b74d8:   00000000000f42f4 00007faca0c2a8b0
0x00007fff5d7b74e8:   00007fff912bcc05 00000001a0c81a90
0x00007fff5d7b74f8:   00007fff75be30d0 0000000042000000
0x00007fff5d7b7508:   00007fff912c3e63 00007fff76cd8240
0x00007fff5d7b7518:   00007fff5d7b75e8 00007fff5d7b7540
0x00007fff5d7b7528:   00007fff5d7b7560 0000000000000000
0x00007fff5d7b7538:   000000000000001a 0004b70300000001
0x00007fff5d7b7548:   00007faca0c2a8e4 0000000000000000
0x00007fff5d7b7558:   0000000000000000 00007faca0e4e390
0x00007fff5d7b7568:   00007faca0d6d3c0 0000002000000000
0x00007fff5d7b7578:   0000000000000000 00007fff75be30d0
0x00007fff5d7b7588:   0000000042000000 00007fff912c34f8
0x00007fff5d7b7598:   00007fff76cd8350 00007fff5d7b74f8
0x00007fff5d7b75a8:   0000000000000000 00007fff5d7b7678
0x00007fff5d7b75b8:   00007fff76eedea0 00007fff5d7b76b0
0x00007fff5d7b75c8:   00007fff94d13770 00007fff5d7b7660
0x00007fff5d7b75d8:   00007fff91e294ed 0000000000000051
0x00007fff5d7b75e8:   0000000000000000 00000000000f42e0
0x00007fff5d7b75f8:   0000000000000053 0000000000000000
0x00007fff5d7b7608:   00000000000f42f4 00007fff5d7b7684
0x00007fff5d7b7618:   0000000000410301 00000000ffffffff 

Instructions: (pc=0x00007fff8c7870dd)
0x00007fff8c7870bd:   00 00 00 48 85 ff 2e 74 7a 40 f6 c7 01 2e 75 7e
0x00007fff8c7870cd:   49 bb f8 ff ff ff ff 7f 00 00 4c 23 1f 49 89 f2
0x00007fff8c7870dd:   45 23 53 18 49 c1 e2 04 4d 03 53 10 49 3b 32 75
0x00007fff8c7870ed:   04 41 ff 62 08 49 83 3a 00 74 6a 4d 3b 53 10 74 

Register to memory mapping:

RAX=0x00007faca0e4b000 is an unknown value
RBX=0x00007fff5d7b7608 is pointing into the stack for thread: 0x00007faca28c7800
RCX=0x0000000000000000 is an unknown value
RDX=0x00007faca0f64450 is an unknown value
RSP=0x00007fff5d7b7428 is pointing into the stack for thread: 0x00007faca28c7800
RBP=0x00007fff5d7b7430 is pointing into the stack for thread: 0x00007faca28c7800
RSI=0x00007fff926f541e: -[NSTitlebarContainerView transparent]+0x5e312 in /System/Library/Frameworks/AppKit.framework/Versions/C/AppKit at 0x00007fff91cf4000
RDI=0x00007faca0e4b000 is an unknown value
R8 =0x00007fff5d7b7410 is pointing into the stack for thread: 0x00007faca28c7800
R9 =0x0000000000000056 is an unknown value
R10=0x00007fff926f541e: -[NSTitlebarContainerView transparent]+0x5e312 in /System/Library/Frameworks/AppKit.framework/Versions/C/AppKit at 0x00007fff91cf4000
R11=0x000007faca0e4ad0 is an unknown value
R12=0x00007faca0c2a8c0 is an unknown value
R13=0x00000000000f42f4 is an unknown value
R14=0x00007faca0d6d3c0 is an unknown value
R15=0x00007fff5d7b7568 is pointing into the stack for thread: 0x00007faca28c7800


Stack: [0x00007fff5d73d000,0x00007fff5d7bd000],  sp=0x00007fff5d7b7428,  free space=489k
Native frames: (J=compiled Java code, j=interpreted, Vv=VM code, C=native code)
C  [libobjc.A.dylib+0x10dd]  objc_msgSend+0x1d
C  [CoreFoundation+0x10634]  _CFXNotificationPost+0xc44
C  [Foundation+0x7aa1]  -[NSNotificationCenter postNotificationName:object:userInfo:]+0x42
C  [AppKit+0x439c2]  -[NSSurface _disposeSurface]+0x98
C  [AppKit+0x43426]  -[NSSurface setWindow:]+0x42
C  [AppKit+0x33910]  -[NSView _setWindow:]+0xa33
C  [AppKit+0x6af91]  -[NSView removeFromSuperview]+0x1c5
C  [AppKit+0x14bd99]  -[NSView removeFromSuperviewWithoutNeedingDisplay]+0x26
C  [liblwjgl.dylib+0xa205]  +[MacOSXKeyableWindow destroyWindow]+0xb5
C  [Foundation+0x92dd0]  __NSThreadPerformPerform+0x125
C  [CoreFoundation+0x80a01]  __CFRUNLOOP_IS_CALLING_OUT_TO_A_SOURCE0_PERFORM_FUNCTION__+0x11
C  [CoreFoundation+0x72b8d]  __CFRunLoopDoSources0+0x10d
C  [CoreFoundation+0x721bf]  __CFRunLoopRun+0x39f
C  [CoreFoundation+0x71bd8]  CFRunLoopRunSpecific+0x128
C  [HIToolbox+0x3256f]  RunCurrentEventLoopInMode+0xeb
C  [HIToolbox+0x322ea]  ReceiveNextEventCommon+0x1af
C  [HIToolbox+0x3212b]  _BlockUntilNextEventMatchingListInModeWithFilter+0x47
C  [AppKit+0x918ab]  _DPSNextEvent+0x3d2
C  [AppKit+0x90e58]  -[NSApplication nextEventMatchingMask:untilDate:inMode:dequeue:]+0x15a
C  [libosxapp.dylib+0x24e3]  -[NSApplicationAWT nextEventMatchingMask:untilDate:inMode:dequeue:]+0x7c
C  [AppKit+0x86af3]  -[NSApplication run]+0x252
C  [libosxapp.dylib+0x2346]  +[NSApplicationAWT runAWTLoopWithApp:]+0x9c
C  [liblwawt.dylib+0xe17d]  -[AWTStarter starter:]+0x369
C  [Foundation+0x92dd0]  __NSThreadPerformPerform+0x125
C  [CoreFoundation+0x80a01]  __CFRUNLOOP_IS_CALLING_OUT_TO_A_SOURCE0_PERFORM_FUNCTION__+0x11
C  [CoreFoundation+0x72b8d]  __CFRunLoopDoSources0+0x10d
C  [CoreFoundation+0x721bf]  __CFRunLoopRun+0x39f
C  [CoreFoundation+0x71bd8]  CFRunLoopRunSpecific+0x128
C  [java+0x73b0]  CreateExecutionEnvironment+0x367
C  [java+0x1b5c]  JLI_Launch+0x7a0
C  [java+0x770d]  main+0x65
C  [java+0x13b4]  start+0x34


---------------  P R O C E S S  ---------------

Java Threads: ( => current thread )
  0x00007faca1003000 JavaThread "AWT-Shutdown" [_thread_blocked, id=28707, stack(0x000000010f702000,0x000000010f802000)]
  0x00007faca2001800 JavaThread "DestroyJavaVM" [_thread_blocked, id=4867, stack(0x0000000103864000,0x0000000103964000)]
  0x00007faca217c000 JavaThread "LWJGL Application" [_thread_in_native, id=66563, stack(0x0000000113dd6000,0x0000000113ed6000)]
=>0x00007faca28c7800 JavaThread "AppKit Thread" daemon [_thread_in_native, id=1811, stack(0x00007fff5d73d000,0x00007fff5d7bd000)]
  0x00007faca28ac800 JavaThread "Monitor Ctrl-Break" daemon [_thread_in_native, id=18691, stack(0x000000010f19f000,0x000000010f29f000)]
  0x00007faca1809000 JavaThread "Service Thread" daemon [_thread_blocked, id=17667, stack(0x000000010edab000,0x000000010eeab000)]
  0x00007faca1804000 JavaThread "C2 CompilerThread1" daemon [_thread_blocked, id=17155, stack(0x000000010eca8000,0x000000010eda8000)]
  0x00007faca1069800 JavaThread "C2 CompilerThread0" daemon [_thread_blocked, id=16643, stack(0x000000010eba5000,0x000000010eca5000)]
  0x00007faca1060000 JavaThread "Signal Dispatcher" daemon [_thread_blocked, id=12563, stack(0x000000010eaa2000,0x000000010eba2000)]
  0x00007faca1802000 JavaThread "Finalizer" daemon [_thread_blocked, id=11523, stack(0x000000010d082000,0x000000010d182000)]
  0x00007faca2805000 JavaThread "Reference Handler" daemon [_thread_blocked, id=11011, stack(0x000000010cf7f000,0x000000010d07f000)]

Other Threads:
  0x00007faca2802800 VMThread [stack: 0x000000010ce7c000,0x000000010cf7c000] [id=10499]
  0x00007faca1806000 WatcherThread [stack: 0x000000010eeae000,0x000000010efae000] [id=18179]

VM state:not at safepoint (normal execution)

VM Mutex/Monitor currently owned by a thread: None

Heap
 PSYoungGen      total 38912K, used 19517K [0x00000007d5500000, 0x00000007d8000000, 0x0000000800000000)
  eden space 33792K, 44% used [0x00000007d5500000,0x00000007d6394430,0x00000007d7600000)
  from space 5120K, 89% used [0x00000007d7600000,0x00000007d7a7b0d8,0x00000007d7b00000)
  to   space 5120K, 0% used [0x00000007d7b00000,0x00000007d7b00000,0x00000007d8000000)
 ParOldGen       total 87040K, used 40K [0x0000000780000000, 0x0000000785500000, 0x00000007d5500000)
  object space 87040K, 0% used [0x0000000780000000,0x000000078000a010,0x0000000785500000)
 PSPermGen       total 21504K, used 10053K [0x000000077ae00000, 0x000000077c300000, 0x0000000780000000)
  object space 21504K, 46% used [0x000000077ae00000,0x000000077b7d1508,0x000000077c300000)

Card table byte_map: [0x0000000106a26000,0x0000000106e50000] byte_map_base: 0x0000000102e4f000

Polling page: 0x000000010259a000

Code Cache  [0x0000000103966000, 0x0000000103bd6000, 0x0000000106966000)
 total_blobs=731 nmethods=274 adapters=411 free_code_cache=47853Kb largest_free_block=48966912

Compilation events (10 events):
Event: 20.954 Thread 0x00007faca1804000 nmethod 269 0x0000000103aae350 code [0x0000000103aae480, 0x0000000103aae518]
Event: 20.958 Thread 0x00007faca1069800 nmethod 267 0x0000000103aad450 code [0x0000000103aad5c0, 0x0000000103aad988]
Event: 21.438 Thread 0x00007faca1804000  270   !         org.lwjgl.opengl.Display::isFullscreen (34 bytes)
Event: 21.439 Thread 0x00007faca1804000 nmethod 270 0x0000000103aacfd0 code [0x0000000103aad120, 0x0000000103aad398]
Event: 21.571 Thread 0x00007faca1069800  271             com.badlogic.gdx.graphics.g2d.SpriteBatch::setTransformMatrix (32 bytes)
Event: 21.573 Thread 0x00007faca1069800 nmethod 271 0x0000000103aafad0 code [0x0000000103aafc40, 0x0000000103aafdb8]
Event: 21.588 Thread 0x00007faca1804000  272             com.badlogic.gdx.physics.box2d.Contact::getFixtureB (22 bytes)
Event: 21.593 Thread 0x00007faca1804000 nmethod 272 0x0000000103aaeed0 code [0x0000000103aaf040, 0x0000000103aaf408]
Event: 22.826 Thread 0x00007faca1069800  274             com.badlogic.gdx.physics.box2d.Fixture::getUserData (5 bytes)
Event: 22.826 Thread 0x00007faca1069800 nmethod 274 0x0000000103aa3750 code [0x0000000103aa3880, 0x0000000103aa38f8]

GC Heap History (2 events):
Event: 2.056 GC heap before
{Heap before GC invocations=1 (full 0):
 PSYoungGen      total 38912K, used 32779K [0x00000007d5500000, 0x00000007d8000000, 0x0000000800000000)
  eden space 33792K, 97% used [0x00000007d5500000,0x00000007d7502d70,0x00000007d7600000)
  from space 5120K, 0% used [0x00000007d7b00000,0x00000007d7b00000,0x00000007d8000000)
  to   space 5120K, 0% used [0x00000007d7600000,0x00000007d7600000,0x00000007d7b00000)
 ParOldGen       total 87040K, used 0K [0x0000000780000000, 0x0000000785500000, 0x00000007d5500000)
  object space 87040K, 0% used [0x0000000780000000,0x0000000780000000,0x0000000785500000)
 PSPermGen       total 21504K, used 9226K [0x000000077ae00000, 0x000000077c300000, 0x0000000780000000)
  object space 21504K, 42% used [0x000000077ae00000,0x000000077b702a90,0x000000077c300000)
Event: 2.063 GC heap after
Heap after GC invocations=1 (full 0):
 PSYoungGen      total 38912K, used 4588K [0x00000007d5500000, 0x00000007d8000000, 0x0000000800000000)
  eden space 33792K, 0% used [0x00000007d5500000,0x00000007d5500000,0x00000007d7600000)
  from space 5120K, 89% used [0x00000007d7600000,0x00000007d7a7b0d8,0x00000007d7b00000)
  to   space 5120K, 0% used [0x00000007d7b00000,0x00000007d7b00000,0x00000007d8000000)
 ParOldGen       total 87040K, used 40K [0x0000000780000000, 0x0000000785500000, 0x00000007d5500000)
  object space 87040K, 0% used [0x0000000780000000,0x000000078000a010,0x0000000785500000)
 PSPermGen       total 21504K, used 9226K [0x000000077ae00000, 0x000000077c300000, 0x0000000780000000)
  object space 21504K, 42% used [0x000000077ae00000,0x000000077b702a90,0x000000077c300000)
}

Deoptimization events (5 events):
Event: 1.236 Thread 0x00007faca217c000 Uncommon trap: reason=intrinsic action=make_not_entrant pc=0x0000000103a1a220 method=com.badlogic.gdx.graphics.g2d.freetype.FreeType$Bitmap.getPixmap(Lcom/badlogic/gdx/graphics/Pixmap$Format;Lcom/badlogic/gdx/graphics/Color;F)Lcom/badlogic/gdx/graphics/Pi
Event: 1.347 Thread 0x00007faca217c000 Uncommon trap: reason=unreached action=reinterpret pc=0x0000000103a20a74 method=com.badlogic.gdx.graphics.g2d.freetype.FreeTypeFontGenerator.generateData(Lcom/badlogic/gdx/graphics/g2d/freetype/FreeTypeFontGenerator$FreeTypeFontParameter;Lcom/badlogic/gdx
Event: 8.975 Thread 0x00007faca217c000 Uncommon trap: reason=array_check action=maybe_recompile pc=0x0000000103a6e634 method=com.badlogic.gdx.utils.Array.add(Ljava/lang/Object;)V @ 46
Event: 8.983 Thread 0x00007faca217c000 Uncommon trap: reason=array_check action=maybe_recompile pc=0x0000000103a6e634 method=com.badlogic.gdx.utils.Array.add(Ljava/lang/Object;)V @ 46
Event: 8.991 Thread 0x00007faca217c000 Uncommon trap: reason=array_check action=maybe_recompile pc=0x0000000103a6e634 method=com.badlogic.gdx.utils.Array.add(Ljava/lang/Object;)V @ 46

Internal exceptions (10 events):
Event: 2.710 Thread 0x00007faca217c000 Threw 0x00000007d5d58220 at /HUDSON/workspace/7u-2-build-macosx-x86_64/jdk7u79/2331/hotspot/src/share/vm/prims/jvm.cpp:1304
Event: 2.711 Thread 0x00007faca217c000 Threw 0x00000007d5d5e8a8 at /HUDSON/workspace/7u-2-build-macosx-x86_64/jdk7u79/2331/hotspot/src/share/vm/prims/jvm.cpp:1304
Event: 3.268 Thread 0x00007faca217c000 Threw 0x00000007d5d654e8 at /HUDSON/workspace/7u-2-build-macosx-x86_64/jdk7u79/2331/hotspot/src/share/vm/prims/jvm.cpp:1304
Event: 3.418 Thread 0x00007faca217c000 Threw 0x00000007d5d6c268 at /HUDSON/workspace/7u-2-build-macosx-x86_64/jdk7u79/2331/hotspot/src/share/vm/prims/jvm.cpp:1304
Event: 3.971 Thread 0x00007faca217c000 Threw 0x00000007d5d8e158 at /HUDSON/workspace/7u-2-build-macosx-x86_64/jdk7u79/2331/hotspot/src/share/vm/prims/jvm.cpp:1304
Event: 3.974 Thread 0x00007faca217c000 Threw 0x00000007d5d93ca8 at /HUDSON/workspace/7u-2-build-macosx-x86_64/jdk7u79/2331/hotspot/src/share/vm/prims/jvm.cpp:1304
Event: 3.975 Thread 0x00007faca217c000 Threw 0x00000007d5d98fa8 at /HUDSON/workspace/7u-2-build-macosx-x86_64/jdk7u79/2331/hotspot/src/share/vm/prims/jvm.cpp:1304
Event: 4.069 Thread 0x00007faca217c000 Threw 0x00000007d5da0c60 at /HUDSON/workspace/7u-2-build-macosx-x86_64/jdk7u79/2331/hotspot/src/share/vm/prims/jvm.cpp:1304
Event: 22.942 Thread 0x00007faca217c000 Threw 0x00000007d6331af0 at /HUDSON/workspace/7u-2-build-macosx-x86_64/jdk7u79/2331/hotspot/src/share/vm/prims/jvm.cpp:1304
Event: 22.964 Thread 0x00007faca217c000 Threw 0x00000007d6338a80 at /HUDSON/workspace/7u-2-build-macosx-x86_64/jdk7u79/2331/hotspot/src/share/vm/prims/jvm.cpp:1304

Events (10 events):
Event: 21.052 Executing VM operation: RevokeBias
Event: 21.052 Executing VM operation: RevokeBias done
Event: 21.053 Executing VM operation: RevokeBias
Event: 21.053 Executing VM operation: RevokeBias done
Event: 21.053 Thread 0x00007faca24e9000 Thread exited: 0x00007faca24e9000
Event: 22.826 Thread 0x00007faca1003000 Thread added: 0x00007faca1003000
Event: 22.942 loading class 0x00007faca0f12f70
Event: 22.942 loading class 0x00007faca0f12f70 done
Event: 22.964 loading class 0x00007faca0e49470
Event: 22.964 loading class 0x00007faca0e49470 done


Dynamic libraries:
0x0000000005095000 	/System/Library/Frameworks/Cocoa.framework/Versions/A/Cocoa
0x0000000005095000 	/System/Library/Frameworks/Security.framework/Versions/A/Security
0x0000000005095000 	/System/Library/Frameworks/ApplicationServices.framework/Versions/A/ApplicationServices
0x0000000005095000 	/usr/lib/libz.1.dylib
0x0000000005095000 	/usr/lib/libSystem.B.dylib
0x0000000005095000 	/usr/lib/libobjc.A.dylib
0x0000000005095000 	/System/Library/Frameworks/CoreFoundation.framework/Versions/A/CoreFoundation
0x0000000005095000 	/System/Library/Frameworks/Foundation.framework/Versions/C/Foundation
0x0000000005095000 	/System/Library/Frameworks/AppKit.framework/Versions/C/AppKit
0x0000000005095000 	/System/Library/Frameworks/CoreData.framework/Versions/A/CoreData
0x0000000005095000 	/System/Library/PrivateFrameworks/RemoteViewServices.framework/Versions/A/RemoteViewServices
0x0000000005095000 	/System/Library/PrivateFrameworks/UIFoundation.framework/Versions/A/UIFoundation
0x0000000005095000 	/System/Library/Frameworks/IOSurface.framework/Versions/A/IOSurface
0x0000000005095000 	/System/Library/Frameworks/AudioToolbox.framework/Versions/A/AudioToolbox
0x0000000005095000 	/System/Library/Frameworks/AudioUnit.framework/Versions/A/AudioUnit
0x0000000005095000 	/System/Library/PrivateFrameworks/DataDetectorsCore.framework/Versions/A/DataDetectorsCore
0x0000000005095000 	/System/Library/PrivateFrameworks/DesktopServicesPriv.framework/Versions/A/DesktopServicesPriv
0x0000000005095000 	/System/Library/Frameworks/Carbon.framework/Versions/A/Frameworks/HIToolbox.framework/Versions/A/HIToolbox
0x0000000005095000 	/System/Library/Frameworks/QuartzCore.framework/Versions/A/QuartzCore
0x0000000005095000 	/System/Library/Frameworks/Carbon.framework/Versions/A/Frameworks/SpeechRecognition.framework/Versions/A/SpeechRecognition
0x0000000005095000 	/usr/lib/libauto.dylib
0x0000000005095000 	/usr/lib/libicucore.A.dylib
0x0000000005095000 	/usr/lib/libxml2.2.dylib
0x0000000005095000 	/System/Library/PrivateFrameworks/CoreUI.framework/Versions/A/CoreUI
0x0000000005095000 	/System/Library/Frameworks/CoreAudio.framework/Versions/A/CoreAudio
0x0000000005095000 	/System/Library/Frameworks/DiskArbitration.framework/Versions/A/DiskArbitration
0x0000000005095000 	/usr/lib/liblangid.dylib
0x0000000005095000 	/System/Library/PrivateFrameworks/MultitouchSupport.framework/Versions/A/MultitouchSupport
0x0000000005095000 	/System/Library/Frameworks/IOKit.framework/Versions/A/IOKit
0x0000000005095000 	/usr/lib/libDiagnosticMessagesClient.dylib
0x0000000005095000 	/System/Library/Frameworks/CoreServices.framework/Versions/A/CoreServices
0x0000000005095000 	/System/Library/PrivateFrameworks/PerformanceAnalysis.framework/Versions/A/PerformanceAnalysis
0x0000000005095000 	/System/Library/PrivateFrameworks/GenerationalStorage.framework/Versions/A/GenerationalStorage
0x0000000005095000 	/System/Library/Frameworks/OpenGL.framework/Versions/A/OpenGL
0x0000000005095000 	/System/Library/PrivateFrameworks/Sharing.framework/Versions/A/Sharing
0x0000000005095000 	/System/Library/Frameworks/CoreGraphics.framework/Versions/A/CoreGraphics
0x0000000005095000 	/System/Library/Frameworks/CoreText.framework/Versions/A/CoreText
0x0000000005095000 	/System/Library/Frameworks/ImageIO.framework/Versions/A/ImageIO
0x0000000005095000 	/usr/lib/libextension.dylib
0x0000000005095000 	/System/Library/PrivateFrameworks/Backup.framework/Versions/A/Backup
0x0000000005095000 	/usr/lib/libarchive.2.dylib
0x0000000005095000 	/System/Library/Frameworks/CFNetwork.framework/Versions/A/CFNetwork
0x0000000005095000 	/System/Library/Frameworks/SystemConfiguration.framework/Versions/A/SystemConfiguration
0x0000000005095000 	/usr/lib/libCRFSuite.dylib
0x0000000005095000 	/usr/lib/libc++.1.dylib
0x0000000005095000 	/usr/lib/libc++abi.dylib
0x0000000005095000 	/usr/lib/system/libcache.dylib
0x0000000005095000 	/usr/lib/system/libcommonCrypto.dylib
0x0000000005095000 	/usr/lib/system/libcompiler_rt.dylib
0x0000000005095000 	/usr/lib/system/libcopyfile.dylib
0x0000000005095000 	/usr/lib/system/libcorecrypto.dylib
0x0000000005095000 	/usr/lib/system/libdispatch.dylib
0x0000000005095000 	/usr/lib/system/libdyld.dylib
0x0000000005095000 	/usr/lib/system/libkeymgr.dylib
0x0000000005095000 	/usr/lib/system/liblaunch.dylib
0x0000000005095000 	/usr/lib/system/libmacho.dylib
0x0000000005095000 	/usr/lib/system/libquarantine.dylib
0x0000000005095000 	/usr/lib/system/libremovefile.dylib
0x0000000005095000 	/usr/lib/system/libsystem_asl.dylib
0x0000000005095000 	/usr/lib/system/libsystem_blocks.dylib
0x0000000005095000 	/usr/lib/system/libsystem_c.dylib
0x0000000005095000 	/usr/lib/system/libsystem_configuration.dylib
0x0000000005095000 	/usr/lib/system/libsystem_coreservices.dylib
0x0000000005095000 	/usr/lib/system/libsystem_coretls.dylib
0x0000000005095000 	/usr/lib/system/libsystem_dnssd.dylib
0x0000000005095000 	/usr/lib/system/libsystem_info.dylib
0x0000000005095000 	/usr/lib/system/libsystem_kernel.dylib
0x0000000005095000 	/usr/lib/system/libsystem_m.dylib
0x0000000005095000 	/usr/lib/system/libsystem_malloc.dylib
0x0000000005095000 	/usr/lib/system/libsystem_network.dylib
0x0000000005095000 	/usr/lib/system/libsystem_networkextension.dylib
0x0000000005095000 	/usr/lib/system/libsystem_notify.dylib
0x0000000005095000 	/usr/lib/system/libsystem_platform.dylib
0x0000000005095000 	/usr/lib/system/libsystem_pthread.dylib
0x0000000005095000 	/usr/lib/system/libsystem_sandbox.dylib
0x0000000005095000 	/usr/lib/system/libsystem_secinit.dylib
0x0000000005095000 	/usr/lib/system/libsystem_stats.dylib
0x0000000005095000 	/usr/lib/system/libsystem_trace.dylib
0x0000000005095000 	/usr/lib/system/libunc.dylib
0x0000000005095000 	/usr/lib/system/libunwind.dylib
0x0000000005095000 	/usr/lib/system/libxpc.dylib
0x0000000005095000 	/usr/lib/libbz2.1.0.dylib
0x0000000005095000 	/usr/lib/liblzma.5.dylib
0x0000000005095000 	/usr/lib/libbsm.0.dylib
0x0000000005095000 	/usr/lib/libsqlite3.dylib
0x0000000005095000 	/usr/lib/system/libkxld.dylib
0x0000000005095000 	/usr/lib/libxar.1.dylib
0x0000000005095000 	/usr/lib/libpam.2.dylib
0x0000000005095000 	/usr/lib/libOpenScriptingUtil.dylib
0x0000000005095000 	/System/Library/Frameworks/CoreServices.framework/Versions/A/Frameworks/FSEvents.framework/Versions/A/FSEvents
0x0000000005095000 	/System/Library/Frameworks/CoreServices.framework/Versions/A/Frameworks/CarbonCore.framework/Versions/A/CarbonCore
0x0000000005095000 	/System/Library/Frameworks/CoreServices.framework/Versions/A/Frameworks/Metadata.framework/Versions/A/Metadata
0x0000000005095000 	/System/Library/Frameworks/CoreServices.framework/Versions/A/Frameworks/OSServices.framework/Versions/A/OSServices
0x0000000005095000 	/System/Library/Frameworks/CoreServices.framework/Versions/A/Frameworks/SearchKit.framework/Versions/A/SearchKit
0x0000000005095000 	/System/Library/Frameworks/CoreServices.framework/Versions/A/Frameworks/AE.framework/Versions/A/AE
0x0000000005095000 	/System/Library/Frameworks/CoreServices.framework/Versions/A/Frameworks/LaunchServices.framework/Versions/A/LaunchServices
0x0000000005095000 	/System/Library/Frameworks/CoreServices.framework/Versions/A/Frameworks/DictionaryServices.framework/Versions/A/DictionaryServices
0x0000000005095000 	/System/Library/Frameworks/NetFS.framework/Versions/A/NetFS
0x0000000005095000 	/System/Library/PrivateFrameworks/NetAuth.framework/Versions/A/NetAuth
0x0000000005095000 	/System/Library/PrivateFrameworks/login.framework/Versions/A/Frameworks/loginsupport.framework/Versions/A/loginsupport
0x0000000005095000 	/System/Library/PrivateFrameworks/TCC.framework/Versions/A/TCC
0x0000000005095000 	/usr/lib/libmecabra.dylib
0x0000000005095000 	/System/Library/Frameworks/ApplicationServices.framework/Versions/A/Frameworks/ATS.framework/Versions/A/ATS
0x0000000005095000 	/System/Library/Frameworks/ApplicationServices.framework/Versions/A/Frameworks/ColorSync.framework/Versions/A/ColorSync
0x0000000005095000 	/System/Library/Frameworks/ApplicationServices.framework/Versions/A/Frameworks/HIServices.framework/Versions/A/HIServices
0x0000000005095000 	/System/Library/Frameworks/ApplicationServices.framework/Versions/A/Frameworks/LangAnalysis.framework/Versions/A/LangAnalysis
0x0000000005095000 	/System/Library/Frameworks/ApplicationServices.framework/Versions/A/Frameworks/PrintCore.framework/Versions/A/PrintCore
0x0000000005095000 	/System/Library/Frameworks/ApplicationServices.framework/Versions/A/Frameworks/QD.framework/Versions/A/QD
0x0000000005095000 	/System/Library/Frameworks/ApplicationServices.framework/Versions/A/Frameworks/SpeechSynthesis.framework/Versions/A/SpeechSynthesis
0x0000000005095000 	/System/Library/Frameworks/Accelerate.framework/Versions/A/Accelerate
0x0000000005095000 	/System/Library/Frameworks/Accelerate.framework/Versions/A/Frameworks/vImage.framework/Versions/A/vImage
0x0000000005095000 	/System/Library/Frameworks/Accelerate.framework/Versions/A/Frameworks/vecLib.framework/Versions/A/vecLib
0x0000000005095000 	/System/Library/Frameworks/Accelerate.framework/Versions/A/Frameworks/vecLib.framework/Versions/A/libvDSP.dylib
0x0000000005095000 	/System/Library/Frameworks/Accelerate.framework/Versions/A/Frameworks/vecLib.framework/Versions/A/libvMisc.dylib
0x0000000005095000 	/System/Library/Frameworks/Accelerate.framework/Versions/A/Frameworks/vecLib.framework/Versions/A/libLAPACK.dylib
0x0000000005095000 	/System/Library/Frameworks/Accelerate.framework/Versions/A/Frameworks/vecLib.framework/Versions/A/libBLAS.dylib
0x0000000005095000 	/System/Library/Frameworks/Accelerate.framework/Versions/A/Frameworks/vecLib.framework/Versions/A/libLinearAlgebra.dylib
0x0000000005095000 	/System/Library/Frameworks/ApplicationServices.framework/Versions/A/Frameworks/ATS.framework/Versions/A/Resources/libFontParser.dylib
0x0000000005095000 	/System/Library/Frameworks/ApplicationServices.framework/Versions/A/Frameworks/ATS.framework/Versions/A/Resources/libFontRegistry.dylib
0x0000000005095000 	/System/Library/PrivateFrameworks/AppleVPA.framework/Versions/A/AppleVPA
0x0000000005095000 	/System/Library/PrivateFrameworks/AppleJPEG.framework/Versions/A/AppleJPEG
0x0000000005095000 	/System/Library/Frameworks/ImageIO.framework/Versions/A/Resources/libJPEG.dylib
0x0000000005095000 	/System/Library/Frameworks/ImageIO.framework/Versions/A/Resources/libTIFF.dylib
0x0000000005095000 	/System/Library/Frameworks/ImageIO.framework/Versions/A/Resources/libPng.dylib
0x0000000005095000 	/System/Library/Frameworks/ImageIO.framework/Versions/A/Resources/libGIF.dylib
0x0000000005095000 	/System/Library/Frameworks/ImageIO.framework/Versions/A/Resources/libJP2.dylib
0x0000000005095000 	/System/Library/Frameworks/ImageIO.framework/Versions/A/Resources/libRadiance.dylib
0x0000000005095000 	/System/Library/Frameworks/CoreVideo.framework/Versions/A/CoreVideo
0x0000000005095000 	/System/Library/Frameworks/OpenGL.framework/Versions/A/Libraries/libGLU.dylib
0x0000000005095000 	/System/Library/Frameworks/OpenGL.framework/Versions/A/Libraries/libGFXShared.dylib
0x0000000005095000 	/System/Library/Frameworks/OpenGL.framework/Versions/A/Libraries/libGL.dylib
0x0000000005095000 	/System/Library/Frameworks/OpenGL.framework/Versions/A/Libraries/libGLImage.dylib
0x0000000005095000 	/System/Library/Frameworks/OpenGL.framework/Versions/A/Libraries/libCVMSPluginSupport.dylib
0x0000000005095000 	/System/Library/Frameworks/OpenGL.framework/Versions/A/Libraries/libCoreVMClient.dylib
0x0000000005095000 	/usr/lib/libcups.2.dylib
0x0000000005095000 	/System/Library/Frameworks/Kerberos.framework/Versions/A/Kerberos
0x0000000005095000 	/System/Library/Frameworks/GSS.framework/Versions/A/GSS
0x0000000005095000 	/usr/lib/libresolv.9.dylib
0x0000000005095000 	/usr/lib/libiconv.2.dylib
0x0000000005095000 	/System/Library/PrivateFrameworks/Heimdal.framework/Versions/A/Heimdal
0x0000000005095000 	/usr/lib/libheimdal-asn1.dylib
0x0000000005095000 	/System/Library/Frameworks/OpenDirectory.framework/Versions/A/OpenDirectory
0x0000000005095000 	/System/Library/PrivateFrameworks/CommonAuth.framework/Versions/A/CommonAuth
0x0000000005095000 	/System/Library/Frameworks/OpenDirectory.framework/Versions/A/Frameworks/CFOpenDirectory.framework/Versions/A/CFOpenDirectory
0x0000000005095000 	/System/Library/Frameworks/SecurityFoundation.framework/Versions/A/SecurityFoundation
0x0000000005095000 	/System/Library/PrivateFrameworks/LanguageModeling.framework/Versions/A/LanguageModeling
0x0000000005095000 	/usr/lib/libcmph.dylib
0x0000000005095000 	/System/Library/Frameworks/ServiceManagement.framework/Versions/A/ServiceManagement
0x0000000005095000 	/usr/lib/libxslt.1.dylib
0x0000000005095000 	/System/Library/Frameworks/Carbon.framework/Versions/A/Frameworks/Ink.framework/Versions/A/Ink
0x0000000005095000 	/System/Library/Frameworks/QuartzCore.framework/Versions/A/Frameworks/CoreImage.framework/Versions/A/CoreImage
0x0000000005095000 	/System/Library/PrivateFrameworks/CrashReporterSupport.framework/Versions/A/CrashReporterSupport
0x0000000005095000 	/System/Library/Frameworks/OpenCL.framework/Versions/A/OpenCL
0x0000000005095000 	/System/Library/PrivateFrameworks/FaceCore.framework/Versions/A/FaceCore
0x0000000005095000 	/System/Library/PrivateFrameworks/Ubiquity.framework/Versions/A/Ubiquity
0x0000000005095000 	/System/Library/PrivateFrameworks/IconServices.framework/Versions/A/IconServices
0x0000000005095000 	/System/Library/PrivateFrameworks/ChunkingLibrary.framework/Versions/A/ChunkingLibrary
0x0000000005095000 	/System/Library/PrivateFrameworks/Apple80211.framework/Versions/A/Apple80211
0x0000000005095000 	/System/Library/Frameworks/CoreWLAN.framework/Versions/A/CoreWLAN
0x0000000005095000 	/System/Library/Frameworks/IOBluetooth.framework/Versions/A/IOBluetooth
0x0000000005095000 	/System/Library/PrivateFrameworks/CoreWiFi.framework/Versions/A/CoreWiFi
0x0000000005095000 	/System/Library/Frameworks/CoreBluetooth.framework/Versions/A/CoreBluetooth
0x0000000005095000 	/System/Library/PrivateFrameworks/DebugSymbols.framework/Versions/A/DebugSymbols
0x0000000005095000 	/System/Library/PrivateFrameworks/CoreSymbolication.framework/Versions/A/CoreSymbolication
0x0000000005095000 	/System/Library/PrivateFrameworks/Symbolication.framework/Versions/A/Symbolication
0x0000000005095000 	/System/Library/PrivateFrameworks/SpeechRecognitionCore.framework/Versions/A/SpeechRecognitionCore
0x000000004818e000 	/System/Library/CoreServices/Encodings/libCyrillicConverter.dylib
0x0000000102e00000 	/Library/Java/JavaVirtualMachines/jdk1.7.0_79.jdk/Contents/Home/jre/lib/server/libjvm.dylib
0x0000000005095000 	/usr/lib/libstdc++.6.dylib
0x000000010255d000 	/Library/Java/JavaVirtualMachines/jdk1.7.0_79.jdk/Contents/Home/jre/lib/libverify.dylib
0x000000010256a000 	/Library/Java/JavaVirtualMachines/jdk1.7.0_79.jdk/Contents/Home/jre/lib/libjava.dylib
0x00000001025a4000 	/Library/Java/JavaVirtualMachines/jdk1.7.0_79.jdk/Contents/Home/jre/lib/libzip.dylib
0x000000010d184000 	/System/Library/Frameworks/JavaVM.framework/Frameworks/JavaRuntimeSupport.framework/JavaRuntimeSupport
0x000000010d19a000 	/System/Library/Frameworks/JavaVM.framework/Versions/A/Frameworks/JavaNativeFoundation.framework/Versions/A/JavaNativeFoundation
0x000000010d1ae000 	/System/Library/Frameworks/JavaVM.framework/Versions/A/JavaVM
0x0000000005095000 	/System/Library/Frameworks/Carbon.framework/Versions/A/Carbon
0x000000010d1ba000 	/System/Library/PrivateFrameworks/JavaLaunching.framework/Versions/A/JavaLaunching
0x0000000005095000 	/System/Library/Frameworks/Carbon.framework/Versions/A/Frameworks/CommonPanels.framework/Versions/A/CommonPanels
0x0000000005095000 	/System/Library/Frameworks/Carbon.framework/Versions/A/Frameworks/Help.framework/Versions/A/Help
0x0000000005095000 	/System/Library/Frameworks/Carbon.framework/Versions/A/Frameworks/ImageCapture.framework/Versions/A/ImageCapture
0x0000000005095000 	/System/Library/Frameworks/Carbon.framework/Versions/A/Frameworks/OpenScripting.framework/Versions/A/OpenScripting
0x0000000005095000 	/System/Library/Frameworks/Carbon.framework/Versions/A/Frameworks/Print.framework/Versions/A/Print
0x0000000005095000 	/System/Library/Frameworks/Carbon.framework/Versions/A/Frameworks/SecurityHI.framework/Versions/A/SecurityHI
0x000000010f19b000 	/Applications/Android Studio.app/Contents/bin/libbreakgen64.jnilib
0x000000010f2a1000 	/Library/Java/JavaVirtualMachines/jdk1.7.0_79.jdk/Contents/Home/jre/lib/libnet.dylib
0x000000010f368000 	/private/var/folders/88/17bh8lj57g7clr2df1qr8vvw0000gp/T/libgdxEnglishWords/ad4da71/libgdx64.dylib
0x000000010f3bf000 	/Library/Java/JavaVirtualMachines/jdk1.7.0_79.jdk/Contents/Home/jre/lib/libawt.dylib
0x000000010f46e000 	/Library/Java/JavaVirtualMachines/jdk1.7.0_79.jdk/Contents/Home/jre/lib/./libmlib_image.dylib
0x000000010f53a000 	/Library/Java/JavaVirtualMachines/jdk1.7.0_79.jdk/Contents/Home/jre/lib/lwawt/liblwawt.dylib
0x000000010f5f0000 	/Library/Java/JavaVirtualMachines/jdk1.7.0_79.jdk/Contents/Home/jre/lib/libosxapp.dylib
0x0000000005095000 	/System/Library/Frameworks/ExceptionHandling.framework/Versions/A/ExceptionHandling
0x0000000005095000 	/System/Library/PrivateFrameworks/CoreServicesInternal.framework/Versions/A/CoreServicesInternal
0x0000000005095000 	/System/Library/PrivateFrameworks/CloudDocs.framework/Versions/A/CloudDocs
0x0000000005095000 	/System/Library/PrivateFrameworks/CoreDuet.framework/Versions/A/CoreDuet
0x0000000005095000 	/System/Library/Frameworks/CloudKit.framework/Versions/A/CloudKit
0x0000000005095000 	/System/Library/PrivateFrameworks/ProtocolBuffer.framework/Versions/A/ProtocolBuffer
0x0000000005095000 	/System/Library/PrivateFrameworks/CoreDuetDaemonProtocol.framework/Versions/A/CoreDuetDaemonProtocol
0x0000000005095000 	/System/Library/PrivateFrameworks/CoreDuetDebugLogging.framework/Versions/A/CoreDuetDebugLogging
0x0000000005095000 	/System/Library/PrivateFrameworks/MMCS.framework/Versions/A/MMCS
0x0000000005095000 	/System/Library/Frameworks/CoreLocation.framework/Versions/A/CoreLocation
0x0000000005095000 	/System/Library/PrivateFrameworks/ProtectedCloudStorage.framework/Versions/A/ProtectedCloudStorage
0x0000000005095000 	/System/Library/PrivateFrameworks/GeoServices.framework/Versions/A/GeoServices
0x0000000005095000 	/System/Library/Frameworks/CoreGraphics.framework/Versions/A/Resources/libCGCMS.A.dylib
0x0000000005095000 	/System/Library/Frameworks/CoreGraphics.framework/Versions/A/Resources/libRIP.A.dylib
0x0000000005095000 	/System/Library/Frameworks/CoreGraphics.framework/Versions/A/Resources/libCGXType.A.dylib
0x0000000005095000 	/System/Library/Frameworks/OpenCL.framework/Versions/A/Libraries/libcldcpuengine.dylib
0x0000000005095000 	/System/Library/PrivateFrameworks/DiskImages.framework/Versions/A/DiskImages
0x0000000005095000 	/System/Library/Frameworks/DiscRecording.framework/Versions/A/DiscRecording
0x0000000005095000 	/usr/lib/libcsfde.dylib
0x0000000005095000 	/usr/lib/libcurl.4.dylib
0x0000000005095000 	/System/Library/PrivateFrameworks/MediaKit.framework/Versions/A/MediaKit
0x0000000005095000 	/usr/lib/libCoreStorage.dylib
0x0000000005095000 	/System/Library/PrivateFrameworks/EFILogin.framework/Versions/A/EFILogin
0x0000000005095000 	/usr/lib/libutil.dylib
0x0000000005095000 	/System/Library/PrivateFrameworks/FindMyDevice.framework/Versions/A/FindMyDevice
0x0000000005095000 	/System/Library/Frameworks/LDAP.framework/Versions/A/LDAP
0x0000000005095000 	/usr/lib/libsasl2.2.dylib
0x0000000005095000 	/System/Library/PrivateFrameworks/CoreDaemon.framework/Versions/B/CoreDaemon
0x0000000005095000 	/usr/lib/libcrypto.0.9.8.dylib
0x0000000005095000 	/System/Library/PrivateFrameworks/AppleSRP.framework/Versions/A/AppleSRP
0x0000000005095000 	/System/Library/PrivateFrameworks/TrustEvaluationAgent.framework/Versions/A/TrustEvaluationAgent
0x0000000112718000 	cl_kernels
0x000000011271a000 	/System/Library/Frameworks/OpenCL.framework/Versions/A/Libraries/ImageFormats/unorm8_bgra.dylib
0x0000000112709000 	cl_kernels
0x0000000005095000 	/System/Library/PrivateFrameworks/FamilyControls.framework/Versions/A/FamilyControls
0x0000000005095000 	/System/Library/PrivateFrameworks/CommerceKit.framework/Versions/A/Frameworks/CommerceCore.framework/Versions/A/CommerceCore
0x0000000005095000 	/System/Library/PrivateFrameworks/SystemAdministration.framework/Versions/A/SystemAdministration
0x0000000005095000 	/System/Library/PrivateFrameworks/AppContainer.framework/Versions/A/AppContainer
0x0000000005095000 	/System/Library/PrivateFrameworks/SecCodeWrapper.framework/Versions/A/SecCodeWrapper
0x0000000005095000 	/System/Library/Frameworks/DirectoryService.framework/Versions/A/DirectoryService
0x0000000005095000 	/System/Library/PrivateFrameworks/LoginUIKit.framework/Versions/A/Frameworks/LoginUICore.framework/Versions/A/LoginUICore
0x0000000005095000 	/usr/lib/libodfde.dylib
0x0000000113915000 	/Library/Java/JavaVirtualMachines/jdk1.7.0_79.jdk/Contents/Home/jre/lib/libfontmanager.dylib
0x000000011397c000 	/private/var/folders/88/17bh8lj57g7clr2df1qr8vvw0000gp/T/libgdxEnglishWords/f7649394/liblwjgl.dylib
0x0000000111c41000 	/Library/Java/JavaVirtualMachines/jdk1.7.0_79.jdk/Contents/Home/jre/lib/libjawt.dylib
0x00000001139fe000 	/var/folders/88/17bh8lj57g7clr2df1qr8vvw0000gp/T/libgdxEnglishWords/f7649394/openal.dylib
0x0000000113a6d000 	/System/Library/Components/CoreAudio.component/Contents/MacOS/CoreAudio
0x0000000111c59000 	/System/Library/Extensions/AppleHDA.kext/Contents/PlugIns/AppleHDAHALPlugIn.bundle/Contents/MacOS/AppleHDAHALPlugIn
0x0000000005095000 	/System/Library/Frameworks/OpenGL.framework/Versions/A/Resources/GLEngine.bundle/GLEngine
0x0000000005095000 	/System/Library/Frameworks/OpenGL.framework/Versions/A/Libraries/libGLProgrammability.dylib
0x0000000113ed8000 	/System/Library/Extensions/AMDRadeonX3000GLDriver.bundle/Contents/MacOS/AMDRadeonX3000GLDriver
0x0000000005095000 	/System/Library/PrivateFrameworks/IOAccelerator.framework/Versions/A/IOAccelerator
0x0000000005095000 	/System/Library/PrivateFrameworks/GPUSupport.framework/Versions/A/Libraries/libGPUSupportMercury.dylib
0x0000000005095000 	/System/Library/Frameworks/OpenGL.framework/Versions/A/Resources/GLRendererFloat.bundle/GLRendererFloat
0x00000001155f9000 	/private/var/folders/88/17bh8lj57g7clr2df1qr8vvw0000gp/T/libgdxEnglishWords/918f1e71/libgdx-freetype64.dylib
0x0000000111af8000 	/Library/Java/JavaVirtualMachines/jdk1.7.0_79.jdk/Contents/Home/jre/lib/libnio.dylib
0x0000000111b07000 	/private/var/folders/88/17bh8lj57g7clr2df1qr8vvw0000gp/T/libgdxEnglishWords/829212b4/libgdx-box2d64.dylib

VM Arguments:
jvm_args: -Didea.launcher.port=7555 -Didea.launcher.bin.path=/Applications/Android Studio.app/Contents/bin -Dfile.encoding=UTF-8 
java_command: com.intellij.rt.execution.application.AppMain com.pomavau.crimson.desktop.DesktopLauncher
Launcher Type: SUN_STANDARD

Environment Variables:
PATH=/usr/local/bin:/usr/bin:/bin:/usr/sbin:/sbin
SHELL=/bin/bash

Signal Handlers:
SIGSEGV: [libjvm.dylib+0x52daf1], sa_mask[0]=0xfffefeff, sa_flags=0x00000043
SIGBUS: [libjvm.dylib+0x52daf1], sa_mask[0]=0xfffefeff, sa_flags=0x00000042
SIGFPE: [libjvm.dylib+0x41f34e], sa_mask[0]=0xfffefeff, sa_flags=0x00000042
SIGPIPE: [libjvm.dylib+0x41f34e], sa_mask[0]=0xfffefeff, sa_flags=0x00000042
SIGXFSZ: [libjvm.dylib+0x41f34e], sa_mask[0]=0xfffefeff, sa_flags=0x00000042
SIGILL: [libjvm.dylib+0x41f34e], sa_mask[0]=0xfffefeff, sa_flags=0x00000042
SIGUSR1: SIG_DFL, sa_mask[0]=0x00000000, sa_flags=0x00000000
SIGUSR2: [libjvm.dylib+0x41ee40], sa_mask[0]=0x00000004, sa_flags=0x00000042
SIGHUP: [libjvm.dylib+0x41d0d1], sa_mask[0]=0xfffefeff, sa_flags=0x00000042
SIGINT: [libjvm.dylib+0x41d0d1], sa_mask[0]=0xfffefeff, sa_flags=0x00000042
SIGTERM: [libjvm.dylib+0x41d0d1], sa_mask[0]=0xfffefeff, sa_flags=0x00000042
SIGQUIT: [libjvm.dylib+0x41d0d1], sa_mask[0]=0xfffefeff, sa_flags=0x00000042


---------------  S Y S T E M  ---------------

OS:Bsduname:Darwin 14.5.0 Darwin Kernel Version 14.5.0: Wed Jul 29 02:26:53 PDT 2015; root:xnu-2782.40.9~1/RELEASE_X86_64 x86_64
rlimit: STACK 8192k, CORE 0k, NPROC 709, NOFILE 10240, AS infinity
load average:2.47 2.10 2.01

CPU:total 4 (4 cores per cpu, 1 threads per core) family 6 model 42 stepping 7, cmov, cx8, fxsr, mmx, sse, sse2, sse3, ssse3, sse4.1, sse4.2, popcnt, avx, aes, tsc, tscinvbit

Memory: 4k page, physical 8388608k(2097152k free)

/proc/meminfo:


vm_info: Java HotSpot(TM) 64-Bit Server VM (24.79-b02) for bsd-amd64 JRE (1.7.0_79-b15), built on Apr 10 2015 11:35:04 by "java_re" with gcc 4.2.1 (Based on Apple Inc. build 5658) (LLVM build 2336.11.00)

time: Sat May 21 18:44:47 2016
elapsed time: 23 seconds

