#
# A fatal error has been detected by the Java Runtime Environment:
#
#  SIGSEGV (0xb) at pc=0x00000001120e3ad8, pid=13822, tid=67087
#
# JRE version: Java(TM) SE Runtime Environment (7.0_79-b15) (build 1.7.0_79-b15)
# Java VM: Java HotSpot(TM) 64-Bit Server VM (24.79-b02 mixed mode bsd-amd64 compressed oops)
# Problematic frame:
# C  [libgdx-box2d64.dylib+0xaad8]  b2BlockAllocator::Allocate(int)+0x58
#
# Failed to write core dump. Core dumps have been disabled. To enable core dumping, try "ulimit -c unlimited" before starting Java again
#
# If you would like to submit a bug report, please visit:
#   http://bugreport.java.com/bugreport/crash.jsp
# The crash happened outside the Java Virtual Machine in native code.
# See problematic frame for where to report the bug.
#

---------------  T H R E A D  ---------------

Current thread (0x00007fcb8c150800):  JavaThread "LWJGL Application" [_thread_in_native, id=67087, stack(0x00000001119b6000,0x0000000111ab6000)]

siginfo:si_signo=SIGSEGV: si_errno=0, si_code=1 (SEGV_MAPERR), si_addr=0x00007fca8c898600

Registers:
RAX=0x00007fca8c898600, RBX=0x000000077b5b5a88, RCX=0x000000011210cf70, RDX=0x00007fcb8bb96c00
RSP=0x0000000111ab53e0, RBP=0x0000000111ab5400, RSI=0x00000000000000b8, RDI=0x00007fcb8bb96c00
R8 =0x0000000000000001, R9 =0x0000000000000001, R10=0x000000010158972c, R11=0x0000000100e77353
R12=0x00007fcb8bb96c00, R13=0x000000077b5b5a88, R14=0x00007fcb8bb96c00, R15=0x0000000000000006
RIP=0x00000001120e3ad8, EFLAGS=0x0000000000010206, ERR=0x0000000000000004
  TRAPNO=0x000000000000000e

Top of Stack: (sp=0x0000000111ab53e0)
0x0000000111ab53e0:   000000077b5b5a88 0000000000000000
0x0000000111ab53f0:   00007fcb8bb96c00 0000000111ab5440
0x0000000111ab5400:   0000000111ab5430 00000001120f80d7
0x0000000111ab5410:   0000000000000001 000000077b5b5a88
0x0000000111ab5420:   0000000111ab5608 00007fcb8c150800
0x0000000111ab5430:   0000000111ab5480 00000001120fdbbe
0x0000000111ab5440:   4483ba3800000001 0000000044421a44
0x0000000111ab5450:   0000000000000000 0000000000000000
0x0000000111ab5460:   0000010100000000 0000000000000001
0x0000000111ab5470:   0000000000000000 000000003f800000
0x0000000111ab5480:   0000000111ab5560 0000000101589758
0x0000000111ab5490:   0000000000000000 0000000000000000
0x0000000111ab54a0:   0000000000000001 000000003f800000
0x0000000111ab54b0:   000000077af0f488 0000000000000000
0x0000000111ab54c0:   000000077af0e370 0000000000000000
0x0000000111ab54d0:   0000000111ab54e8 0000000111ab5550
0x0000000111ab54e0:   000000010157d058 000000000000000e
0x0000000111ab54f0:   00000007d601da48 00000007d60121c0
0x0000000111ab5500:   00000000a652507e 00000007d5fd0078
0x0000000111ab5510:   0000000111ab5510 000000077af0d301
0x0000000111ab5520:   0000000111ab5520 000000077b5b5a88
0x0000000111ab5530:   0000000111ab5608 000000077b5ce188
0x0000000111ab5540:   0000000000000000 000000077b5b5a88
0x0000000111ab5550:   0000000000000000 0000000111ab5580
0x0000000111ab5560:   0000000111ab5650 000000010157d175
0x0000000111ab5570:   0000000000000000 0000000101585cd7
0x0000000111ab5580:   000000013f800000 0000000000000001
0x0000000111ab5590:   0000000000000000 0000000000000000
0x0000000111ab55a0:   0000000000000001 0000000000000001
0x0000000111ab55b0:   0000000100000000 0000000700000000
0x0000000111ab55c0:   0000000000000000 0000000700000000
0x0000000111ab55d0:   0000000000000000 0000000100000000 

Instructions: (pc=0x00000001120e3ad8)
0x00000001120e3ab8:   48 8d 0d b1 94 02 00 44 0f b6 3c 08 49 83 ff 0e
0x00000001120e3ac8:   0f 83 9c 01 00 00 4b 8b 44 fc 10 48 85 c0 74 0d
0x00000001120e3ad8:   48 8b 08 4b 89 4c fc 10 e9 5d 01 00 00 41 8b 7c
0x00000001120e3ae8:   24 08 41 3b 7c 24 0c 75 52 4d 8b 34 24 83 ef 80 

Register to memory mapping:

RAX=0x00007fca8c898600 is an unknown value
RBX=0x000000077b5b5a88 is an oop
{method} 
 - klass: {other class}
RCX=0x000000011210cf70: _ZN16b2BlockAllocator17s_blockSizeLookupE+0 in /private/var/folders/88/17bh8lj57g7clr2df1qr8vvw0000gp/T/libgdxEnglishWords/829212b4/libgdx-box2d64.dylib at 0x00000001120d9000
RDX=0x00007fcb8bb96c00 is an unknown value
RSP=0x0000000111ab53e0 is pointing into the stack for thread: 0x00007fcb8c150800
RBP=0x0000000111ab5400 is pointing into the stack for thread: 0x00007fcb8c150800
RSI=0x00000000000000b8 is an unknown value
RDI=0x00007fcb8bb96c00 is an unknown value
R8 =0x0000000000000001 is an unknown value
R9 =0x0000000000000001 is an unknown value
R10=0x000000010158972c is at code_begin+620 in an Interpreter codelet
method entry point (kind = native)  [0x00000001015894c0, 0x0000000101589d00]  2112 bytes
R11=0x0000000100e77353: throw_unsatisfied_link_error+0 in /Library/Java/JavaVirtualMachines/jdk1.7.0_79.jdk/Contents/Home/jre/lib/server/libjvm.dylib at 0x0000000100a00000
R12=0x00007fcb8bb96c00 is an unknown value
R13=0x000000077b5b5a88 is an oop
{method} 
 - klass: {other class}
R14=0x00007fcb8bb96c00 is an unknown value
R15=0x0000000000000006 is an unknown value


Stack: [0x00000001119b6000,0x0000000111ab6000],  sp=0x0000000111ab53e0,  free space=1020k
Native frames: (J=compiled Java code, j=interpreted, Vv=VM code, C=native code)
C  [libgdx-box2d64.dylib+0xaad8]  b2BlockAllocator::Allocate(int)+0x58
C  [libgdx-box2d64.dylib+0x1f0d7]  b2World::CreateBody(b2BodyDef const*)+0x27
C  [libgdx-box2d64.dylib+0x24bbe]  Java_com_badlogic_gdx_physics_box2d_World_jniCreateBody+0x9e
j  com.badlogic.gdx.physics.box2d.World.jniCreateBody(JIFFFFFFFFZZZZZF)J+0
j  com.badlogic.gdx.physics.box2d.World.createBody(Lcom/badlogic/gdx/physics/box2d/BodyDef;)Lcom/badlogic/gdx/physics/box2d/Body;+80
j  com.pomavau.crimson.Model.Bullet.createBody(Lcom/badlogic/gdx/physics/box2d/World;)V+72
j  com.pomavau.crimson.Model.Bullet.<init>(Lcom/badlogic/gdx/graphics/Texture;FFFFLcom/badlogic/gdx/physics/box2d/World;)V+15
j  com.pomavau.crimson.Screens.GameScreen.shot()V+45
j  com.pomavau.crimson.Screens.GameScreen.render(F)V+450
j  com.badlogic.gdx.Game.render()V+19
j  com.pomavau.crimson.crimsonTD.render()V+1
j  com.badlogic.gdx.backends.lwjgl.LwjglApplication.mainLoop()V+684
j  com.badlogic.gdx.backends.lwjgl.LwjglApplication$1.run()V+27
v  ~StubRoutines::call_stub
V  [libjvm.dylib+0x2dbef8]  JavaCalls::call_helper(JavaValue*, methodHandle*, JavaCallArguments*, Thread*)+0x22a
V  [libjvm.dylib+0x2dc40f]  JavaCalls::call_virtual(JavaValue*, KlassHandle, Symbol*, Symbol*, JavaCallArguments*, Thread*)+0x11b
V  [libjvm.dylib+0x2dc54c]  JavaCalls::call_virtual(JavaValue*, Handle, KlassHandle, Symbol*, Symbol*, Thread*)+0x4a
V  [libjvm.dylib+0x32b43a]  thread_entry(JavaThread*, Thread*)+0xad
V  [libjvm.dylib+0x4f759d]  JavaThread::thread_main_inner()+0x9b
V  [libjvm.dylib+0x4f8ca5]  JavaThread::run()+0x1a3
V  [libjvm.dylib+0x421c4e]  java_start(Thread*)+0x126
C  [libsystem_pthread.dylib+0x405a]  _pthread_body+0x83
C  [libsystem_pthread.dylib+0x3fd7]  _pthread_body+0x0
C  [libsystem_pthread.dylib+0x13ed]  thread_start+0xd

Java frames: (J=compiled Java code, j=interpreted, Vv=VM code)
j  com.badlogic.gdx.physics.box2d.World.jniCreateBody(JIFFFFFFFFZZZZZF)J+0
j  com.badlogic.gdx.physics.box2d.World.createBody(Lcom/badlogic/gdx/physics/box2d/BodyDef;)Lcom/badlogic/gdx/physics/box2d/Body;+80
j  com.pomavau.crimson.Model.Bullet.createBody(Lcom/badlogic/gdx/physics/box2d/World;)V+72
j  com.pomavau.crimson.Model.Bullet.<init>(Lcom/badlogic/gdx/graphics/Texture;FFFFLcom/badlogic/gdx/physics/box2d/World;)V+15
j  com.pomavau.crimson.Screens.GameScreen.shot()V+45
j  com.pomavau.crimson.Screens.GameScreen.render(F)V+450
j  com.badlogic.gdx.Game.render()V+19
j  com.pomavau.crimson.crimsonTD.render()V+1
j  com.badlogic.gdx.backends.lwjgl.LwjglApplication.mainLoop()V+684
j  com.badlogic.gdx.backends.lwjgl.LwjglApplication$1.run()V+27
v  ~StubRoutines::call_stub

---------------  P R O C E S S  ---------------

Java Threads: ( => current thread )
  0x00007fcb8c151800 JavaThread "DestroyJavaVM" [_thread_blocked, id=4867, stack(0x0000000101464000,0x0000000101564000)]
=>0x00007fcb8c150800 JavaThread "LWJGL Application" [_thread_in_native, id=67087, stack(0x00000001119b6000,0x0000000111ab6000)]
  0x00007fcb8c872800 JavaThread "AWT-Shutdown" [_thread_blocked, id=28435, stack(0x000000010eb7c000,0x000000010ec7c000)]
  0x00007fcb8c842000 JavaThread "AppKit Thread" daemon [_thread_in_native, id=1811, stack(0x00007fff5fadb000,0x00007fff5fb5b000)]
  0x00007fcb8b89d000 JavaThread "Monitor Ctrl-Break" daemon [_thread_in_native, id=18691, stack(0x000000010ce02000,0x000000010cf02000)]
  0x00007fcb8c808800 JavaThread "Service Thread" daemon [_thread_blocked, id=17667, stack(0x000000010ca0e000,0x000000010cb0e000)]
  0x00007fcb8c01b000 JavaThread "C2 CompilerThread1" daemon [_thread_blocked, id=17155, stack(0x000000010c90b000,0x000000010ca0b000)]
  0x00007fcb8c011000 JavaThread "C2 CompilerThread0" daemon [_thread_blocked, id=16643, stack(0x000000010c808000,0x000000010c908000)]
  0x00007fcb8b022800 JavaThread "Signal Dispatcher" daemon [_thread_blocked, id=13331, stack(0x000000010c705000,0x000000010c805000)]
  0x00007fcb8b018000 JavaThread "Finalizer" daemon [_thread_blocked, id=11523, stack(0x000000010ace5000,0x000000010ade5000)]
  0x00007fcb8c003800 JavaThread "Reference Handler" daemon [_thread_blocked, id=11011, stack(0x000000010abe2000,0x000000010ace2000)]

Other Threads:
  0x00007fcb8b84b000 VMThread [stack: 0x000000010aadf000,0x000000010abdf000] [id=10499]
  0x00007fcb8b033800 WatcherThread [stack: 0x000000010cb11000,0x000000010cc11000] [id=18179]

VM state:not at safepoint (normal execution)

VM Mutex/Monitor currently owned by a thread: None

Heap
 PSYoungGen      total 38912K, used 15941K [0x00000007d5500000, 0x00000007d8000000, 0x0000000800000000)
  eden space 33792K, 33% used [0x00000007d5500000,0x00000007d602a410,0x00000007d7600000)
  from space 5120K, 88% used [0x00000007d7600000,0x00000007d7a671b0,0x00000007d7b00000)
  to   space 5120K, 0% used [0x00000007d7b00000,0x00000007d7b00000,0x00000007d8000000)
 ParOldGen       total 87040K, used 112K [0x0000000780000000, 0x0000000785500000, 0x00000007d5500000)
  object space 87040K, 0% used [0x0000000780000000,0x000000078001c020,0x0000000785500000)
 PSPermGen       total 21504K, used 8714K [0x000000077ae00000, 0x000000077c300000, 0x0000000780000000)
  object space 21504K, 40% used [0x000000077ae00000,0x000000077b682ad0,0x000000077c300000)

Card table byte_map: [0x0000000104637000,0x0000000104a61000] byte_map_base: 0x0000000100a60000

Polling page: 0x00000001001fc000

Code Cache  [0x0000000101577000, 0x00000001017e7000, 0x0000000104577000)
 total_blobs=625 nmethods=209 adapters=370 free_code_cache=48091Kb largest_free_block=49218496

Compilation events (10 events):
Event: 10.438 Thread 0x00007fcb8c01b000  205             com.badlogic.gdx.utils.JsonValue::<init> (10 bytes)
Event: 10.439 Thread 0x00007fcb8c01b000 nmethod 205 0x000000010166a310 code [0x000000010166a440, 0x000000010166a4b8]
Event: 10.554 Thread 0x00007fcb8c011000  206             com.badlogic.gdx.utils.JsonValue::getFloat (42 bytes)
Event: 10.554 Thread 0x00007fcb8c01b000  207             com.badlogic.gdx.utils.JsonValue::asFloat (105 bytes)
Event: 10.555 Thread 0x00007fcb8c01b000 nmethod 207 0x000000010167af50 code [0x000000010167b0c0, 0x000000010167b1e8]
Event: 10.555 Thread 0x00007fcb8c01b000  208             com.badlogic.gdx.graphics.glutils.ShaderProgram::fetchUniformLocation (9 bytes)
Event: 10.557 Thread 0x00007fcb8c01b000 nmethod 208 0x000000010167c150 code [0x000000010167c2c0, 0x000000010167c438]
Event: 10.557 Thread 0x00007fcb8c01b000  209             com.badlogic.gdx.graphics.glutils.ShaderProgram::fetchUniformLocation (90 bytes)
Event: 10.557 Thread 0x00007fcb8c011000 nmethod 206 0x000000010167d250 code [0x000000010167d400, 0x000000010167d658]
Event: 10.558 Thread 0x00007fcb8c01b000 nmethod 209 0x000000010167ce10 code [0x000000010167cf80, 0x000000010167d0d8]

GC Heap History (2 events):
Event: 6.509 GC heap before
{Heap before GC invocations=1 (full 0):
 PSYoungGen      total 38912K, used 33792K [0x00000007d5500000, 0x00000007d8000000, 0x0000000800000000)
  eden space 33792K, 100% used [0x00000007d5500000,0x00000007d7600000,0x00000007d7600000)
  from space 5120K, 0% used [0x00000007d7b00000,0x00000007d7b00000,0x00000007d8000000)
  to   space 5120K, 0% used [0x00000007d7600000,0x00000007d7600000,0x00000007d7b00000)
 ParOldGen       total 87040K, used 0K [0x0000000780000000, 0x0000000785500000, 0x00000007d5500000)
  object space 87040K, 0% used [0x0000000780000000,0x0000000780000000,0x0000000785500000)
 PSPermGen       total 21504K, used 8692K [0x000000077ae00000, 0x000000077c300000, 0x0000000780000000)
  object space 21504K, 40% used [0x000000077ae00000,0x000000077b67d2e8,0x000000077c300000)
Event: 6.514 GC heap after
Heap after GC invocations=1 (full 0):
 PSYoungGen      total 38912K, used 4508K [0x00000007d5500000, 0x00000007d8000000, 0x0000000800000000)
  eden space 33792K, 0% used [0x00000007d5500000,0x00000007d5500000,0x00000007d7600000)
  from space 5120K, 88% used [0x00000007d7600000,0x00000007d7a671b0,0x00000007d7b00000)
  to   space 5120K, 0% used [0x00000007d7b00000,0x00000007d7b00000,0x00000007d8000000)
 ParOldGen       total 87040K, used 112K [0x0000000780000000, 0x0000000785500000, 0x00000007d5500000)
  object space 87040K, 0% used [0x0000000780000000,0x000000078001c020,0x0000000785500000)
 PSPermGen       total 21504K, used 8692K [0x000000077ae00000, 0x000000077c300000, 0x0000000780000000)
  object space 21504K, 40% used [0x000000077ae00000,0x000000077b67d2e8,0x000000077c300000)
}

Deoptimization events (5 events):
Event: 4.456 Thread 0x00007fcb8c150800 Uncommon trap: reason=array_check action=maybe_recompile pc=0x0000000101655b34 method=com.badlogic.gdx.utils.Array.add(Ljava/lang/Object;)V @ 46
Event: 4.689 Thread 0x00007fcb8c150800 Uncommon trap: reason=array_check action=maybe_recompile pc=0x0000000101655b34 method=com.badlogic.gdx.utils.Array.add(Ljava/lang/Object;)V @ 46
Event: 4.857 Thread 0x00007fcb8c150800 Uncommon trap: reason=array_check action=maybe_recompile pc=0x0000000101655b34 method=com.badlogic.gdx.utils.Array.add(Ljava/lang/Object;)V @ 46
Event: 4.906 Thread 0x00007fcb8c150800 Uncommon trap: reason=array_check action=maybe_recompile pc=0x0000000101655b34 method=com.badlogic.gdx.utils.Array.add(Ljava/lang/Object;)V @ 46
Event: 7.864 Thread 0x00007fcb8c150800 Uncommon trap: reason=unreached action=reinterpret pc=0x000000010167a914 method=com.badlogic.gdx.graphics.g2d.SpriteBatch.draw(Lcom/badlogic/gdx/graphics/g2d/TextureRegion;FFFFFFFFF)V @ 35

Internal exceptions (10 events):
Event: 1.794 Thread 0x00007fcb8c150800 Threw 0x00000007d6eba018 at /HUDSON/workspace/7u-2-build-macosx-x86_64/jdk7u79/2331/hotspot/src/share/vm/prims/jvm.cpp:1304
Event: 1.864 Thread 0x00007fcb8c150800 Threw 0x00000007d6ed85f8 at /HUDSON/workspace/7u-2-build-macosx-x86_64/jdk7u79/2331/hotspot/src/share/vm/prims/jvm.cpp:1304
Event: 1.865 Thread 0x00007fcb8c150800 Threw 0x00000007d6edd920 at /HUDSON/workspace/7u-2-build-macosx-x86_64/jdk7u79/2331/hotspot/src/share/vm/prims/jvm.cpp:1304
Event: 1.877 Thread 0x00007fcb8c150800 Threw 0x00000007d6ee25e8 at /HUDSON/workspace/7u-2-build-macosx-x86_64/jdk7u79/2331/hotspot/src/share/vm/prims/jvm.cpp:1304
Event: 1.877 Thread 0x00007fcb8c150800 Threw 0x00000007d6ee9e18 at /HUDSON/workspace/7u-2-build-macosx-x86_64/jdk7u79/2331/hotspot/src/share/vm/prims/jvm.cpp:1304
Event: 1.878 Thread 0x00007fcb8c150800 Threw 0x00000007d6ef0e20 at /HUDSON/workspace/7u-2-build-macosx-x86_64/jdk7u79/2331/hotspot/src/share/vm/prims/jvm.cpp:1304
Event: 1.878 Thread 0x00007fcb8c150800 Threw 0x00000007d6ef8048 at /HUDSON/workspace/7u-2-build-macosx-x86_64/jdk7u79/2331/hotspot/src/share/vm/prims/jvm.cpp:1304
Event: 1.878 Thread 0x00007fcb8c150800 Threw 0x00000007d6efec58 at /HUDSON/workspace/7u-2-build-macosx-x86_64/jdk7u79/2331/hotspot/src/share/vm/prims/jvm.cpp:1304
Event: 1.881 Thread 0x00007fcb8c150800 Threw 0x00000007d6f06100 at /HUDSON/workspace/7u-2-build-macosx-x86_64/jdk7u79/2331/hotspot/src/share/vm/prims/jvm.cpp:1304
Event: 2.597 Thread 0x00007fcb8c150800 Threw 0x00000007d6f124e0 at /HUDSON/workspace/7u-2-build-macosx-x86_64/jdk7u79/2331/hotspot/src/share/vm/prims/jvm.cpp:1304

Events (10 events):
Event: 6.518 Executing VM operation: RevokeBias done
Event: 6.518 Executing VM operation: RevokeBias
Event: 6.518 Executing VM operation: RevokeBias done
Event: 6.518 Executing VM operation: BulkRevokeBias
Event: 6.519 Executing VM operation: BulkRevokeBias done
Event: 6.519 Executing VM operation: BulkRevokeBias
Event: 6.519 Executing VM operation: BulkRevokeBias done
Event: 7.864 Thread 0x00007fcb8c150800 Uncommon trap: trap_request=0xffffffad fr.pc=0x000000010167a914
Event: 7.864 Thread 0x00007fcb8c150800 DEOPT PACKING pc=0x000000010167a914 sp=0x0000000111ab55e0
Event: 7.864 Thread 0x00007fcb8c150800 DEOPT UNPACKING pc=0x00000001015b0045 sp=0x0000000111ab5498 mode 2


Dynamic libraries:
0x0000000006340000 	/System/Library/Frameworks/Cocoa.framework/Versions/A/Cocoa
0x0000000006340000 	/System/Library/Frameworks/Security.framework/Versions/A/Security
0x0000000006340000 	/System/Library/Frameworks/ApplicationServices.framework/Versions/A/ApplicationServices
0x0000000006340000 	/usr/lib/libz.1.dylib
0x0000000006340000 	/usr/lib/libSystem.B.dylib
0x0000000006340000 	/usr/lib/libobjc.A.dylib
0x0000000006340000 	/System/Library/Frameworks/CoreFoundation.framework/Versions/A/CoreFoundation
0x0000000006340000 	/System/Library/Frameworks/Foundation.framework/Versions/C/Foundation
0x0000000006340000 	/System/Library/Frameworks/AppKit.framework/Versions/C/AppKit
0x0000000006340000 	/System/Library/Frameworks/CoreData.framework/Versions/A/CoreData
0x0000000006340000 	/System/Library/PrivateFrameworks/RemoteViewServices.framework/Versions/A/RemoteViewServices
0x0000000006340000 	/System/Library/PrivateFrameworks/UIFoundation.framework/Versions/A/UIFoundation
0x0000000006340000 	/System/Library/Frameworks/IOSurface.framework/Versions/A/IOSurface
0x0000000006340000 	/System/Library/Frameworks/AudioToolbox.framework/Versions/A/AudioToolbox
0x0000000006340000 	/System/Library/Frameworks/AudioUnit.framework/Versions/A/AudioUnit
0x0000000006340000 	/System/Library/PrivateFrameworks/DataDetectorsCore.framework/Versions/A/DataDetectorsCore
0x0000000006340000 	/System/Library/PrivateFrameworks/DesktopServicesPriv.framework/Versions/A/DesktopServicesPriv
0x0000000006340000 	/System/Library/Frameworks/Carbon.framework/Versions/A/Frameworks/HIToolbox.framework/Versions/A/HIToolbox
0x0000000006340000 	/System/Library/Frameworks/QuartzCore.framework/Versions/A/QuartzCore
0x0000000006340000 	/System/Library/Frameworks/Carbon.framework/Versions/A/Frameworks/SpeechRecognition.framework/Versions/A/SpeechRecognition
0x0000000006340000 	/usr/lib/libauto.dylib
0x0000000006340000 	/usr/lib/libicucore.A.dylib
0x0000000006340000 	/usr/lib/libxml2.2.dylib
0x0000000006340000 	/System/Library/PrivateFrameworks/CoreUI.framework/Versions/A/CoreUI
0x0000000006340000 	/System/Library/Frameworks/CoreAudio.framework/Versions/A/CoreAudio
0x0000000006340000 	/System/Library/Frameworks/DiskArbitration.framework/Versions/A/DiskArbitration
0x0000000006340000 	/usr/lib/liblangid.dylib
0x0000000006340000 	/System/Library/PrivateFrameworks/MultitouchSupport.framework/Versions/A/MultitouchSupport
0x0000000006340000 	/System/Library/Frameworks/IOKit.framework/Versions/A/IOKit
0x0000000006340000 	/usr/lib/libDiagnosticMessagesClient.dylib
0x0000000006340000 	/System/Library/Frameworks/CoreServices.framework/Versions/A/CoreServices
0x0000000006340000 	/System/Library/PrivateFrameworks/PerformanceAnalysis.framework/Versions/A/PerformanceAnalysis
0x0000000006340000 	/System/Library/PrivateFrameworks/GenerationalStorage.framework/Versions/A/GenerationalStorage
0x0000000006340000 	/System/Library/Frameworks/OpenGL.framework/Versions/A/OpenGL
0x0000000006340000 	/System/Library/PrivateFrameworks/Sharing.framework/Versions/A/Sharing
0x0000000006340000 	/System/Library/Frameworks/CoreGraphics.framework/Versions/A/CoreGraphics
0x0000000006340000 	/System/Library/Frameworks/CoreText.framework/Versions/A/CoreText
0x0000000006340000 	/System/Library/Frameworks/ImageIO.framework/Versions/A/ImageIO
0x0000000006340000 	/usr/lib/libextension.dylib
0x0000000006340000 	/System/Library/PrivateFrameworks/Backup.framework/Versions/A/Backup
0x0000000006340000 	/usr/lib/libarchive.2.dylib
0x0000000006340000 	/System/Library/Frameworks/CFNetwork.framework/Versions/A/CFNetwork
0x0000000006340000 	/System/Library/Frameworks/SystemConfiguration.framework/Versions/A/SystemConfiguration
0x0000000006340000 	/usr/lib/libCRFSuite.dylib
0x0000000006340000 	/usr/lib/libc++.1.dylib
0x0000000006340000 	/usr/lib/libc++abi.dylib
0x0000000006340000 	/usr/lib/system/libcache.dylib
0x0000000006340000 	/usr/lib/system/libcommonCrypto.dylib
0x0000000006340000 	/usr/lib/system/libcompiler_rt.dylib
0x0000000006340000 	/usr/lib/system/libcopyfile.dylib
0x0000000006340000 	/usr/lib/system/libcorecrypto.dylib
0x0000000006340000 	/usr/lib/system/libdispatch.dylib
0x0000000006340000 	/usr/lib/system/libdyld.dylib
0x0000000006340000 	/usr/lib/system/libkeymgr.dylib
0x0000000006340000 	/usr/lib/system/liblaunch.dylib
0x0000000006340000 	/usr/lib/system/libmacho.dylib
0x0000000006340000 	/usr/lib/system/libquarantine.dylib
0x0000000006340000 	/usr/lib/system/libremovefile.dylib
0x0000000006340000 	/usr/lib/system/libsystem_asl.dylib
0x0000000006340000 	/usr/lib/system/libsystem_blocks.dylib
0x0000000006340000 	/usr/lib/system/libsystem_c.dylib
0x0000000006340000 	/usr/lib/system/libsystem_configuration.dylib
0x0000000006340000 	/usr/lib/system/libsystem_coreservices.dylib
0x0000000006340000 	/usr/lib/system/libsystem_coretls.dylib
0x0000000006340000 	/usr/lib/system/libsystem_dnssd.dylib
0x0000000006340000 	/usr/lib/system/libsystem_info.dylib
0x0000000006340000 	/usr/lib/system/libsystem_kernel.dylib
0x0000000006340000 	/usr/lib/system/libsystem_m.dylib
0x0000000006340000 	/usr/lib/system/libsystem_malloc.dylib
0x0000000006340000 	/usr/lib/system/libsystem_network.dylib
0x0000000006340000 	/usr/lib/system/libsystem_networkextension.dylib
0x0000000006340000 	/usr/lib/system/libsystem_notify.dylib
0x0000000006340000 	/usr/lib/system/libsystem_platform.dylib
0x0000000006340000 	/usr/lib/system/libsystem_pthread.dylib
0x0000000006340000 	/usr/lib/system/libsystem_sandbox.dylib
0x0000000006340000 	/usr/lib/system/libsystem_secinit.dylib
0x0000000006340000 	/usr/lib/system/libsystem_stats.dylib
0x0000000006340000 	/usr/lib/system/libsystem_trace.dylib
0x0000000006340000 	/usr/lib/system/libunc.dylib
0x0000000006340000 	/usr/lib/system/libunwind.dylib
0x0000000006340000 	/usr/lib/system/libxpc.dylib
0x0000000006340000 	/usr/lib/libbz2.1.0.dylib
0x0000000006340000 	/usr/lib/liblzma.5.dylib
0x0000000006340000 	/usr/lib/libbsm.0.dylib
0x0000000006340000 	/usr/lib/libsqlite3.dylib
0x0000000006340000 	/usr/lib/system/libkxld.dylib
0x0000000006340000 	/usr/lib/libxar.1.dylib
0x0000000006340000 	/usr/lib/libpam.2.dylib
0x0000000006340000 	/usr/lib/libOpenScriptingUtil.dylib
0x0000000006340000 	/System/Library/Frameworks/CoreServices.framework/Versions/A/Frameworks/FSEvents.framework/Versions/A/FSEvents
0x0000000006340000 	/System/Library/Frameworks/CoreServices.framework/Versions/A/Frameworks/CarbonCore.framework/Versions/A/CarbonCore
0x0000000006340000 	/System/Library/Frameworks/CoreServices.framework/Versions/A/Frameworks/Metadata.framework/Versions/A/Metadata
0x0000000006340000 	/System/Library/Frameworks/CoreServices.framework/Versions/A/Frameworks/OSServices.framework/Versions/A/OSServices
0x0000000006340000 	/System/Library/Frameworks/CoreServices.framework/Versions/A/Frameworks/SearchKit.framework/Versions/A/SearchKit
0x0000000006340000 	/System/Library/Frameworks/CoreServices.framework/Versions/A/Frameworks/AE.framework/Versions/A/AE
0x0000000006340000 	/System/Library/Frameworks/CoreServices.framework/Versions/A/Frameworks/LaunchServices.framework/Versions/A/LaunchServices
0x0000000006340000 	/System/Library/Frameworks/CoreServices.framework/Versions/A/Frameworks/DictionaryServices.framework/Versions/A/DictionaryServices
0x0000000006340000 	/System/Library/Frameworks/NetFS.framework/Versions/A/NetFS
0x0000000006340000 	/System/Library/PrivateFrameworks/NetAuth.framework/Versions/A/NetAuth
0x0000000006340000 	/System/Library/PrivateFrameworks/login.framework/Versions/A/Frameworks/loginsupport.framework/Versions/A/loginsupport
0x0000000006340000 	/System/Library/PrivateFrameworks/TCC.framework/Versions/A/TCC
0x0000000006340000 	/usr/lib/libmecabra.dylib
0x0000000006340000 	/System/Library/Frameworks/ApplicationServices.framework/Versions/A/Frameworks/ATS.framework/Versions/A/ATS
0x0000000006340000 	/System/Library/Frameworks/ApplicationServices.framework/Versions/A/Frameworks/ColorSync.framework/Versions/A/ColorSync
0x0000000006340000 	/System/Library/Frameworks/ApplicationServices.framework/Versions/A/Frameworks/HIServices.framework/Versions/A/HIServices
0x0000000006340000 	/System/Library/Frameworks/ApplicationServices.framework/Versions/A/Frameworks/LangAnalysis.framework/Versions/A/LangAnalysis
0x0000000006340000 	/System/Library/Frameworks/ApplicationServices.framework/Versions/A/Frameworks/PrintCore.framework/Versions/A/PrintCore
0x0000000006340000 	/System/Library/Frameworks/ApplicationServices.framework/Versions/A/Frameworks/QD.framework/Versions/A/QD
0x0000000006340000 	/System/Library/Frameworks/ApplicationServices.framework/Versions/A/Frameworks/SpeechSynthesis.framework/Versions/A/SpeechSynthesis
0x0000000006340000 	/System/Library/Frameworks/Accelerate.framework/Versions/A/Accelerate
0x0000000006340000 	/System/Library/Frameworks/Accelerate.framework/Versions/A/Frameworks/vImage.framework/Versions/A/vImage
0x0000000006340000 	/System/Library/Frameworks/Accelerate.framework/Versions/A/Frameworks/vecLib.framework/Versions/A/vecLib
0x0000000006340000 	/System/Library/Frameworks/Accelerate.framework/Versions/A/Frameworks/vecLib.framework/Versions/A/libvDSP.dylib
0x0000000006340000 	/System/Library/Frameworks/Accelerate.framework/Versions/A/Frameworks/vecLib.framework/Versions/A/libvMisc.dylib
0x0000000006340000 	/System/Library/Frameworks/Accelerate.framework/Versions/A/Frameworks/vecLib.framework/Versions/A/libLAPACK.dylib
0x0000000006340000 	/System/Library/Frameworks/Accelerate.framework/Versions/A/Frameworks/vecLib.framework/Versions/A/libBLAS.dylib
0x0000000006340000 	/System/Library/Frameworks/Accelerate.framework/Versions/A/Frameworks/vecLib.framework/Versions/A/libLinearAlgebra.dylib
0x0000000006340000 	/System/Library/Frameworks/ApplicationServices.framework/Versions/A/Frameworks/ATS.framework/Versions/A/Resources/libFontParser.dylib
0x0000000006340000 	/System/Library/Frameworks/ApplicationServices.framework/Versions/A/Frameworks/ATS.framework/Versions/A/Resources/libFontRegistry.dylib
0x0000000006340000 	/System/Library/PrivateFrameworks/AppleVPA.framework/Versions/A/AppleVPA
0x0000000006340000 	/System/Library/PrivateFrameworks/AppleJPEG.framework/Versions/A/AppleJPEG
0x0000000006340000 	/System/Library/Frameworks/ImageIO.framework/Versions/A/Resources/libJPEG.dylib
0x0000000006340000 	/System/Library/Frameworks/ImageIO.framework/Versions/A/Resources/libTIFF.dylib
0x0000000006340000 	/System/Library/Frameworks/ImageIO.framework/Versions/A/Resources/libPng.dylib
0x0000000006340000 	/System/Library/Frameworks/ImageIO.framework/Versions/A/Resources/libGIF.dylib
0x0000000006340000 	/System/Library/Frameworks/ImageIO.framework/Versions/A/Resources/libJP2.dylib
0x0000000006340000 	/System/Library/Frameworks/ImageIO.framework/Versions/A/Resources/libRadiance.dylib
0x0000000006340000 	/System/Library/Frameworks/CoreVideo.framework/Versions/A/CoreVideo
0x0000000006340000 	/System/Library/Frameworks/OpenGL.framework/Versions/A/Libraries/libGLU.dylib
0x0000000006340000 	/System/Library/Frameworks/OpenGL.framework/Versions/A/Libraries/libGFXShared.dylib
0x0000000006340000 	/System/Library/Frameworks/OpenGL.framework/Versions/A/Libraries/libGL.dylib
0x0000000006340000 	/System/Library/Frameworks/OpenGL.framework/Versions/A/Libraries/libGLImage.dylib
0x0000000006340000 	/System/Library/Frameworks/OpenGL.framework/Versions/A/Libraries/libCVMSPluginSupport.dylib
0x0000000006340000 	/System/Library/Frameworks/OpenGL.framework/Versions/A/Libraries/libCoreVMClient.dylib
0x0000000006340000 	/usr/lib/libcups.2.dylib
0x0000000006340000 	/System/Library/Frameworks/Kerberos.framework/Versions/A/Kerberos
0x0000000006340000 	/System/Library/Frameworks/GSS.framework/Versions/A/GSS
0x0000000006340000 	/usr/lib/libresolv.9.dylib
0x0000000006340000 	/usr/lib/libiconv.2.dylib
0x0000000006340000 	/System/Library/PrivateFrameworks/Heimdal.framework/Versions/A/Heimdal
0x0000000006340000 	/usr/lib/libheimdal-asn1.dylib
0x0000000006340000 	/System/Library/Frameworks/OpenDirectory.framework/Versions/A/OpenDirectory
0x0000000006340000 	/System/Library/PrivateFrameworks/CommonAuth.framework/Versions/A/CommonAuth
0x0000000006340000 	/System/Library/Frameworks/OpenDirectory.framework/Versions/A/Frameworks/CFOpenDirectory.framework/Versions/A/CFOpenDirectory
0x0000000006340000 	/System/Library/Frameworks/SecurityFoundation.framework/Versions/A/SecurityFoundation
0x0000000006340000 	/System/Library/PrivateFrameworks/LanguageModeling.framework/Versions/A/LanguageModeling
0x0000000006340000 	/usr/lib/libcmph.dylib
0x0000000006340000 	/System/Library/Frameworks/ServiceManagement.framework/Versions/A/ServiceManagement
0x0000000006340000 	/usr/lib/libxslt.1.dylib
0x0000000006340000 	/System/Library/Frameworks/Carbon.framework/Versions/A/Frameworks/Ink.framework/Versions/A/Ink
0x0000000006340000 	/System/Library/Frameworks/QuartzCore.framework/Versions/A/Frameworks/CoreImage.framework/Versions/A/CoreImage
0x0000000006340000 	/System/Library/PrivateFrameworks/CrashReporterSupport.framework/Versions/A/CrashReporterSupport
0x0000000006340000 	/System/Library/Frameworks/OpenCL.framework/Versions/A/OpenCL
0x0000000006340000 	/System/Library/PrivateFrameworks/FaceCore.framework/Versions/A/FaceCore
0x0000000006340000 	/System/Library/PrivateFrameworks/Ubiquity.framework/Versions/A/Ubiquity
0x0000000006340000 	/System/Library/PrivateFrameworks/IconServices.framework/Versions/A/IconServices
0x0000000006340000 	/System/Library/PrivateFrameworks/ChunkingLibrary.framework/Versions/A/ChunkingLibrary
0x0000000006340000 	/System/Library/PrivateFrameworks/Apple80211.framework/Versions/A/Apple80211
0x0000000006340000 	/System/Library/Frameworks/CoreWLAN.framework/Versions/A/CoreWLAN
0x0000000006340000 	/System/Library/Frameworks/IOBluetooth.framework/Versions/A/IOBluetooth
0x0000000006340000 	/System/Library/PrivateFrameworks/CoreWiFi.framework/Versions/A/CoreWiFi
0x0000000006340000 	/System/Library/Frameworks/CoreBluetooth.framework/Versions/A/CoreBluetooth
0x0000000006340000 	/System/Library/PrivateFrameworks/DebugSymbols.framework/Versions/A/DebugSymbols
0x0000000006340000 	/System/Library/PrivateFrameworks/CoreSymbolication.framework/Versions/A/CoreSymbolication
0x0000000006340000 	/System/Library/PrivateFrameworks/Symbolication.framework/Versions/A/Symbolication
0x0000000006340000 	/System/Library/PrivateFrameworks/SpeechRecognitionCore.framework/Versions/A/SpeechRecognitionCore
0x0000000045df0000 	/System/Library/CoreServices/Encodings/libCyrillicConverter.dylib
0x0000000100a00000 	/Library/Java/JavaVirtualMachines/jdk1.7.0_79.jdk/Contents/Home/jre/lib/server/libjvm.dylib
0x0000000006340000 	/usr/lib/libstdc++.6.dylib
0x00000001001bf000 	/Library/Java/JavaVirtualMachines/jdk1.7.0_79.jdk/Contents/Home/jre/lib/libverify.dylib
0x00000001001cc000 	/Library/Java/JavaVirtualMachines/jdk1.7.0_79.jdk/Contents/Home/jre/lib/libjava.dylib
0x000000010156e000 	/Library/Java/JavaVirtualMachines/jdk1.7.0_79.jdk/Contents/Home/jre/lib/libzip.dylib
0x000000010ade7000 	/System/Library/Frameworks/JavaVM.framework/Frameworks/JavaRuntimeSupport.framework/JavaRuntimeSupport
0x000000010adfd000 	/System/Library/Frameworks/JavaVM.framework/Versions/A/Frameworks/JavaNativeFoundation.framework/Versions/A/JavaNativeFoundation
0x000000010ae11000 	/System/Library/Frameworks/JavaVM.framework/Versions/A/JavaVM
0x0000000006340000 	/System/Library/Frameworks/Carbon.framework/Versions/A/Carbon
0x000000010ae1d000 	/System/Library/PrivateFrameworks/JavaLaunching.framework/Versions/A/JavaLaunching
0x0000000006340000 	/System/Library/Frameworks/Carbon.framework/Versions/A/Frameworks/CommonPanels.framework/Versions/A/CommonPanels
0x0000000006340000 	/System/Library/Frameworks/Carbon.framework/Versions/A/Frameworks/Help.framework/Versions/A/Help
0x0000000006340000 	/System/Library/Frameworks/Carbon.framework/Versions/A/Frameworks/ImageCapture.framework/Versions/A/ImageCapture
0x0000000006340000 	/System/Library/Frameworks/Carbon.framework/Versions/A/Frameworks/OpenScripting.framework/Versions/A/OpenScripting
0x0000000006340000 	/System/Library/Frameworks/Carbon.framework/Versions/A/Frameworks/Print.framework/Versions/A/Print
0x0000000006340000 	/System/Library/Frameworks/Carbon.framework/Versions/A/Frameworks/SecurityHI.framework/Versions/A/SecurityHI
0x000000010cdfe000 	/Applications/Android Studio.app/Contents/bin/libbreakgen64.jnilib
0x000000010cf04000 	/Library/Java/JavaVirtualMachines/jdk1.7.0_79.jdk/Contents/Home/jre/lib/libnet.dylib
0x000000010cfcb000 	/private/var/folders/88/17bh8lj57g7clr2df1qr8vvw0000gp/T/libgdxEnglishWords/ad4da71/libgdx64.dylib
0x000000010d022000 	/Library/Java/JavaVirtualMachines/jdk1.7.0_79.jdk/Contents/Home/jre/lib/libawt.dylib
0x000000010d0d1000 	/Library/Java/JavaVirtualMachines/jdk1.7.0_79.jdk/Contents/Home/jre/lib/./libmlib_image.dylib
0x000000010d19d000 	/Library/Java/JavaVirtualMachines/jdk1.7.0_79.jdk/Contents/Home/jre/lib/lwawt/liblwawt.dylib
0x000000010d253000 	/Library/Java/JavaVirtualMachines/jdk1.7.0_79.jdk/Contents/Home/jre/lib/libosxapp.dylib
0x0000000006340000 	/System/Library/Frameworks/ExceptionHandling.framework/Versions/A/ExceptionHandling
0x0000000006340000 	/System/Library/PrivateFrameworks/CoreServicesInternal.framework/Versions/A/CoreServicesInternal
0x0000000006340000 	/System/Library/PrivateFrameworks/CloudDocs.framework/Versions/A/CloudDocs
0x0000000006340000 	/System/Library/PrivateFrameworks/CoreDuet.framework/Versions/A/CoreDuet
0x0000000006340000 	/System/Library/Frameworks/CloudKit.framework/Versions/A/CloudKit
0x0000000006340000 	/System/Library/PrivateFrameworks/ProtocolBuffer.framework/Versions/A/ProtocolBuffer
0x0000000006340000 	/System/Library/PrivateFrameworks/CoreDuetDaemonProtocol.framework/Versions/A/CoreDuetDaemonProtocol
0x0000000006340000 	/System/Library/PrivateFrameworks/CoreDuetDebugLogging.framework/Versions/A/CoreDuetDebugLogging
0x0000000006340000 	/System/Library/PrivateFrameworks/MMCS.framework/Versions/A/MMCS
0x0000000006340000 	/System/Library/Frameworks/CoreLocation.framework/Versions/A/CoreLocation
0x0000000006340000 	/System/Library/PrivateFrameworks/ProtectedCloudStorage.framework/Versions/A/ProtectedCloudStorage
0x0000000006340000 	/System/Library/PrivateFrameworks/GeoServices.framework/Versions/A/GeoServices
0x0000000006340000 	/System/Library/Frameworks/CoreGraphics.framework/Versions/A/Resources/libCGCMS.A.dylib
0x0000000006340000 	/System/Library/Frameworks/CoreGraphics.framework/Versions/A/Resources/libRIP.A.dylib
0x0000000006340000 	/System/Library/Frameworks/CoreGraphics.framework/Versions/A/Resources/libCGXType.A.dylib
0x0000000006340000 	/System/Library/Frameworks/OpenCL.framework/Versions/A/Libraries/libcldcpuengine.dylib
0x0000000006340000 	/System/Library/PrivateFrameworks/DiskImages.framework/Versions/A/DiskImages
0x0000000006340000 	/System/Library/Frameworks/DiscRecording.framework/Versions/A/DiscRecording
0x0000000006340000 	/usr/lib/libcsfde.dylib
0x0000000006340000 	/usr/lib/libcurl.4.dylib
0x0000000006340000 	/System/Library/PrivateFrameworks/MediaKit.framework/Versions/A/MediaKit
0x0000000006340000 	/usr/lib/libCoreStorage.dylib
0x0000000006340000 	/System/Library/PrivateFrameworks/EFILogin.framework/Versions/A/EFILogin
0x0000000006340000 	/usr/lib/libutil.dylib
0x0000000006340000 	/System/Library/PrivateFrameworks/FindMyDevice.framework/Versions/A/FindMyDevice
0x0000000006340000 	/System/Library/Frameworks/LDAP.framework/Versions/A/LDAP
0x0000000006340000 	/usr/lib/libsasl2.2.dylib
0x0000000006340000 	/System/Library/PrivateFrameworks/CoreDaemon.framework/Versions/B/CoreDaemon
0x0000000006340000 	/usr/lib/libcrypto.0.9.8.dylib
0x0000000006340000 	/System/Library/PrivateFrameworks/AppleSRP.framework/Versions/A/AppleSRP
0x0000000006340000 	/System/Library/PrivateFrameworks/TrustEvaluationAgent.framework/Versions/A/TrustEvaluationAgent
0x00000001102f8000 	cl_kernels
0x00000001102fa000 	/System/Library/Frameworks/OpenCL.framework/Versions/A/Libraries/ImageFormats/unorm8_bgra.dylib
0x00000001102e9000 	cl_kernels
0x0000000006340000 	/System/Library/PrivateFrameworks/FamilyControls.framework/Versions/A/FamilyControls
0x0000000006340000 	/System/Library/PrivateFrameworks/CommerceKit.framework/Versions/A/Frameworks/CommerceCore.framework/Versions/A/CommerceCore
0x0000000006340000 	/System/Library/PrivateFrameworks/SystemAdministration.framework/Versions/A/SystemAdministration
0x0000000006340000 	/System/Library/PrivateFrameworks/AppContainer.framework/Versions/A/AppContainer
0x0000000006340000 	/System/Library/PrivateFrameworks/SecCodeWrapper.framework/Versions/A/SecCodeWrapper
0x0000000006340000 	/System/Library/Frameworks/DirectoryService.framework/Versions/A/DirectoryService
0x0000000006340000 	/System/Library/PrivateFrameworks/LoginUIKit.framework/Versions/A/Frameworks/LoginUICore.framework/Versions/A/LoginUICore
0x0000000006340000 	/usr/lib/libodfde.dylib
0x00000001114f5000 	/Library/Java/JavaVirtualMachines/jdk1.7.0_79.jdk/Contents/Home/jre/lib/libfontmanager.dylib
0x000000011155c000 	/private/var/folders/88/17bh8lj57g7clr2df1qr8vvw0000gp/T/libgdxEnglishWords/f7649394/liblwjgl.dylib
0x000000010f828000 	/Library/Java/JavaVirtualMachines/jdk1.7.0_79.jdk/Contents/Home/jre/lib/libjawt.dylib
0x00000001115de000 	/var/folders/88/17bh8lj57g7clr2df1qr8vvw0000gp/T/libgdxEnglishWords/f7649394/openal.dylib
0x000000011164d000 	/System/Library/Components/CoreAudio.component/Contents/MacOS/CoreAudio
0x000000010f840000 	/System/Library/Extensions/AppleHDA.kext/Contents/PlugIns/AppleHDAHALPlugIn.bundle/Contents/MacOS/AppleHDAHALPlugIn
0x0000000006340000 	/System/Library/Frameworks/OpenGL.framework/Versions/A/Resources/GLEngine.bundle/GLEngine
0x0000000006340000 	/System/Library/Frameworks/OpenGL.framework/Versions/A/Libraries/libGLProgrammability.dylib
0x0000000111ab8000 	/System/Library/Extensions/AMDRadeonX3000GLDriver.bundle/Contents/MacOS/AMDRadeonX3000GLDriver
0x0000000006340000 	/System/Library/PrivateFrameworks/IOAccelerator.framework/Versions/A/IOAccelerator
0x0000000006340000 	/System/Library/PrivateFrameworks/GPUSupport.framework/Versions/A/Libraries/libGPUSupportMercury.dylib
0x0000000006340000 	/System/Library/Frameworks/OpenGL.framework/Versions/A/Resources/GLRendererFloat.bundle/GLRendererFloat
0x00000001120d9000 	/private/var/folders/88/17bh8lj57g7clr2df1qr8vvw0000gp/T/libgdxEnglishWords/829212b4/libgdx-box2d64.dylib

VM Arguments:
jvm_args: -Didea.launcher.port=7533 -Didea.launcher.bin.path=/Applications/Android Studio.app/Contents/bin -Dfile.encoding=UTF-8 
java_command: com.intellij.rt.execution.application.AppMain com.pomavau.crimson.desktop.DesktopLauncher
Launcher Type: SUN_STANDARD

Environment Variables:
PATH=/usr/local/bin:/usr/bin:/bin:/usr/sbin:/sbin
SHELL=/bin/bash

Signal Handlers:
SIGSEGV: [libjvm.dylib+0x52daf1], sa_mask[0]=0xfffefeff, sa_flags=0x00000043
SIGBUS: [libjvm.dylib+0x52daf1], sa_mask[0]=0xfffefeff, sa_flags=0x00000042
SIGFPE: [libjvm.dylib+0x41f34e], sa_mask[0]=0xfffefeff, sa_flags=0x00000042
SIGPIPE: [libjvm.dylib+0x41f34e], sa_mask[0]=0xfffefeff, sa_flags=0x00000042
SIGXFSZ: [libjvm.dylib+0x41f34e], sa_mask[0]=0xfffefeff, sa_flags=0x00000042
SIGILL: [libjvm.dylib+0x41f34e], sa_mask[0]=0xfffefeff, sa_flags=0x00000042
SIGUSR1: SIG_DFL, sa_mask[0]=0x00000000, sa_flags=0x00000000
SIGUSR2: [libjvm.dylib+0x41ee40], sa_mask[0]=0x00000004, sa_flags=0x00000042
SIGHUP: [libjvm.dylib+0x41d0d1], sa_mask[0]=0xfffefeff, sa_flags=0x00000042
SIGINT: [libjvm.dylib+0x41d0d1], sa_mask[0]=0xfffefeff, sa_flags=0x00000042
SIGTERM: [libjvm.dylib+0x41d0d1], sa_mask[0]=0xfffefeff, sa_flags=0x00000042
SIGQUIT: [libjvm.dylib+0x41d0d1], sa_mask[0]=0xfffefeff, sa_flags=0x00000042


---------------  S Y S T E M  ---------------

OS:Bsduname:Darwin 14.5.0 Darwin Kernel Version 14.5.0: Wed Jul 29 02:26:53 PDT 2015; root:xnu-2782.40.9~1/RELEASE_X86_64 x86_64
rlimit: STACK 8192k, CORE 0k, NPROC 709, NOFILE 10240, AS infinity
load average:2.36 2.29 2.09

CPU:total 4 (4 cores per cpu, 1 threads per core) family 6 model 42 stepping 7, cmov, cx8, fxsr, mmx, sse, sse2, sse3, ssse3, sse4.1, sse4.2, popcnt, avx, aes, tsc, tscinvbit

Memory: 4k page, physical 8388608k(2097152k free)

/proc/meminfo:


vm_info: Java HotSpot(TM) 64-Bit Server VM (24.79-b02) for bsd-amd64 JRE (1.7.0_79-b15), built on Apr 10 2015 11:35:04 by "java_re" with gcc 4.2.1 (Based on Apple Inc. build 5658) (LLVM build 2336.11.00)

time: Thu May 12 13:36:00 2016
elapsed time: 10 seconds

