#
# A fatal error has been detected by the Java Runtime Environment:
#
#  SIGSEGV (0xb) at pc=0x00007fff8c7870dd, pid=37074, tid=1811
#
# JRE version: Java(TM) SE Runtime Environment (7.0_79-b15) (build 1.7.0_79-b15)
# Java VM: Java HotSpot(TM) 64-Bit Server VM (24.79-b02 mixed mode bsd-amd64 compressed oops)
# Problematic frame:
# C  [libobjc.A.dylib+0x10dd]  objc_msgSend+0x1d
#
# Failed to write core dump. Core dumps have been disabled. To enable core dumping, try "ulimit -c unlimited" before starting Java again
#
# If you would like to submit a bug report, please visit:
#   http://bugreport.java.com/bugreport/crash.jsp
# The crash happened outside the Java Virtual Machine in native code.
# See problematic frame for where to report the bug.
#

---------------  T H R E A D  ---------------

Current thread (0x00007f7ff2994000):  JavaThread "AppKit Thread" daemon [_thread_in_native, id=1811, stack(0x00007fff5f18a000,0x00007fff5f20a000)]

siginfo:si_signo=SIGSEGV: si_errno=0, si_code=1 (SEGV_MAPERR), si_addr=0x000007f7ff259d50

Registers:
RAX=0x00007f7ff255f310, RBX=0x00007fff5f204568, RCX=0x0000000000000000, RDX=0x00007f7ff2647800
RSP=0x00007fff5f204388, RBP=0x00007fff5f204390, RSI=0x00007fff926f541e, RDI=0x00007f7ff255f310
R8 =0x00007fff5f204370, R9 =0x0000000000000056, R10=0x00007fff926f541e, R11=0x000007f7ff259d38
R12=0x00007f7ff2503300, R13=0x00000000000f42ef, R14=0x00007f7ff264c5b0, R15=0x00007fff5f2044c8
RIP=0x00007fff8c7870dd, EFLAGS=0x0000000000010202, ERR=0x0000000000000004
  TRAPNO=0x000000000000000e

Top of Stack: (sp=0x00007fff5f204388)
0x00007fff5f204388:   00007fff8774c45c 00007fff5f2046f0
0x00007fff5f204398:   00007fff8763c634 00007fff5f20441c
0x00007fff5f2043a8:   00007fff5f204420 00007fff5f204424
0x00007fff5f2043b8:   00007fff76d0de00 ffffffffffffffff
0x00007fff5f2043c8:   0000000000000810 00007fff76d0de18
0x00007fff5f2043d8:   00007f7ff264c5b0 0000000000000000
0x00007fff5f2043e8:   00007fff5f2044c0 0000000000000000
0x00007fff5f2043f8:   00007f7ff2560cf0 00007fff5f204540
0x00007fff5f204408:   0000000000000056 00000000000f42f1
0x00007fff5f204418:   00007f7ff2647800 00007f7ff2560720
0x00007fff5f204428:   00007f7ff2503300 0000000000000001
0x00007fff5f204438:   00000000000f42ef 00007f7ff25032f0
0x00007fff5f204448:   00007fff912bcc05 00000001f2655410
0x00007fff5f204458:   00007fff75be30d0 0000000042000000
0x00007fff5f204468:   00007fff912c3e63 00007fff76cd8240
0x00007fff5f204478:   00007fff5f204548 00007fff5f2044a0
0x00007fff5f204488:   00007fff5f2044c0 0000000000000000
0x00007fff5f204498:   0000000000000023 0007050300000001
0x00007fff5f2044a8:   00007f7ff2503324 0000000000000000
0x00007fff5f2044b8:   0000000000000000 00007f7ff2560d70
0x00007fff5f2044c8:   00007f7ff264c5b0 0000002000000000
0x00007fff5f2044d8:   0000000000000000 00007fff75be30d0
0x00007fff5f2044e8:   0000000042000000 00007fff912c34f8
0x00007fff5f2044f8:   00007fff76cd8350 00007fff5f204458
0x00007fff5f204508:   0000000000000000 00007fff5f2045d8
0x00007fff5f204518:   00007fff76eedea0 00007fff5f204610
0x00007fff5f204528:   00007fff94d13770 00007fff5f2045c0
0x00007fff5f204538:   00007fff91e294ed 0000000000000051
0x00007fff5f204548:   0000000000000000 00000000000f42e0
0x00007fff5f204558:   0000000000000053 0000000000000000
0x00007fff5f204568:   00000000000f42ef 00007fff5f2045e4
0x00007fff5f204578:   0000000000424001 00000000ffffffff 

Instructions: (pc=0x00007fff8c7870dd)
0x00007fff8c7870bd:   00 00 00 48 85 ff 2e 74 7a 40 f6 c7 01 2e 75 7e
0x00007fff8c7870cd:   49 bb f8 ff ff ff ff 7f 00 00 4c 23 1f 49 89 f2
0x00007fff8c7870dd:   45 23 53 18 49 c1 e2 04 4d 03 53 10 49 3b 32 75
0x00007fff8c7870ed:   04 41 ff 62 08 49 83 3a 00 74 6a 4d 3b 53 10 74 

Register to memory mapping:

RAX=0x00007f7ff255f310 is an unknown value
RBX=0x00007fff5f204568 is pointing into the stack for thread: 0x00007f7ff2994000
RCX=0x0000000000000000 is an unknown value
RDX=0x00007f7ff2647800 is an unknown value
RSP=0x00007fff5f204388 is pointing into the stack for thread: 0x00007f7ff2994000
RBP=0x00007fff5f204390 is pointing into the stack for thread: 0x00007f7ff2994000
RSI=0x00007fff926f541e: -[NSTitlebarContainerView transparent]+0x5e312 in /System/Library/Frameworks/AppKit.framework/Versions/C/AppKit at 0x00007fff91cf4000
RDI=0x00007f7ff255f310 is an unknown value
R8 =0x00007fff5f204370 is pointing into the stack for thread: 0x00007f7ff2994000
R9 =0x0000000000000056 is an unknown value
R10=0x00007fff926f541e: -[NSTitlebarContainerView transparent]+0x5e312 in /System/Library/Frameworks/AppKit.framework/Versions/C/AppKit at 0x00007fff91cf4000
R11=0x000007f7ff259d38 is an unknown value
R12=0x00007f7ff2503300 is an unknown value
R13=0x00000000000f42ef is an unknown value
R14=0x00007f7ff264c5b0 is an unknown value
R15=0x00007fff5f2044c8 is pointing into the stack for thread: 0x00007f7ff2994000


Stack: [0x00007fff5f18a000,0x00007fff5f20a000],  sp=0x00007fff5f204388,  free space=488k
Native frames: (J=compiled Java code, j=interpreted, Vv=VM code, C=native code)
C  [libobjc.A.dylib+0x10dd]  objc_msgSend+0x1d
C  [CoreFoundation+0x10634]  _CFXNotificationPost+0xc44
C  [Foundation+0x7aa1]  -[NSNotificationCenter postNotificationName:object:userInfo:]+0x42
C  [AppKit+0x439c2]  -[NSSurface _disposeSurface]+0x98
C  [AppKit+0x43426]  -[NSSurface setWindow:]+0x42
C  [AppKit+0x33910]  -[NSView _setWindow:]+0xa33
C  [AppKit+0x6af91]  -[NSView removeFromSuperview]+0x1c5
C  [AppKit+0x14bd99]  -[NSView removeFromSuperviewWithoutNeedingDisplay]+0x26
C  [liblwjgl.dylib+0xa205]  +[MacOSXKeyableWindow destroyWindow]+0xb5
C  [Foundation+0x92dd0]  __NSThreadPerformPerform+0x125
C  [CoreFoundation+0x80a01]  __CFRUNLOOP_IS_CALLING_OUT_TO_A_SOURCE0_PERFORM_FUNCTION__+0x11
C  [CoreFoundation+0x72b8d]  __CFRunLoopDoSources0+0x10d
C  [CoreFoundation+0x721bf]  __CFRunLoopRun+0x39f
C  [CoreFoundation+0x71bd8]  CFRunLoopRunSpecific+0x128
C  [HIToolbox+0x3256f]  RunCurrentEventLoopInMode+0xeb
C  [HIToolbox+0x322ea]  ReceiveNextEventCommon+0x1af
C  [HIToolbox+0x3212b]  _BlockUntilNextEventMatchingListInModeWithFilter+0x47
C  [AppKit+0x918ab]  _DPSNextEvent+0x3d2
C  [AppKit+0x90e58]  -[NSApplication nextEventMatchingMask:untilDate:inMode:dequeue:]+0x15a
C  [libosxapp.dylib+0x24e3]  -[NSApplicationAWT nextEventMatchingMask:untilDate:inMode:dequeue:]+0x7c
C  [AppKit+0x86af3]  -[NSApplication run]+0x252
C  [libosxapp.dylib+0x2346]  +[NSApplicationAWT runAWTLoopWithApp:]+0x9c
C  [liblwawt.dylib+0xe17d]  -[AWTStarter starter:]+0x369
C  [Foundation+0x92dd0]  __NSThreadPerformPerform+0x125
C  [CoreFoundation+0x80a01]  __CFRUNLOOP_IS_CALLING_OUT_TO_A_SOURCE0_PERFORM_FUNCTION__+0x11
C  [CoreFoundation+0x72b8d]  __CFRunLoopDoSources0+0x10d
C  [CoreFoundation+0x721bf]  __CFRunLoopRun+0x39f
C  [CoreFoundation+0x71bd8]  CFRunLoopRunSpecific+0x128
C  [java+0x73b0]  CreateExecutionEnvironment+0x367
C  [java+0x1b5c]  JLI_Launch+0x7a0
C  [java+0x770d]  main+0x65
C  [java+0x13b4]  start+0x34


---------------  P R O C E S S  ---------------

Java Threads: ( => current thread )
  0x00007f7ff2800000 JavaThread "AWT-Shutdown" [_thread_blocked, id=28523, stack(0x000000010f4cf000,0x000000010f5cf000)]
  0x00007f7ff300b000 JavaThread "DestroyJavaVM" [_thread_blocked, id=4867, stack(0x0000000101e01000,0x0000000101f01000)]
  0x00007f7ff3884800 JavaThread "LWJGL Application" [_thread_in_native, id=68107, stack(0x000000011240f000,0x000000011250f000)]
=>0x00007f7ff2994000 JavaThread "AppKit Thread" daemon [_thread_in_native, id=1811, stack(0x00007fff5f18a000,0x00007fff5f20a000)]
  0x00007f7ff301b800 JavaThread "Monitor Ctrl-Break" daemon [_thread_in_native, id=18691, stack(0x000000010d755000,0x000000010d855000)]
  0x00007f7ff381d800 JavaThread "Service Thread" daemon [_thread_blocked, id=17667, stack(0x000000010d361000,0x000000010d461000)]
  0x00007f7ff381d000 JavaThread "C2 CompilerThread1" daemon [_thread_blocked, id=17155, stack(0x000000010d25e000,0x000000010d35e000)]
  0x00007f7ff280d800 JavaThread "C2 CompilerThread0" daemon [_thread_blocked, id=16643, stack(0x000000010d15b000,0x000000010d25b000)]
  0x00007f7ff284b000 JavaThread "Signal Dispatcher" daemon [_thread_blocked, id=13335, stack(0x000000010d058000,0x000000010d158000)]
  0x00007f7ff4000000 JavaThread "Finalizer" daemon [_thread_blocked, id=11523, stack(0x000000010b648000,0x000000010b748000)]
  0x00007f7ff2848800 JavaThread "Reference Handler" daemon [_thread_blocked, id=11011, stack(0x000000010b545000,0x000000010b645000)]

Other Threads:
  0x00007f7ff301b000 VMThread [stack: 0x000000010b442000,0x000000010b542000] [id=10499]
  0x00007f7ff380d000 WatcherThread [stack: 0x000000010d464000,0x000000010d564000] [id=18179]

VM state:not at safepoint (normal execution)

VM Mutex/Monitor currently owned by a thread: None

Heap
 PSYoungGen      total 38912K, used 32034K [0x00000007d5500000, 0x00000007d8000000, 0x0000000800000000)
  eden space 33792K, 79% used [0x00000007d5500000,0x00000007d6f4cf08,0x00000007d7600000)
  from space 5120K, 99% used [0x00000007d7600000,0x00000007d7afba48,0x00000007d7b00000)
  to   space 5120K, 0% used [0x00000007d7b00000,0x00000007d7b00000,0x00000007d8000000)
 ParOldGen       total 87040K, used 80K [0x0000000780000000, 0x0000000785500000, 0x00000007d5500000)
  object space 87040K, 0% used [0x0000000780000000,0x00000007800141c8,0x0000000785500000)
 PSPermGen       total 21504K, used 9442K [0x000000077ae00000, 0x000000077c300000, 0x0000000780000000)
  object space 21504K, 43% used [0x000000077ae00000,0x000000077b738908,0x000000077c300000)

Card table byte_map: [0x0000000104fc3000,0x00000001053ed000] byte_map_base: 0x00000001013ec000

Polling page: 0x00000001015b0000

Code Cache  [0x0000000101f03000, 0x0000000102173000, 0x0000000104f03000)
 total_blobs=867 nmethods=438 adapters=383 free_code_cache=47432Kb largest_free_block=48528000

Compilation events (10 events):
Event: 64.256 Thread 0x00007f7ff280d800  437             java.lang.ThreadLocal::getMap (5 bytes)
Event: 64.256 Thread 0x00007f7ff280d800 nmethod 437 0x0000000102097a10 code [0x0000000102097b40, 0x0000000102097bb8]
Event: 64.273 Thread 0x00007f7ff381d000  438             java.lang.ThreadLocal::access$400 (5 bytes)
Event: 64.273 Thread 0x00007f7ff381d000 nmethod 438 0x0000000102097810 code [0x0000000102097940, 0x0000000102097998]
Event: 66.396 Thread 0x00007f7ff280d800  439             java.lang.ThreadLocal::get (34 bytes)
Event: 66.398 Thread 0x00007f7ff280d800 nmethod 439 0x00000001020a0790 code [0x00000001020a08e0, 0x00000001020a0a58]
Event: 71.478 Thread 0x00007f7ff381d000  440             com.badlogic.gdx.graphics.g2d.freetype.FreeTypeFontGenerator$FreeTypeBitmapFontData::getGlyphs (71 bytes)
Event: 71.479 Thread 0x00007f7ff381d000 nmethod 440 0x00000001020a0390 code [0x00000001020a04e0, 0x00000001020a0638]
Event: 72.665 Thread 0x00007f7ff280d800  442             java.util.concurrent.ConcurrentHashMap::hash (81 bytes)
Event: 72.666 Thread 0x00007f7ff280d800 nmethod 442 0x000000010209ff90 code [0x00000001020a00e0, 0x00000001020a0248]

GC Heap History (2 events):
Event: 1.946 GC heap before
{Heap before GC invocations=1 (full 0):
 PSYoungGen      total 38912K, used 33792K [0x00000007d5500000, 0x00000007d8000000, 0x0000000800000000)
  eden space 33792K, 100% used [0x00000007d5500000,0x00000007d7600000,0x00000007d7600000)
  from space 5120K, 0% used [0x00000007d7b00000,0x00000007d7b00000,0x00000007d8000000)
  to   space 5120K, 0% used [0x00000007d7600000,0x00000007d7600000,0x00000007d7b00000)
 ParOldGen       total 87040K, used 0K [0x0000000780000000, 0x0000000785500000, 0x00000007d5500000)
  object space 87040K, 0% used [0x0000000780000000,0x0000000780000000,0x0000000785500000)
 PSPermGen       total 21504K, used 9067K [0x000000077ae00000, 0x000000077c300000, 0x0000000780000000)
  object space 21504K, 42% used [0x000000077ae00000,0x000000077b6daca8,0x000000077c300000)
Event: 1.952 GC heap after
Heap after GC invocations=1 (full 0):
 PSYoungGen      total 38912K, used 5102K [0x00000007d5500000, 0x00000007d8000000, 0x0000000800000000)
  eden space 33792K, 0% used [0x00000007d5500000,0x00000007d5500000,0x00000007d7600000)
  from space 5120K, 99% used [0x00000007d7600000,0x00000007d7afba48,0x00000007d7b00000)
  to   space 5120K, 0% used [0x00000007d7b00000,0x00000007d7b00000,0x00000007d8000000)
 ParOldGen       total 87040K, used 80K [0x0000000780000000, 0x0000000785500000, 0x00000007d5500000)
  object space 87040K, 0% used [0x0000000780000000,0x00000007800141c8,0x0000000785500000)
 PSPermGen       total 21504K, used 9067K [0x000000077ae00000, 0x000000077c300000, 0x0000000780000000)
  object space 21504K, 42% used [0x000000077ae00000,0x000000077b6daca8,0x000000077c300000)
}

Deoptimization events (10 events):
Event: 1.244 Thread 0x00007f7ff3884800 Uncommon trap: reason=intrinsic action=make_not_entrant pc=0x0000000101faaf60 method=com.badlogic.gdx.graphics.g2d.freetype.FreeType$Bitmap.getPixmap(Lcom/badlogic/gdx/graphics/Pixmap$Format;Lcom/badlogic/gdx/graphics/Color;F)Lcom/badlogic/gdx/graphics/Pi
Event: 1.258 Thread 0x00007f7ff3884800 Uncommon trap: reason=intrinsic action=make_not_entrant pc=0x0000000101fb46ec method=com.badlogic.gdx.graphics.g2d.freetype.FreeType$Bitmap.getPixmap(Lcom/badlogic/gdx/graphics/Pixmap$Format;Lcom/badlogic/gdx/graphics/Color;F)Lcom/badlogic/gdx/graphics/Pi
Event: 1.345 Thread 0x00007f7ff3884800 Uncommon trap: reason=unreached action=reinterpret pc=0x0000000101fbf134 method=com.badlogic.gdx.graphics.g2d.freetype.FreeTypeFontGenerator.generateData(Lcom/badlogic/gdx/graphics/g2d/freetype/FreeTypeFontGenerator$FreeTypeFontParameter;Lcom/badlogic/gdx
Event: 7.848 Thread 0x00007f7ff3884800 Uncommon trap: reason=array_check action=maybe_recompile pc=0x0000000102000074 method=com.badlogic.gdx.utils.Array.add(Ljava/lang/Object;)V @ 46
Event: 7.850 Thread 0x00007f7ff3884800 Uncommon trap: reason=array_check action=maybe_recompile pc=0x0000000102000074 method=com.badlogic.gdx.utils.Array.add(Ljava/lang/Object;)V @ 46
Event: 8.860 Thread 0x00007f7ff3884800 Uncommon trap: reason=array_check action=maybe_recompile pc=0x0000000102000074 method=com.badlogic.gdx.utils.Array.add(Ljava/lang/Object;)V @ 46
Event: 12.760 Thread 0x00007f7ff3884800 Uncommon trap: reason=array_check action=maybe_recompile pc=0x0000000102000074 method=com.badlogic.gdx.utils.Array.add(Ljava/lang/Object;)V @ 46
Event: 26.901 Thread 0x00007f7ff3884800 Uncommon trap: reason=unreached action=reinterpret pc=0x00000001020315d0 method=com.badlogic.gdx.graphics.g2d.SpriteBatch.draw(Lcom/badlogic/gdx/graphics/g2d/TextureRegion;FFFFFFFFF)V @ 35
Event: 62.099 Thread 0x00007f7ff3884800 Uncommon trap: reason=bimorphic action=maybe_recompile pc=0x000000010205bac4 method=com.badlogic.gdx.utils.Pool.obtain()Ljava/lang/Object; @ 11
Event: 74.401 Thread 0x00007f7ff3884800 Uncommon trap: reason=unreached action=reinterpret pc=0x0000000102014b14 method=com.badlogic.gdx.scenes.scene2d.Stage.act(F)V @ 32

Internal exceptions (10 events):
Event: 2.021 Thread 0x00007f7ff3884800 Threw 0x00000007d553c810 at /HUDSON/workspace/7u-2-build-macosx-x86_64/jdk7u79/2331/hotspot/src/share/vm/prims/jvm.cpp:1304
Event: 2.272 Thread 0x00007f7ff3884800 Threw 0x00000007d55432b8 at /HUDSON/workspace/7u-2-build-macosx-x86_64/jdk7u79/2331/hotspot/src/share/vm/prims/jvm.cpp:1304
Event: 2.845 Thread 0x00007f7ff3884800 Threw 0x00000007d5563608 at /HUDSON/workspace/7u-2-build-macosx-x86_64/jdk7u79/2331/hotspot/src/share/vm/prims/jvm.cpp:1304
Event: 2.846 Thread 0x00007f7ff3884800 Threw 0x00000007d5568798 at /HUDSON/workspace/7u-2-build-macosx-x86_64/jdk7u79/2331/hotspot/src/share/vm/prims/jvm.cpp:1304
Event: 2.847 Thread 0x00007f7ff3884800 Threw 0x00000007d556e088 at /HUDSON/workspace/7u-2-build-macosx-x86_64/jdk7u79/2331/hotspot/src/share/vm/prims/jvm.cpp:1304
Event: 3.359 Thread 0x00007f7ff3884800 Threw 0x00000007d55e09c8 at /HUDSON/workspace/7u-2-build-macosx-x86_64/jdk7u79/2331/hotspot/src/share/vm/prims/jvm.cpp:1304
Event: 7.849 Thread 0x00007f7ff3884800 Threw 0x00000007d57b9398 at /HUDSON/workspace/7u-2-build-macosx-x86_64/jdk7u79/2331/hotspot/src/share/vm/prims/jvm.cpp:1304
Event: 7.850 Thread 0x00007f7ff3884800 Threw 0x00000007d57be6e8 at /HUDSON/workspace/7u-2-build-macosx-x86_64/jdk7u79/2331/hotspot/src/share/vm/prims/jvm.cpp:1304
Event: 76.291 Thread 0x00007f7ff3884800 Threw 0x00000007d6ecfbb0 at /HUDSON/workspace/7u-2-build-macosx-x86_64/jdk7u79/2331/hotspot/src/share/vm/prims/jvm.cpp:1304
Event: 76.304 Thread 0x00007f7ff3884800 Threw 0x00000007d6ed6cc0 at /HUDSON/workspace/7u-2-build-macosx-x86_64/jdk7u79/2331/hotspot/src/share/vm/prims/jvm.cpp:1304

Events (10 events):
Event: 72.931 Executing VM operation: RevokeBias done
Event: 72.931 Thread 0x00007f7ff31cc800 Thread exited: 0x00007f7ff31cc800
Event: 73.007 Thread 0x00007f7ff2800000 Thread added: 0x00007f7ff2800000
Event: 74.401 Thread 0x00007f7ff3884800 Uncommon trap: trap_request=0xffffffad fr.pc=0x0000000102014b14
Event: 74.401 Thread 0x00007f7ff3884800 DEOPT PACKING pc=0x0000000102014b14 sp=0x000000011250e790
Event: 74.401 Thread 0x00007f7ff3884800 DEOPT UNPACKING pc=0x0000000101f3c045 sp=0x000000011250e768 mode 2
Event: 76.291 loading class 0x00007f7ff2438120
Event: 76.291 loading class 0x00007f7ff2438120 done
Event: 76.304 loading class 0x00007f7ff255d680
Event: 76.304 loading class 0x00007f7ff255d680 done


Dynamic libraries:
0x0000000005095000 	/System/Library/Frameworks/Cocoa.framework/Versions/A/Cocoa
0x0000000005095000 	/System/Library/Frameworks/Security.framework/Versions/A/Security
0x0000000005095000 	/System/Library/Frameworks/ApplicationServices.framework/Versions/A/ApplicationServices
0x0000000005095000 	/usr/lib/libz.1.dylib
0x0000000005095000 	/usr/lib/libSystem.B.dylib
0x0000000005095000 	/usr/lib/libobjc.A.dylib
0x0000000005095000 	/System/Library/Frameworks/CoreFoundation.framework/Versions/A/CoreFoundation
0x0000000005095000 	/System/Library/Frameworks/Foundation.framework/Versions/C/Foundation
0x0000000005095000 	/System/Library/Frameworks/AppKit.framework/Versions/C/AppKit
0x0000000005095000 	/System/Library/Frameworks/CoreData.framework/Versions/A/CoreData
0x0000000005095000 	/System/Library/PrivateFrameworks/RemoteViewServices.framework/Versions/A/RemoteViewServices
0x0000000005095000 	/System/Library/PrivateFrameworks/UIFoundation.framework/Versions/A/UIFoundation
0x0000000005095000 	/System/Library/Frameworks/IOSurface.framework/Versions/A/IOSurface
0x0000000005095000 	/System/Library/Frameworks/AudioToolbox.framework/Versions/A/AudioToolbox
0x0000000005095000 	/System/Library/Frameworks/AudioUnit.framework/Versions/A/AudioUnit
0x0000000005095000 	/System/Library/PrivateFrameworks/DataDetectorsCore.framework/Versions/A/DataDetectorsCore
0x0000000005095000 	/System/Library/PrivateFrameworks/DesktopServicesPriv.framework/Versions/A/DesktopServicesPriv
0x0000000005095000 	/System/Library/Frameworks/Carbon.framework/Versions/A/Frameworks/HIToolbox.framework/Versions/A/HIToolbox
0x0000000005095000 	/System/Library/Frameworks/QuartzCore.framework/Versions/A/QuartzCore
0x0000000005095000 	/System/Library/Frameworks/Carbon.framework/Versions/A/Frameworks/SpeechRecognition.framework/Versions/A/SpeechRecognition
0x0000000005095000 	/usr/lib/libauto.dylib
0x0000000005095000 	/usr/lib/libicucore.A.dylib
0x0000000005095000 	/usr/lib/libxml2.2.dylib
0x0000000005095000 	/System/Library/PrivateFrameworks/CoreUI.framework/Versions/A/CoreUI
0x0000000005095000 	/System/Library/Frameworks/CoreAudio.framework/Versions/A/CoreAudio
0x0000000005095000 	/System/Library/Frameworks/DiskArbitration.framework/Versions/A/DiskArbitration
0x0000000005095000 	/usr/lib/liblangid.dylib
0x0000000005095000 	/System/Library/PrivateFrameworks/MultitouchSupport.framework/Versions/A/MultitouchSupport
0x0000000005095000 	/System/Library/Frameworks/IOKit.framework/Versions/A/IOKit
0x0000000005095000 	/usr/lib/libDiagnosticMessagesClient.dylib
0x0000000005095000 	/System/Library/Frameworks/CoreServices.framework/Versions/A/CoreServices
0x0000000005095000 	/System/Library/PrivateFrameworks/PerformanceAnalysis.framework/Versions/A/PerformanceAnalysis
0x0000000005095000 	/System/Library/PrivateFrameworks/GenerationalStorage.framework/Versions/A/GenerationalStorage
0x0000000005095000 	/System/Library/Frameworks/OpenGL.framework/Versions/A/OpenGL
0x0000000005095000 	/System/Library/PrivateFrameworks/Sharing.framework/Versions/A/Sharing
0x0000000005095000 	/System/Library/Frameworks/CoreGraphics.framework/Versions/A/CoreGraphics
0x0000000005095000 	/System/Library/Frameworks/CoreText.framework/Versions/A/CoreText
0x0000000005095000 	/System/Library/Frameworks/ImageIO.framework/Versions/A/ImageIO
0x0000000005095000 	/usr/lib/libextension.dylib
0x0000000005095000 	/System/Library/PrivateFrameworks/Backup.framework/Versions/A/Backup
0x0000000005095000 	/usr/lib/libarchive.2.dylib
0x0000000005095000 	/System/Library/Frameworks/CFNetwork.framework/Versions/A/CFNetwork
0x0000000005095000 	/System/Library/Frameworks/SystemConfiguration.framework/Versions/A/SystemConfiguration
0x0000000005095000 	/usr/lib/libCRFSuite.dylib
0x0000000005095000 	/usr/lib/libc++.1.dylib
0x0000000005095000 	/usr/lib/libc++abi.dylib
0x0000000005095000 	/usr/lib/system/libcache.dylib
0x0000000005095000 	/usr/lib/system/libcommonCrypto.dylib
0x0000000005095000 	/usr/lib/system/libcompiler_rt.dylib
0x0000000005095000 	/usr/lib/system/libcopyfile.dylib
0x0000000005095000 	/usr/lib/system/libcorecrypto.dylib
0x0000000005095000 	/usr/lib/system/libdispatch.dylib
0x0000000005095000 	/usr/lib/system/libdyld.dylib
0x0000000005095000 	/usr/lib/system/libkeymgr.dylib
0x0000000005095000 	/usr/lib/system/liblaunch.dylib
0x0000000005095000 	/usr/lib/system/libmacho.dylib
0x0000000005095000 	/usr/lib/system/libquarantine.dylib
0x0000000005095000 	/usr/lib/system/libremovefile.dylib
0x0000000005095000 	/usr/lib/system/libsystem_asl.dylib
0x0000000005095000 	/usr/lib/system/libsystem_blocks.dylib
0x0000000005095000 	/usr/lib/system/libsystem_c.dylib
0x0000000005095000 	/usr/lib/system/libsystem_configuration.dylib
0x0000000005095000 	/usr/lib/system/libsystem_coreservices.dylib
0x0000000005095000 	/usr/lib/system/libsystem_coretls.dylib
0x0000000005095000 	/usr/lib/system/libsystem_dnssd.dylib
0x0000000005095000 	/usr/lib/system/libsystem_info.dylib
0x0000000005095000 	/usr/lib/system/libsystem_kernel.dylib
0x0000000005095000 	/usr/lib/system/libsystem_m.dylib
0x0000000005095000 	/usr/lib/system/libsystem_malloc.dylib
0x0000000005095000 	/usr/lib/system/libsystem_network.dylib
0x0000000005095000 	/usr/lib/system/libsystem_networkextension.dylib
0x0000000005095000 	/usr/lib/system/libsystem_notify.dylib
0x0000000005095000 	/usr/lib/system/libsystem_platform.dylib
0x0000000005095000 	/usr/lib/system/libsystem_pthread.dylib
0x0000000005095000 	/usr/lib/system/libsystem_sandbox.dylib
0x0000000005095000 	/usr/lib/system/libsystem_secinit.dylib
0x0000000005095000 	/usr/lib/system/libsystem_stats.dylib
0x0000000005095000 	/usr/lib/system/libsystem_trace.dylib
0x0000000005095000 	/usr/lib/system/libunc.dylib
0x0000000005095000 	/usr/lib/system/libunwind.dylib
0x0000000005095000 	/usr/lib/system/libxpc.dylib
0x0000000005095000 	/usr/lib/libbz2.1.0.dylib
0x0000000005095000 	/usr/lib/liblzma.5.dylib
0x0000000005095000 	/usr/lib/libbsm.0.dylib
0x0000000005095000 	/usr/lib/libsqlite3.dylib
0x0000000005095000 	/usr/lib/system/libkxld.dylib
0x0000000005095000 	/usr/lib/libxar.1.dylib
0x0000000005095000 	/usr/lib/libpam.2.dylib
0x0000000005095000 	/usr/lib/libOpenScriptingUtil.dylib
0x0000000005095000 	/System/Library/Frameworks/CoreServices.framework/Versions/A/Frameworks/FSEvents.framework/Versions/A/FSEvents
0x0000000005095000 	/System/Library/Frameworks/CoreServices.framework/Versions/A/Frameworks/CarbonCore.framework/Versions/A/CarbonCore
0x0000000005095000 	/System/Library/Frameworks/CoreServices.framework/Versions/A/Frameworks/Metadata.framework/Versions/A/Metadata
0x0000000005095000 	/System/Library/Frameworks/CoreServices.framework/Versions/A/Frameworks/OSServices.framework/Versions/A/OSServices
0x0000000005095000 	/System/Library/Frameworks/CoreServices.framework/Versions/A/Frameworks/SearchKit.framework/Versions/A/SearchKit
0x0000000005095000 	/System/Library/Frameworks/CoreServices.framework/Versions/A/Frameworks/AE.framework/Versions/A/AE
0x0000000005095000 	/System/Library/Frameworks/CoreServices.framework/Versions/A/Frameworks/LaunchServices.framework/Versions/A/LaunchServices
0x0000000005095000 	/System/Library/Frameworks/CoreServices.framework/Versions/A/Frameworks/DictionaryServices.framework/Versions/A/DictionaryServices
0x0000000005095000 	/System/Library/Frameworks/NetFS.framework/Versions/A/NetFS
0x0000000005095000 	/System/Library/PrivateFrameworks/NetAuth.framework/Versions/A/NetAuth
0x0000000005095000 	/System/Library/PrivateFrameworks/login.framework/Versions/A/Frameworks/loginsupport.framework/Versions/A/loginsupport
0x0000000005095000 	/System/Library/PrivateFrameworks/TCC.framework/Versions/A/TCC
0x0000000005095000 	/usr/lib/libmecabra.dylib
0x0000000005095000 	/System/Library/Frameworks/ApplicationServices.framework/Versions/A/Frameworks/ATS.framework/Versions/A/ATS
0x0000000005095000 	/System/Library/Frameworks/ApplicationServices.framework/Versions/A/Frameworks/ColorSync.framework/Versions/A/ColorSync
0x0000000005095000 	/System/Library/Frameworks/ApplicationServices.framework/Versions/A/Frameworks/HIServices.framework/Versions/A/HIServices
0x0000000005095000 	/System/Library/Frameworks/ApplicationServices.framework/Versions/A/Frameworks/LangAnalysis.framework/Versions/A/LangAnalysis
0x0000000005095000 	/System/Library/Frameworks/ApplicationServices.framework/Versions/A/Frameworks/PrintCore.framework/Versions/A/PrintCore
0x0000000005095000 	/System/Library/Frameworks/ApplicationServices.framework/Versions/A/Frameworks/QD.framework/Versions/A/QD
0x0000000005095000 	/System/Library/Frameworks/ApplicationServices.framework/Versions/A/Frameworks/SpeechSynthesis.framework/Versions/A/SpeechSynthesis
0x0000000005095000 	/System/Library/Frameworks/Accelerate.framework/Versions/A/Accelerate
0x0000000005095000 	/System/Library/Frameworks/Accelerate.framework/Versions/A/Frameworks/vImage.framework/Versions/A/vImage
0x0000000005095000 	/System/Library/Frameworks/Accelerate.framework/Versions/A/Frameworks/vecLib.framework/Versions/A/vecLib
0x0000000005095000 	/System/Library/Frameworks/Accelerate.framework/Versions/A/Frameworks/vecLib.framework/Versions/A/libvDSP.dylib
0x0000000005095000 	/System/Library/Frameworks/Accelerate.framework/Versions/A/Frameworks/vecLib.framework/Versions/A/libvMisc.dylib
0x0000000005095000 	/System/Library/Frameworks/Accelerate.framework/Versions/A/Frameworks/vecLib.framework/Versions/A/libLAPACK.dylib
0x0000000005095000 	/System/Library/Frameworks/Accelerate.framework/Versions/A/Frameworks/vecLib.framework/Versions/A/libBLAS.dylib
0x0000000005095000 	/System/Library/Frameworks/Accelerate.framework/Versions/A/Frameworks/vecLib.framework/Versions/A/libLinearAlgebra.dylib
0x0000000005095000 	/System/Library/Frameworks/ApplicationServices.framework/Versions/A/Frameworks/ATS.framework/Versions/A/Resources/libFontParser.dylib
0x0000000005095000 	/System/Library/Frameworks/ApplicationServices.framework/Versions/A/Frameworks/ATS.framework/Versions/A/Resources/libFontRegistry.dylib
0x0000000005095000 	/System/Library/PrivateFrameworks/AppleVPA.framework/Versions/A/AppleVPA
0x0000000005095000 	/System/Library/PrivateFrameworks/AppleJPEG.framework/Versions/A/AppleJPEG
0x0000000005095000 	/System/Library/Frameworks/ImageIO.framework/Versions/A/Resources/libJPEG.dylib
0x0000000005095000 	/System/Library/Frameworks/ImageIO.framework/Versions/A/Resources/libTIFF.dylib
0x0000000005095000 	/System/Library/Frameworks/ImageIO.framework/Versions/A/Resources/libPng.dylib
0x0000000005095000 	/System/Library/Frameworks/ImageIO.framework/Versions/A/Resources/libGIF.dylib
0x0000000005095000 	/System/Library/Frameworks/ImageIO.framework/Versions/A/Resources/libJP2.dylib
0x0000000005095000 	/System/Library/Frameworks/ImageIO.framework/Versions/A/Resources/libRadiance.dylib
0x0000000005095000 	/System/Library/Frameworks/CoreVideo.framework/Versions/A/CoreVideo
0x0000000005095000 	/System/Library/Frameworks/OpenGL.framework/Versions/A/Libraries/libGLU.dylib
0x0000000005095000 	/System/Library/Frameworks/OpenGL.framework/Versions/A/Libraries/libGFXShared.dylib
0x0000000005095000 	/System/Library/Frameworks/OpenGL.framework/Versions/A/Libraries/libGL.dylib
0x0000000005095000 	/System/Library/Frameworks/OpenGL.framework/Versions/A/Libraries/libGLImage.dylib
0x0000000005095000 	/System/Library/Frameworks/OpenGL.framework/Versions/A/Libraries/libCVMSPluginSupport.dylib
0x0000000005095000 	/System/Library/Frameworks/OpenGL.framework/Versions/A/Libraries/libCoreVMClient.dylib
0x0000000005095000 	/usr/lib/libcups.2.dylib
0x0000000005095000 	/System/Library/Frameworks/Kerberos.framework/Versions/A/Kerberos
0x0000000005095000 	/System/Library/Frameworks/GSS.framework/Versions/A/GSS
0x0000000005095000 	/usr/lib/libresolv.9.dylib
0x0000000005095000 	/usr/lib/libiconv.2.dylib
0x0000000005095000 	/System/Library/PrivateFrameworks/Heimdal.framework/Versions/A/Heimdal
0x0000000005095000 	/usr/lib/libheimdal-asn1.dylib
0x0000000005095000 	/System/Library/Frameworks/OpenDirectory.framework/Versions/A/OpenDirectory
0x0000000005095000 	/System/Library/PrivateFrameworks/CommonAuth.framework/Versions/A/CommonAuth
0x0000000005095000 	/System/Library/Frameworks/OpenDirectory.framework/Versions/A/Frameworks/CFOpenDirectory.framework/Versions/A/CFOpenDirectory
0x0000000005095000 	/System/Library/Frameworks/SecurityFoundation.framework/Versions/A/SecurityFoundation
0x0000000005095000 	/System/Library/PrivateFrameworks/LanguageModeling.framework/Versions/A/LanguageModeling
0x0000000005095000 	/usr/lib/libcmph.dylib
0x0000000005095000 	/System/Library/Frameworks/ServiceManagement.framework/Versions/A/ServiceManagement
0x0000000005095000 	/usr/lib/libxslt.1.dylib
0x0000000005095000 	/System/Library/Frameworks/Carbon.framework/Versions/A/Frameworks/Ink.framework/Versions/A/Ink
0x0000000005095000 	/System/Library/Frameworks/QuartzCore.framework/Versions/A/Frameworks/CoreImage.framework/Versions/A/CoreImage
0x0000000005095000 	/System/Library/PrivateFrameworks/CrashReporterSupport.framework/Versions/A/CrashReporterSupport
0x0000000005095000 	/System/Library/Frameworks/OpenCL.framework/Versions/A/OpenCL
0x0000000005095000 	/System/Library/PrivateFrameworks/FaceCore.framework/Versions/A/FaceCore
0x0000000005095000 	/System/Library/PrivateFrameworks/Ubiquity.framework/Versions/A/Ubiquity
0x0000000005095000 	/System/Library/PrivateFrameworks/IconServices.framework/Versions/A/IconServices
0x0000000005095000 	/System/Library/PrivateFrameworks/ChunkingLibrary.framework/Versions/A/ChunkingLibrary
0x0000000005095000 	/System/Library/PrivateFrameworks/Apple80211.framework/Versions/A/Apple80211
0x0000000005095000 	/System/Library/Frameworks/CoreWLAN.framework/Versions/A/CoreWLAN
0x0000000005095000 	/System/Library/Frameworks/IOBluetooth.framework/Versions/A/IOBluetooth
0x0000000005095000 	/System/Library/PrivateFrameworks/CoreWiFi.framework/Versions/A/CoreWiFi
0x0000000005095000 	/System/Library/Frameworks/CoreBluetooth.framework/Versions/A/CoreBluetooth
0x0000000005095000 	/System/Library/PrivateFrameworks/DebugSymbols.framework/Versions/A/DebugSymbols
0x0000000005095000 	/System/Library/PrivateFrameworks/CoreSymbolication.framework/Versions/A/CoreSymbolication
0x0000000005095000 	/System/Library/PrivateFrameworks/Symbolication.framework/Versions/A/Symbolication
0x0000000005095000 	/System/Library/PrivateFrameworks/SpeechRecognitionCore.framework/Versions/A/SpeechRecognitionCore
0x0000000046741000 	/System/Library/CoreServices/Encodings/libCyrillicConverter.dylib
0x0000000100af9000 	/Library/Java/JavaVirtualMachines/jdk1.7.0_79.jdk/Contents/Home/jre/lib/server/libjvm.dylib
0x0000000005095000 	/usr/lib/libstdc++.6.dylib
0x0000000101573000 	/Library/Java/JavaVirtualMachines/jdk1.7.0_79.jdk/Contents/Home/jre/lib/libverify.dylib
0x0000000101580000 	/Library/Java/JavaVirtualMachines/jdk1.7.0_79.jdk/Contents/Home/jre/lib/libjava.dylib
0x00000001015ba000 	/Library/Java/JavaVirtualMachines/jdk1.7.0_79.jdk/Contents/Home/jre/lib/libzip.dylib
0x000000010b74a000 	/System/Library/Frameworks/JavaVM.framework/Frameworks/JavaRuntimeSupport.framework/JavaRuntimeSupport
0x000000010b760000 	/System/Library/Frameworks/JavaVM.framework/Versions/A/Frameworks/JavaNativeFoundation.framework/Versions/A/JavaNativeFoundation
0x00000001015ed000 	/System/Library/Frameworks/JavaVM.framework/Versions/A/JavaVM
0x0000000005095000 	/System/Library/Frameworks/Carbon.framework/Versions/A/Carbon
0x000000010b774000 	/System/Library/PrivateFrameworks/JavaLaunching.framework/Versions/A/JavaLaunching
0x0000000005095000 	/System/Library/Frameworks/Carbon.framework/Versions/A/Frameworks/CommonPanels.framework/Versions/A/CommonPanels
0x0000000005095000 	/System/Library/Frameworks/Carbon.framework/Versions/A/Frameworks/Help.framework/Versions/A/Help
0x0000000005095000 	/System/Library/Frameworks/Carbon.framework/Versions/A/Frameworks/ImageCapture.framework/Versions/A/ImageCapture
0x0000000005095000 	/System/Library/Frameworks/Carbon.framework/Versions/A/Frameworks/OpenScripting.framework/Versions/A/OpenScripting
0x0000000005095000 	/System/Library/Frameworks/Carbon.framework/Versions/A/Frameworks/Print.framework/Versions/A/Print
0x0000000005095000 	/System/Library/Frameworks/Carbon.framework/Versions/A/Frameworks/SecurityHI.framework/Versions/A/SecurityHI
0x000000010d751000 	/Applications/Android Studio.app/Contents/bin/libbreakgen64.jnilib
0x000000010d857000 	/Library/Java/JavaVirtualMachines/jdk1.7.0_79.jdk/Contents/Home/jre/lib/libnet.dylib
0x000000010d91e000 	/private/var/folders/88/17bh8lj57g7clr2df1qr8vvw0000gp/T/libgdxEnglishWords/ad4da71/libgdx64.dylib
0x000000010d975000 	/Library/Java/JavaVirtualMachines/jdk1.7.0_79.jdk/Contents/Home/jre/lib/libawt.dylib
0x000000010da24000 	/Library/Java/JavaVirtualMachines/jdk1.7.0_79.jdk/Contents/Home/jre/lib/./libmlib_image.dylib
0x000000010daf0000 	/Library/Java/JavaVirtualMachines/jdk1.7.0_79.jdk/Contents/Home/jre/lib/lwawt/liblwawt.dylib
0x000000010dba6000 	/Library/Java/JavaVirtualMachines/jdk1.7.0_79.jdk/Contents/Home/jre/lib/libosxapp.dylib
0x0000000005095000 	/System/Library/Frameworks/ExceptionHandling.framework/Versions/A/ExceptionHandling
0x0000000005095000 	/System/Library/PrivateFrameworks/CoreServicesInternal.framework/Versions/A/CoreServicesInternal
0x0000000005095000 	/System/Library/PrivateFrameworks/CloudDocs.framework/Versions/A/CloudDocs
0x0000000005095000 	/System/Library/PrivateFrameworks/CoreDuet.framework/Versions/A/CoreDuet
0x0000000005095000 	/System/Library/Frameworks/CloudKit.framework/Versions/A/CloudKit
0x0000000005095000 	/System/Library/PrivateFrameworks/ProtocolBuffer.framework/Versions/A/ProtocolBuffer
0x0000000005095000 	/System/Library/PrivateFrameworks/CoreDuetDaemonProtocol.framework/Versions/A/CoreDuetDaemonProtocol
0x0000000005095000 	/System/Library/PrivateFrameworks/CoreDuetDebugLogging.framework/Versions/A/CoreDuetDebugLogging
0x0000000005095000 	/System/Library/PrivateFrameworks/MMCS.framework/Versions/A/MMCS
0x0000000005095000 	/System/Library/Frameworks/CoreLocation.framework/Versions/A/CoreLocation
0x0000000005095000 	/System/Library/PrivateFrameworks/ProtectedCloudStorage.framework/Versions/A/ProtectedCloudStorage
0x0000000005095000 	/System/Library/PrivateFrameworks/GeoServices.framework/Versions/A/GeoServices
0x0000000005095000 	/System/Library/Frameworks/CoreGraphics.framework/Versions/A/Resources/libCGCMS.A.dylib
0x0000000005095000 	/System/Library/Frameworks/CoreGraphics.framework/Versions/A/Resources/libRIP.A.dylib
0x0000000005095000 	/System/Library/Frameworks/CoreGraphics.framework/Versions/A/Resources/libCGXType.A.dylib
0x0000000005095000 	/System/Library/Frameworks/OpenCL.framework/Versions/A/Libraries/libcldcpuengine.dylib
0x0000000005095000 	/System/Library/PrivateFrameworks/DiskImages.framework/Versions/A/DiskImages
0x0000000005095000 	/System/Library/Frameworks/DiscRecording.framework/Versions/A/DiscRecording
0x0000000005095000 	/usr/lib/libcsfde.dylib
0x0000000005095000 	/usr/lib/libcurl.4.dylib
0x0000000005095000 	/System/Library/PrivateFrameworks/MediaKit.framework/Versions/A/MediaKit
0x0000000005095000 	/usr/lib/libCoreStorage.dylib
0x0000000005095000 	/System/Library/PrivateFrameworks/EFILogin.framework/Versions/A/EFILogin
0x0000000005095000 	/usr/lib/libutil.dylib
0x0000000005095000 	/System/Library/PrivateFrameworks/FindMyDevice.framework/Versions/A/FindMyDevice
0x0000000005095000 	/System/Library/Frameworks/LDAP.framework/Versions/A/LDAP
0x0000000005095000 	/usr/lib/libsasl2.2.dylib
0x0000000005095000 	/System/Library/PrivateFrameworks/CoreDaemon.framework/Versions/B/CoreDaemon
0x0000000005095000 	/usr/lib/libcrypto.0.9.8.dylib
0x0000000005095000 	/System/Library/PrivateFrameworks/AppleSRP.framework/Versions/A/AppleSRP
0x0000000005095000 	/System/Library/PrivateFrameworks/TrustEvaluationAgent.framework/Versions/A/TrustEvaluationAgent
0x0000000110c4b000 	cl_kernels
0x0000000110c4d000 	/System/Library/Frameworks/OpenCL.framework/Versions/A/Libraries/ImageFormats/unorm8_bgra.dylib
0x0000000110c3c000 	cl_kernels
0x0000000005095000 	/System/Library/PrivateFrameworks/FamilyControls.framework/Versions/A/FamilyControls
0x0000000005095000 	/System/Library/PrivateFrameworks/CommerceKit.framework/Versions/A/Frameworks/CommerceCore.framework/Versions/A/CommerceCore
0x0000000005095000 	/System/Library/PrivateFrameworks/SystemAdministration.framework/Versions/A/SystemAdministration
0x0000000005095000 	/System/Library/PrivateFrameworks/AppContainer.framework/Versions/A/AppContainer
0x0000000005095000 	/System/Library/PrivateFrameworks/SecCodeWrapper.framework/Versions/A/SecCodeWrapper
0x0000000005095000 	/System/Library/Frameworks/DirectoryService.framework/Versions/A/DirectoryService
0x0000000005095000 	/System/Library/PrivateFrameworks/LoginUIKit.framework/Versions/A/Frameworks/LoginUICore.framework/Versions/A/LoginUICore
0x0000000005095000 	/usr/lib/libodfde.dylib
0x0000000111f4e000 	/Library/Java/JavaVirtualMachines/jdk1.7.0_79.jdk/Contents/Home/jre/lib/libfontmanager.dylib
0x0000000111fb5000 	/private/var/folders/88/17bh8lj57g7clr2df1qr8vvw0000gp/T/libgdxEnglishWords/f7649394/liblwjgl.dylib
0x000000011017b000 	/Library/Java/JavaVirtualMachines/jdk1.7.0_79.jdk/Contents/Home/jre/lib/libjawt.dylib
0x0000000112037000 	/var/folders/88/17bh8lj57g7clr2df1qr8vvw0000gp/T/libgdxEnglishWords/f7649394/openal.dylib
0x00000001120a6000 	/System/Library/Components/CoreAudio.component/Contents/MacOS/CoreAudio
0x0000000110193000 	/System/Library/Extensions/AppleHDA.kext/Contents/PlugIns/AppleHDAHALPlugIn.bundle/Contents/MacOS/AppleHDAHALPlugIn
0x0000000005095000 	/System/Library/Frameworks/OpenGL.framework/Versions/A/Resources/GLEngine.bundle/GLEngine
0x0000000005095000 	/System/Library/Frameworks/OpenGL.framework/Versions/A/Libraries/libGLProgrammability.dylib
0x0000000112511000 	/System/Library/Extensions/AMDRadeonX3000GLDriver.bundle/Contents/MacOS/AMDRadeonX3000GLDriver
0x0000000005095000 	/System/Library/PrivateFrameworks/IOAccelerator.framework/Versions/A/IOAccelerator
0x0000000005095000 	/System/Library/PrivateFrameworks/GPUSupport.framework/Versions/A/Libraries/libGPUSupportMercury.dylib
0x0000000005095000 	/System/Library/Frameworks/OpenGL.framework/Versions/A/Resources/GLRendererFloat.bundle/GLRendererFloat
0x0000000113dc9000 	/private/var/folders/88/17bh8lj57g7clr2df1qr8vvw0000gp/T/libgdxEnglishWords/918f1e71/libgdx-freetype64.dylib
0x000000011002c000 	/private/var/folders/88/17bh8lj57g7clr2df1qr8vvw0000gp/T/libgdxEnglishWords/829212b4/libgdx-box2d64.dylib

VM Arguments:
jvm_args: -Didea.launcher.port=7541 -Didea.launcher.bin.path=/Applications/Android Studio.app/Contents/bin -Dfile.encoding=UTF-8 
java_command: com.intellij.rt.execution.application.AppMain com.pomavau.crimson.desktop.DesktopLauncher
Launcher Type: SUN_STANDARD

Environment Variables:
PATH=/usr/local/bin:/usr/bin:/bin:/usr/sbin:/sbin
SHELL=/bin/bash

Signal Handlers:
SIGSEGV: [libjvm.dylib+0x52daf1], sa_mask[0]=0xfffefeff, sa_flags=0x00000043
SIGBUS: [libjvm.dylib+0x52daf1], sa_mask[0]=0xfffefeff, sa_flags=0x00000042
SIGFPE: [libjvm.dylib+0x41f34e], sa_mask[0]=0xfffefeff, sa_flags=0x00000042
SIGPIPE: [libjvm.dylib+0x41f34e], sa_mask[0]=0xfffefeff, sa_flags=0x00000042
SIGXFSZ: [libjvm.dylib+0x41f34e], sa_mask[0]=0xfffefeff, sa_flags=0x00000042
SIGILL: [libjvm.dylib+0x41f34e], sa_mask[0]=0xfffefeff, sa_flags=0x00000042
SIGUSR1: SIG_DFL, sa_mask[0]=0x00000000, sa_flags=0x00000000
SIGUSR2: [libjvm.dylib+0x41ee40], sa_mask[0]=0x00000004, sa_flags=0x00000042
SIGHUP: [libjvm.dylib+0x41d0d1], sa_mask[0]=0xfffefeff, sa_flags=0x00000042
SIGINT: [libjvm.dylib+0x41d0d1], sa_mask[0]=0xfffefeff, sa_flags=0x00000042
SIGTERM: [libjvm.dylib+0x41d0d1], sa_mask[0]=0xfffefeff, sa_flags=0x00000042
SIGQUIT: [libjvm.dylib+0x41d0d1], sa_mask[0]=0xfffefeff, sa_flags=0x00000042


---------------  S Y S T E M  ---------------

OS:Bsduname:Darwin 14.5.0 Darwin Kernel Version 14.5.0: Wed Jul 29 02:26:53 PDT 2015; root:xnu-2782.40.9~1/RELEASE_X86_64 x86_64
rlimit: STACK 8192k, CORE 0k, NPROC 709, NOFILE 10240, AS infinity
load average:1.77 2.04 1.94

CPU:total 4 (4 cores per cpu, 1 threads per core) family 6 model 42 stepping 7, cmov, cx8, fxsr, mmx, sse, sse2, sse3, ssse3, sse4.1, sse4.2, popcnt, avx, aes, tsc, tscinvbit

Memory: 4k page, physical 8388608k(2097152k free)

/proc/meminfo:


vm_info: Java HotSpot(TM) 64-Bit Server VM (24.79-b02) for bsd-amd64 JRE (1.7.0_79-b15), built on Apr 10 2015 11:35:04 by "java_re" with gcc 4.2.1 (Based on Apple Inc. build 5658) (LLVM build 2336.11.00)

time: Tue May 17 17:17:18 2016
elapsed time: 76 seconds

